{"D:\\NEXUS-KERNEL\\src\\canonId.ts": {"path":"D:\\NEXUS-KERNEL\\src\\canonId.ts","statementMap":{"0":{"start":{"line":3,"column":23},"end":{"line":7,"column":null}}},"fnMap":{},"branchMap":{},"s":{"0":6},"f":{},"b":{},"meta":{"lastBranch":0,"lastFunction":0,"lastStatement":1,"seen":{"s:3:23:7:Infinity":0}}}
,"D:\\NEXUS-KERNEL\\src\\concept-registry.ts": {"path":"D:\\NEXUS-KERNEL\\src\\concept-registry.ts","statementMap":{"0":{"start":{"line":38,"column":24},"end":{"line":38,"column":null}},"1":{"start":{"line":39,"column":25},"end":{"line":39,"column":null}},"2":{"start":{"line":46,"column":2},"end":{"line":48,"column":null}},"3":{"start":{"line":47,"column":4},"end":{"line":47,"column":null}},"4":{"start":{"line":49,"column":2},"end":{"line":49,"column":null}},"5":{"start":{"line":50,"column":2},"end":{"line":50,"column":null}},"6":{"start":{"line":58,"column":14},"end":{"line":58,"column":null}},"7":{"start":{"line":59,"column":2},"end":{"line":61,"column":null}},"8":{"start":{"line":60,"column":4},"end":{"line":60,"column":null}},"9":{"start":{"line":62,"column":2},"end":{"line":62,"column":null}},"10":{"start":{"line":71,"column":2},"end":{"line":71,"column":null}},"11":{"start":{"line":81,"column":14},"end":{"line":81,"column":null}},"12":{"start":{"line":82,"column":2},"end":{"line":82,"column":null}},"13":{"start":{"line":89,"column":2},"end":{"line":89,"column":null}},"14":{"start":{"line":98,"column":2},"end":{"line":100,"column":null}},"15":{"start":{"line":99,"column":12},"end":{"line":99,"column":null}}},"fnMap":{"0":{"name":"defineConcept","decl":{"start":{"line":45,"column":16},"end":{"line":45,"column":30}},"loc":{"start":{"line":45,"column":73},"end":{"line":51,"column":null}},"line":45},"1":{"name":"registerValueSet","decl":{"start":{"line":57,"column":16},"end":{"line":57,"column":33}},"loc":{"start":{"line":57,"column":73},"end":{"line":63,"column":null}},"line":57},"2":{"name":"getConcept","decl":{"start":{"line":68,"column":16},"end":{"line":68,"column":null}},"loc":{"start":{"line":70,"column":33},"end":{"line":72,"column":null}},"line":70},"3":{"name":"getValueSet","decl":{"start":{"line":77,"column":16},"end":{"line":77,"column":null}},"loc":{"start":{"line":80,"column":38},"end":{"line":83,"column":null}},"line":80},"4":{"name":"listConcepts","decl":{"start":{"line":88,"column":16},"end":{"line":88,"column":52}},"loc":{"start":{"line":88,"column":52},"end":{"line":90,"column":null}},"line":88},"5":{"name":"listValueSets","decl":{"start":{"line":95,"column":16},"end":{"line":95,"column":null}},"loc":{"start":{"line":97,"column":28},"end":{"line":101,"column":null}},"line":97},"6":{"name":"(anonymous_6)","decl":{"start":{"line":99,"column":4},"end":{"line":99,"column":5}},"loc":{"start":{"line":99,"column":12},"end":{"line":99,"column":null}},"line":99}},"branchMap":{"0":{"loc":{"start":{"line":46,"column":2},"end":{"line":48,"column":null}},"type":"if","locations":[{"start":{"line":46,"column":2},"end":{"line":48,"column":null}},{"start":{},"end":{}}],"line":46},"1":{"loc":{"start":{"line":59,"column":2},"end":{"line":61,"column":null}},"type":"if","locations":[{"start":{"line":59,"column":2},"end":{"line":61,"column":null}},{"start":{},"end":{}}],"line":59}},"s":{"0":3,"1":3,"2":13,"3":1,"4":12,"5":12,"6":6,"7":6,"8":1,"9":5,"10":2,"11":2,"12":2,"13":1,"14":2,"15":10},"f":{"0":13,"1":6,"2":2,"3":2,"4":1,"5":2,"6":10},"b":{"0":[1,12],"1":[1,5]},"meta":{"lastBranch":2,"lastFunction":7,"lastStatement":16,"seen":{"s:38:24:38:Infinity":0,"s:39:25:39:Infinity":1,"f:45:16:45:30":0,"b:46:2:48:Infinity:undefined:undefined:undefined:undefined":0,"s:46:2:48:Infinity":2,"s:47:4:47:Infinity":3,"s:49:2:49:Infinity":4,"s:50:2:50:Infinity":5,"f:57:16:57:33":1,"s:58:14:58:Infinity":6,"b:59:2:61:Infinity:undefined:undefined:undefined:undefined":1,"s:59:2:61:Infinity":7,"s:60:4:60:Infinity":8,"s:62:2:62:Infinity":9,"f:68:16:68:Infinity":2,"s:71:2:71:Infinity":10,"f:77:16:77:Infinity":3,"s:81:14:81:Infinity":11,"s:82:2:82:Infinity":12,"f:88:16:88:52":4,"s:89:2:89:Infinity":13,"f:95:16:95:Infinity":5,"s:98:2:100:Infinity":14,"f:99:4:99:5":6,"s:99:12:99:Infinity":15}}}
,"D:\\NEXUS-KERNEL\\src\\concepts.ts": {"path":"D:\\NEXUS-KERNEL\\src\\concepts.ts","statementMap":{"0":{"start":{"line":29,"column":23},"end":{"line":402,"column":null}},"1":{"start":{"line":412,"column":68},"end":{"line":595,"column":null}},"2":{"start":{"line":600,"column":29},"end":{"line":600,"column":null}}},"fnMap":{},"branchMap":{},"s":{"0":8,"1":8,"2":8},"f":{},"b":{},"meta":{"lastBranch":0,"lastFunction":0,"lastStatement":3,"seen":{"s:29:23:402:Infinity":0,"s:412:68:595:Infinity":1,"s:600:29:600:Infinity":2}}}
,"D:\\NEXUS-KERNEL\\src\\design_system.ts": {"path":"D:\\NEXUS-KERNEL\\src\\design_system.ts","statementMap":{"0":{"start":{"line":22,"column":13},"end":{"line":28,"column":null}},"1":{"start":{"line":43,"column":34},"end":{"line":43,"column":null}}},"fnMap":{},"branchMap":{},"s":{"0":2,"1":2},"f":{},"b":{},"meta":{"lastBranch":0,"lastFunction":0,"lastStatement":2,"seen":{"s:22:13:28:Infinity":0,"s:43:34:43:Infinity":1}}}
,"D:\\NEXUS-KERNEL\\src\\document-types.ts": {"path":"D:\\NEXUS-KERNEL\\src\\document-types.ts","statementMap":{"0":{"start":{"line":50,"column":29},"end":{"line":73,"column":null}},"1":{"start":{"line":88,"column":4},"end":{"line":166,"column":null}},"2":{"start":{"line":171,"column":35},"end":{"line":171,"column":null}},"3":{"start":{"line":200,"column":2},"end":{"line":200,"column":null}},"4":{"start":{"line":207,"column":2},"end":{"line":207,"column":null}},"5":{"start":{"line":217,"column":16},"end":{"line":217,"column":null}},"6":{"start":{"line":218,"column":17},"end":{"line":218,"column":null}},"7":{"start":{"line":220,"column":2},"end":{"line":220,"column":null}},"8":{"start":{"line":230,"column":27},"end":{"line":230,"column":null}},"9":{"start":{"line":231,"column":17},"end":{"line":231,"column":null}},"10":{"start":{"line":233,"column":2},"end":{"line":249,"column":null}},"11":{"start":{"line":235,"column":27},"end":{"line":235,"column":null}},"12":{"start":{"line":236,"column":27},"end":{"line":236,"column":null}},"13":{"start":{"line":238,"column":4},"end":{"line":241,"column":null}},"14":{"start":{"line":239,"column":6},"end":{"line":239,"column":null}},"15":{"start":{"line":240,"column":6},"end":{"line":240,"column":null}},"16":{"start":{"line":243,"column":22},"end":{"line":243,"column":null}},"17":{"start":{"line":244,"column":4},"end":{"line":248,"column":null}},"18":{"start":{"line":245,"column":6},"end":{"line":247,"column":null}},"19":{"start":{"line":251,"column":2},"end":{"line":251,"column":null}}},"fnMap":{"0":{"name":"isValidDocumentType","decl":{"start":{"line":199,"column":16},"end":{"line":199,"column":36}},"loc":{"start":{"line":199,"column":74},"end":{"line":201,"column":null}},"line":199},"1":{"name":"getDocumentType","decl":{"start":{"line":206,"column":16},"end":{"line":206,"column":32}},"loc":{"start":{"line":206,"column":78},"end":{"line":208,"column":null}},"line":206},"2":{"name":"canReference","decl":{"start":{"line":213,"column":16},"end":{"line":213,"column":null}},"loc":{"start":{"line":216,"column":11},"end":{"line":221,"column":null}},"line":216},"3":{"name":"validateDerivationChain","decl":{"start":{"line":226,"column":16},"end":{"line":226,"column":null}},"loc":{"start":{"line":229,"column":40},"end":{"line":252,"column":null}},"line":229}},"branchMap":{"0":{"loc":{"start":{"line":238,"column":4},"end":{"line":241,"column":null}},"type":"if","locations":[{"start":{"line":238,"column":4},"end":{"line":241,"column":null}},{"start":{},"end":{}}],"line":238},"1":{"loc":{"start":{"line":244,"column":4},"end":{"line":248,"column":null}},"type":"if","locations":[{"start":{"line":244,"column":4},"end":{"line":248,"column":null}},{"start":{},"end":{}}],"line":244}},"s":{"0":2,"1":2,"2":2,"3":16,"4":2,"5":5,"6":5,"7":5,"8":7,"9":7,"10":7,"11":10,"12":10,"13":10,"14":1,"15":1,"16":9,"17":9,"18":3,"19":7},"f":{"0":16,"1":2,"2":5,"3":7},"b":{"0":[1,9],"1":[3,6]},"meta":{"lastBranch":2,"lastFunction":4,"lastStatement":20,"seen":{"s:50:29:73:Infinity":0,"s:88:4:166:Infinity":1,"s:171:35:171:Infinity":2,"f:199:16:199:36":0,"s:200:2:200:Infinity":3,"f:206:16:206:32":1,"s:207:2:207:Infinity":4,"f:213:16:213:Infinity":2,"s:217:16:217:Infinity":5,"s:218:17:218:Infinity":6,"s:220:2:220:Infinity":7,"f:226:16:226:Infinity":3,"s:230:27:230:Infinity":8,"s:231:17:231:Infinity":9,"s:233:2:249:Infinity":10,"s:235:27:235:Infinity":11,"s:236:27:236:Infinity":12,"b:238:4:241:Infinity:undefined:undefined:undefined:undefined":0,"s:238:4:241:Infinity":13,"s:239:6:239:Infinity":14,"s:240:6:240:Infinity":15,"s:243:22:243:Infinity":16,"b:244:4:248:Infinity:undefined:undefined:undefined:undefined":1,"s:244:4:248:Infinity":17,"s:245:6:247:Infinity":18,"s:251:2:251:Infinity":19}}}
,"D:\\NEXUS-KERNEL\\src\\errors.ts": {"path":"D:\\NEXUS-KERNEL\\src\\errors.ts","statementMap":{"0":{"start":{"line":17,"column":4},"end":{"line":17,"column":null}},"1":{"start":{"line":18,"column":4},"end":{"line":18,"column":null}},"2":{"start":{"line":19,"column":4},"end":{"line":19,"column":null}},"3":{"start":{"line":20,"column":4},"end":{"line":20,"column":null}},"4":{"start":{"line":24,"column":4},"end":{"line":24,"column":null}}},"fnMap":{"0":{"name":"(anonymous_0)","decl":{"start":{"line":16,"column":2},"end":{"line":16,"column":14}},"loc":{"start":{"line":16,"column":72},"end":{"line":21,"column":null}},"line":16},"1":{"name":"(anonymous_1)","decl":{"start":{"line":23,"column":2},"end":{"line":23,"column":11}},"loc":{"start":{"line":23,"column":11},"end":{"line":25,"column":null}},"line":23}},"branchMap":{},"s":{"0":48,"1":48,"2":48,"3":48,"4":2},"f":{"0":48,"1":2},"b":{},"meta":{"lastBranch":0,"lastFunction":2,"lastStatement":5,"seen":{"f:16:2:16:14":0,"s:17:4:17:Infinity":0,"s:18:4:18:Infinity":1,"s:19:4:19:Infinity":2,"s:20:4:20:Infinity":3,"f:23:2:23:11":1,"s:24:4:24:Infinity":4}}}
,"D:\\NEXUS-KERNEL\\src\\kernel.contract.ts": {"path":"D:\\NEXUS-KERNEL\\src\\kernel.contract.ts","statementMap":{"0":{"start":{"line":13,"column":37},"end":{"line":18,"column":null}},"1":{"start":{"line":25,"column":28},"end":{"line":42,"column":null}},"2":{"start":{"line":49,"column":34},"end":{"line":62,"column":null}},"3":{"start":{"line":69,"column":35},"end":{"line":86,"column":null}},"4":{"start":{"line":93,"column":32},"end":{"line":106,"column":null}},"5":{"start":{"line":113,"column":31},"end":{"line":140,"column":null}},"6":{"start":{"line":147,"column":41},"end":{"line":167,"column":null}},"7":{"start":{"line":174,"column":26},"end":{"line":204,"column":null}},"8":{"start":{"line":176,"column":39},"end":{"line":176,"column":null}},"9":{"start":{"line":180,"column":19},"end":{"line":180,"column":null}},"10":{"start":{"line":181,"column":4},"end":{"line":181,"column":null}},"11":{"start":{"line":187,"column":4},"end":{"line":187,"column":null}},"12":{"start":{"line":192,"column":4},"end":{"line":192,"column":null}},"13":{"start":{"line":197,"column":4},"end":{"line":197,"column":null}},"14":{"start":{"line":202,"column":4},"end":{"line":202,"column":null}},"15":{"start":{"line":210,"column":29},"end":{"line":223,"column":null}},"16":{"start":{"line":212,"column":37},"end":{"line":212,"column":null}},"17":{"start":{"line":216,"column":4},"end":{"line":216,"column":null}},"18":{"start":{"line":221,"column":4},"end":{"line":221,"column":null}}},"fnMap":{"0":{"name":"(anonymous_0)","decl":{"start":{"line":176,"column":13},"end":{"line":176,"column":14}},"loc":{"start":{"line":176,"column":39},"end":{"line":176,"column":null}},"line":176},"1":{"name":"(anonymous_1)","decl":{"start":{"line":179,"column":14},"end":{"line":179,"column":15}},"loc":{"start":{"line":179,"column":98},"end":{"line":182,"column":null}},"line":179},"2":{"name":"(anonymous_2)","decl":{"start":{"line":185,"column":11},"end":{"line":185,"column":12}},"loc":{"start":{"line":185,"column":53},"end":{"line":188,"column":null}},"line":185},"3":{"name":"(anonymous_3)","decl":{"start":{"line":191,"column":22},"end":{"line":191,"column":23}},"loc":{"start":{"line":191,"column":49},"end":{"line":193,"column":null}},"line":191},"4":{"name":"(anonymous_4)","decl":{"start":{"line":196,"column":23},"end":{"line":196,"column":24}},"loc":{"start":{"line":196,"column":50},"end":{"line":198,"column":null}},"line":196},"5":{"name":"(anonymous_5)","decl":{"start":{"line":201,"column":20},"end":{"line":201,"column":21}},"loc":{"start":{"line":201,"column":47},"end":{"line":203,"column":null}},"line":201},"6":{"name":"(anonymous_6)","decl":{"start":{"line":212,"column":11},"end":{"line":212,"column":12}},"loc":{"start":{"line":212,"column":37},"end":{"line":212,"column":null}},"line":212},"7":{"name":"(anonymous_7)","decl":{"start":{"line":215,"column":12},"end":{"line":215,"column":13}},"loc":{"start":{"line":215,"column":96},"end":{"line":217,"column":null}},"line":215},"8":{"name":"(anonymous_8)","decl":{"start":{"line":220,"column":9},"end":{"line":220,"column":10}},"loc":{"start":{"line":220,"column":78},"end":{"line":222,"column":null}},"line":220}},"branchMap":{"0":{"loc":{"start":{"line":179,"column":29},"end":{"line":179,"column":98}},"type":"default-arg","locations":[{"start":{"line":179,"column":77},"end":{"line":179,"column":98}}],"line":179},"1":{"loc":{"start":{"line":180,"column":19},"end":{"line":180,"column":null}},"type":"cond-expr","locations":[{"start":{"line":180,"column":47},"end":{"line":180,"column":58}},{"start":{"line":180,"column":58},"end":{"line":180,"column":null}}],"line":180},"2":{"loc":{"start":{"line":215,"column":27},"end":{"line":215,"column":96}},"type":"default-arg","locations":[{"start":{"line":215,"column":75},"end":{"line":215,"column":96}}],"line":215}},"s":{"0":2,"1":2,"2":2,"3":2,"4":2,"5":2,"6":2,"7":2,"8":4,"9":8,"10":8,"11":4,"12":12,"13":11,"14":13,"15":2,"16":2,"17":4,"18":2},"f":{"0":4,"1":8,"2":4,"3":12,"4":11,"5":13,"6":2,"7":4,"8":2},"b":{"0":[8],"1":[4,4],"2":[4]},"meta":{"lastBranch":3,"lastFunction":9,"lastStatement":19,"seen":{"s:13:37:18:Infinity":0,"s:25:28:42:Infinity":1,"s:49:34:62:Infinity":2,"s:69:35:86:Infinity":3,"s:93:32:106:Infinity":4,"s:113:31:140:Infinity":5,"s:147:41:167:Infinity":6,"s:174:26:204:Infinity":7,"f:176:13:176:14":0,"s:176:39:176:Infinity":8,"f:179:14:179:15":1,"b:179:77:179:98":0,"s:180:19:180:Infinity":9,"b:180:47:180:58:180:58:180:Infinity":1,"s:181:4:181:Infinity":10,"f:185:11:185:12":2,"s:187:4:187:Infinity":11,"f:191:22:191:23":3,"s:192:4:192:Infinity":12,"f:196:23:196:24":4,"s:197:4:197:Infinity":13,"f:201:20:201:21":5,"s:202:4:202:Infinity":14,"s:210:29:223:Infinity":15,"f:212:11:212:12":6,"s:212:37:212:Infinity":16,"f:215:12:215:13":7,"b:215:75:215:96":2,"s:216:4:216:Infinity":17,"f:220:9:220:10":8,"s:221:4:221:Infinity":18}}}
,"D:\\NEXUS-KERNEL\\src\\kernel.validation.cache.supabase.ts": {"path":"D:\\NEXUS-KERNEL\\src\\kernel.validation.cache.supabase.ts","statementMap":{"0":{"start":{"line":119,"column":18},"end":{"line":126,"column":null}},"1":{"start":{"line":129,"column":4},"end":{"line":129,"column":null}},"2":{"start":{"line":130,"column":4},"end":{"line":130,"column":null}},"3":{"start":{"line":131,"column":4},"end":{"line":131,"column":null}},"4":{"start":{"line":132,"column":4},"end":{"line":132,"column":null}},"5":{"start":{"line":139,"column":4},"end":{"line":139,"column":null}},"6":{"start":{"line":147,"column":4},"end":{"line":147,"column":null}},"7":{"start":{"line":157,"column":4},"end":{"line":157,"column":null}},"8":{"start":{"line":164,"column":22},"end":{"line":164,"column":null}},"9":{"start":{"line":165,"column":4},"end":{"line":165,"column":null}},"10":{"start":{"line":166,"column":4},"end":{"line":166,"column":null}},"11":{"start":{"line":173,"column":4},"end":{"line":202,"column":null}},"12":{"start":{"line":174,"column":18},"end":{"line":174,"column":null}},"13":{"start":{"line":177,"column":21},"end":{"line":180,"column":null}},"14":{"start":{"line":182,"column":6},"end":{"line":185,"column":null}},"15":{"start":{"line":184,"column":8},"end":{"line":184,"column":null}},"16":{"start":{"line":187,"column":6},"end":{"line":190,"column":null}},"17":{"start":{"line":188,"column":8},"end":{"line":188,"column":null}},"18":{"start":{"line":188,"column":30},"end":{"line":188,"column":null}},"19":{"start":{"line":189,"column":8},"end":{"line":189,"column":null}},"20":{"start":{"line":192,"column":20},"end":{"line":194,"column":null}},"21":{"start":{"line":196,"column":6},"end":{"line":196,"column":null}},"22":{"start":{"line":196,"column":28},"end":{"line":196,"column":null}},"23":{"start":{"line":197,"column":6},"end":{"line":197,"column":null}},"24":{"start":{"line":199,"column":6},"end":{"line":199,"column":null}},"25":{"start":{"line":200,"column":6},"end":{"line":200,"column":null}},"26":{"start":{"line":200,"column":28},"end":{"line":200,"column":null}},"27":{"start":{"line":201,"column":6},"end":{"line":201,"column":null}},"28":{"start":{"line":209,"column":19},"end":{"line":215,"column":null}},"29":{"start":{"line":217,"column":4},"end":{"line":220,"column":null}},"30":{"start":{"line":218,"column":6},"end":{"line":218,"column":null}},"31":{"start":{"line":218,"column":28},"end":{"line":218,"column":null}},"32":{"start":{"line":219,"column":6},"end":{"line":219,"column":null}},"33":{"start":{"line":222,"column":18},"end":{"line":222,"column":null}},"34":{"start":{"line":223,"column":4},"end":{"line":223,"column":null}},"35":{"start":{"line":223,"column":26},"end":{"line":223,"column":null}},"36":{"start":{"line":224,"column":4},"end":{"line":224,"column":null}},"37":{"start":{"line":231,"column":4},"end":{"line":257,"column":null}},"38":{"start":{"line":232,"column":18},"end":{"line":232,"column":null}},"39":{"start":{"line":233,"column":25},"end":{"line":233,"column":null}},"40":{"start":{"line":234,"column":24},"end":{"line":234,"column":null}},"41":{"start":{"line":237,"column":21},"end":{"line":242,"column":null}},"42":{"start":{"line":244,"column":6},"end":{"line":254,"column":null}},"43":{"start":{"line":246,"column":8},"end":{"line":253,"column":null}},"44":{"start":{"line":256,"column":6},"end":{"line":256,"column":null}},"45":{"start":{"line":264,"column":4},"end":{"line":307,"column":null}},"46":{"start":{"line":265,"column":18},"end":{"line":265,"column":null}},"47":{"start":{"line":267,"column":21},"end":{"line":270,"column":null}},"48":{"start":{"line":272,"column":6},"end":{"line":290,"column":null}},"49":{"start":{"line":274,"column":29},"end":{"line":280,"column":null}},"50":{"start":{"line":282,"column":8},"end":{"line":285,"column":null}},"51":{"start":{"line":283,"column":10},"end":{"line":283,"column":null}},"52":{"start":{"line":283,"column":32},"end":{"line":283,"column":null}},"53":{"start":{"line":284,"column":10},"end":{"line":284,"column":null}},"54":{"start":{"line":287,"column":22},"end":{"line":287,"column":null}},"55":{"start":{"line":288,"column":8},"end":{"line":288,"column":null}},"56":{"start":{"line":288,"column":30},"end":{"line":288,"column":null}},"57":{"start":{"line":289,"column":8},"end":{"line":289,"column":null}},"58":{"start":{"line":292,"column":6},"end":{"line":295,"column":null}},"59":{"start":{"line":293,"column":8},"end":{"line":293,"column":null}},"60":{"start":{"line":293,"column":30},"end":{"line":293,"column":null}},"61":{"start":{"line":294,"column":8},"end":{"line":294,"column":null}},"62":{"start":{"line":297,"column":20},"end":{"line":299,"column":null}},"63":{"start":{"line":301,"column":6},"end":{"line":301,"column":null}},"64":{"start":{"line":301,"column":28},"end":{"line":301,"column":null}},"65":{"start":{"line":302,"column":6},"end":{"line":302,"column":null}},"66":{"start":{"line":304,"column":6},"end":{"line":304,"column":null}},"67":{"start":{"line":305,"column":6},"end":{"line":305,"column":null}},"68":{"start":{"line":305,"column":28},"end":{"line":305,"column":null}},"69":{"start":{"line":306,"column":6},"end":{"line":306,"column":null}},"70":{"start":{"line":314,"column":4},"end":{"line":339,"column":null}},"71":{"start":{"line":315,"column":18},"end":{"line":315,"column":null}},"72":{"start":{"line":316,"column":25},"end":{"line":316,"column":null}},"73":{"start":{"line":317,"column":24},"end":{"line":317,"column":null}},"74":{"start":{"line":319,"column":21},"end":{"line":324,"column":null}},"75":{"start":{"line":326,"column":6},"end":{"line":336,"column":null}},"76":{"start":{"line":328,"column":8},"end":{"line":335,"column":null}},"77":{"start":{"line":338,"column":6},"end":{"line":338,"column":null}},"78":{"start":{"line":346,"column":4},"end":{"line":389,"column":null}},"79":{"start":{"line":347,"column":18},"end":{"line":347,"column":null}},"80":{"start":{"line":349,"column":21},"end":{"line":352,"column":null}},"81":{"start":{"line":354,"column":6},"end":{"line":372,"column":null}},"82":{"start":{"line":356,"column":29},"end":{"line":362,"column":null}},"83":{"start":{"line":364,"column":8},"end":{"line":367,"column":null}},"84":{"start":{"line":365,"column":10},"end":{"line":365,"column":null}},"85":{"start":{"line":365,"column":32},"end":{"line":365,"column":null}},"86":{"start":{"line":366,"column":10},"end":{"line":366,"column":null}},"87":{"start":{"line":369,"column":22},"end":{"line":369,"column":null}},"88":{"start":{"line":370,"column":8},"end":{"line":370,"column":null}},"89":{"start":{"line":370,"column":30},"end":{"line":370,"column":null}},"90":{"start":{"line":371,"column":8},"end":{"line":371,"column":null}},"91":{"start":{"line":374,"column":6},"end":{"line":377,"column":null}},"92":{"start":{"line":375,"column":8},"end":{"line":375,"column":null}},"93":{"start":{"line":375,"column":30},"end":{"line":375,"column":null}},"94":{"start":{"line":376,"column":8},"end":{"line":376,"column":null}},"95":{"start":{"line":379,"column":20},"end":{"line":381,"column":null}},"96":{"start":{"line":383,"column":6},"end":{"line":383,"column":null}},"97":{"start":{"line":383,"column":28},"end":{"line":383,"column":null}},"98":{"start":{"line":384,"column":6},"end":{"line":384,"column":null}},"99":{"start":{"line":386,"column":6},"end":{"line":386,"column":null}},"100":{"start":{"line":387,"column":6},"end":{"line":387,"column":null}},"101":{"start":{"line":387,"column":28},"end":{"line":387,"column":null}},"102":{"start":{"line":388,"column":6},"end":{"line":388,"column":null}},"103":{"start":{"line":396,"column":4},"end":{"line":421,"column":null}},"104":{"start":{"line":397,"column":18},"end":{"line":397,"column":null}},"105":{"start":{"line":398,"column":25},"end":{"line":398,"column":null}},"106":{"start":{"line":399,"column":24},"end":{"line":399,"column":null}},"107":{"start":{"line":401,"column":21},"end":{"line":406,"column":null}},"108":{"start":{"line":408,"column":6},"end":{"line":418,"column":null}},"109":{"start":{"line":410,"column":8},"end":{"line":417,"column":null}},"110":{"start":{"line":420,"column":6},"end":{"line":420,"column":null}},"111":{"start":{"line":428,"column":4},"end":{"line":446,"column":null}},"112":{"start":{"line":430,"column":6},"end":{"line":433,"column":null}},"113":{"start":{"line":436,"column":6},"end":{"line":443,"column":null}},"114":{"start":{"line":445,"column":6},"end":{"line":445,"column":null}},"115":{"start":{"line":453,"column":4},"end":{"line":470,"column":null}},"116":{"start":{"line":454,"column":21},"end":{"line":454,"column":null}},"117":{"start":{"line":455,"column":6},"end":{"line":464,"column":null}},"118":{"start":{"line":457,"column":29},"end":{"line":460,"column":null}},"119":{"start":{"line":463,"column":8},"end":{"line":463,"column":null}},"120":{"start":{"line":466,"column":6},"end":{"line":466,"column":null}},"121":{"start":{"line":468,"column":6},"end":{"line":468,"column":null}},"122":{"start":{"line":469,"column":6},"end":{"line":469,"column":null}},"123":{"start":{"line":482,"column":25},"end":{"line":482,"column":null}},"124":{"start":{"line":483,"column":26},"end":{"line":483,"column":null}},"125":{"start":{"line":484,"column":23},"end":{"line":484,"column":null}},"126":{"start":{"line":485,"column":22},"end":{"line":485,"column":null}},"127":{"start":{"line":486,"column":24},"end":{"line":486,"column":null}},"128":{"start":{"line":487,"column":26},"end":{"line":487,"column":null}},"129":{"start":{"line":489,"column":4},"end":{"line":514,"column":null}},"130":{"start":{"line":526,"column":26},"end":{"line":526,"column":null}},"131":{"start":{"line":529,"column":60},"end":{"line":529,"column":null}},"132":{"start":{"line":530,"column":4},"end":{"line":544,"column":null}},"133":{"start":{"line":531,"column":26},"end":{"line":531,"column":null}},"134":{"start":{"line":532,"column":6},"end":{"line":541,"column":null}},"135":{"start":{"line":533,"column":27},"end":{"line":535,"column":null}},"136":{"start":{"line":537,"column":8},"end":{"line":540,"column":null}},"137":{"start":{"line":538,"column":20},"end":{"line":538,"column":null}},"138":{"start":{"line":539,"column":10},"end":{"line":539,"column":null}},"139":{"start":{"line":546,"column":4},"end":{"line":565,"column":null}},"140":{"start":{"line":572,"column":4},"end":{"line":579,"column":null}},"141":{"start":{"line":604,"column":2},"end":{"line":604,"column":null}}},"fnMap":{"0":{"name":"(anonymous_0)","decl":{"start":{"line":128,"column":2},"end":{"line":128,"column":14}},"loc":{"start":{"line":128,"column":43},"end":{"line":133,"column":null}},"line":128},"1":{"name":"(anonymous_1)","decl":{"start":{"line":138,"column":10},"end":{"line":138,"column":17}},"loc":{"start":{"line":138,"column":79},"end":{"line":140,"column":null}},"line":138},"2":{"name":"(anonymous_2)","decl":{"start":{"line":146,"column":10},"end":{"line":146,"column":20}},"loc":{"start":{"line":146,"column":79},"end":{"line":148,"column":null}},"line":146},"3":{"name":"(anonymous_3)","decl":{"start":{"line":153,"column":10},"end":{"line":153,"column":null}},"loc":{"start":{"line":155,"column":7},"end":{"line":158,"column":null}},"line":155},"4":{"name":"(anonymous_4)","decl":{"start":{"line":163,"column":10},"end":{"line":163,"column":38}},"loc":{"start":{"line":163,"column":38},"end":{"line":167,"column":null}},"line":163},"5":{"name":"(anonymous_5)","decl":{"start":{"line":172,"column":8},"end":{"line":172,"column":19}},"loc":{"start":{"line":172,"column":68},"end":{"line":203,"column":null}},"line":172},"6":{"name":"(anonymous_6)","decl":{"start":{"line":208,"column":16},"end":{"line":208,"column":33}},"loc":{"start":{"line":208,"column":81},"end":{"line":225,"column":null}},"line":208},"7":{"name":"(anonymous_7)","decl":{"start":{"line":230,"column":8},"end":{"line":230,"column":19}},"loc":{"start":{"line":230,"column":69},"end":{"line":258,"column":null}},"line":230},"8":{"name":"(anonymous_8)","decl":{"start":{"line":263,"column":8},"end":{"line":263,"column":20}},"loc":{"start":{"line":263,"column":70},"end":{"line":308,"column":null}},"line":263},"9":{"name":"(anonymous_9)","decl":{"start":{"line":313,"column":8},"end":{"line":313,"column":20}},"loc":{"start":{"line":313,"column":71},"end":{"line":340,"column":null}},"line":313},"10":{"name":"(anonymous_10)","decl":{"start":{"line":345,"column":8},"end":{"line":345,"column":17}},"loc":{"start":{"line":345,"column":64},"end":{"line":390,"column":null}},"line":345},"11":{"name":"(anonymous_11)","decl":{"start":{"line":395,"column":8},"end":{"line":395,"column":17}},"loc":{"start":{"line":395,"column":65},"end":{"line":422,"column":null}},"line":395},"12":{"name":"(anonymous_12)","decl":{"start":{"line":427,"column":8},"end":{"line":427,"column":31}},"loc":{"start":{"line":427,"column":31},"end":{"line":447,"column":null}},"line":427},"13":{"name":"(anonymous_13)","decl":{"start":{"line":452,"column":8},"end":{"line":452,"column":40}},"loc":{"start":{"line":452,"column":40},"end":{"line":471,"column":null}},"line":452},"14":{"name":"(anonymous_14)","decl":{"start":{"line":476,"column":2},"end":{"line":476,"column":null}},"loc":{"start":{"line":481,"column":4},"end":{"line":515,"column":null}},"line":481},"15":{"name":"(anonymous_15)","decl":{"start":{"line":520,"column":8},"end":{"line":520,"column":null}},"loc":{"start":{"line":525,"column":5},"end":{"line":566,"column":null}},"line":525},"16":{"name":"(anonymous_16)","decl":{"start":{"line":571,"column":2},"end":{"line":571,"column":21}},"loc":{"start":{"line":571,"column":21},"end":{"line":580,"column":null}},"line":571},"17":{"name":"createSupabaseCache","decl":{"start":{"line":603,"column":16},"end":{"line":603,"column":36}},"loc":{"start":{"line":603,"column":90},"end":{"line":605,"column":null}},"line":603}},"branchMap":{"0":{"loc":{"start":{"line":130,"column":21},"end":{"line":130,"column":null}},"type":"binary-expr","locations":[{"start":{"line":130,"column":21},"end":{"line":130,"column":41}},{"start":{"line":130,"column":41},"end":{"line":130,"column":null}}],"line":130},"1":{"loc":{"start":{"line":131,"column":15},"end":{"line":131,"column":null}},"type":"binary-expr","locations":[{"start":{"line":131,"column":15},"end":{"line":131,"column":29}},{"start":{"line":131,"column":29},"end":{"line":131,"column":null}}],"line":131},"2":{"loc":{"start":{"line":182,"column":6},"end":{"line":185,"column":null}},"type":"if","locations":[{"start":{"line":182,"column":6},"end":{"line":185,"column":null}},{"start":{},"end":{}}],"line":182},"3":{"loc":{"start":{"line":187,"column":6},"end":{"line":190,"column":null}},"type":"if","locations":[{"start":{"line":187,"column":6},"end":{"line":190,"column":null}},{"start":{},"end":{}}],"line":187},"4":{"loc":{"start":{"line":187,"column":10},"end":{"line":187,"column":84}},"type":"binary-expr","locations":[{"start":{"line":187,"column":10},"end":{"line":187,"column":27}},{"start":{"line":187,"column":27},"end":{"line":187,"column":57}},{"start":{"line":187,"column":57},"end":{"line":187,"column":84}}],"line":187},"5":{"loc":{"start":{"line":188,"column":8},"end":{"line":188,"column":null}},"type":"if","locations":[{"start":{"line":188,"column":8},"end":{"line":188,"column":null}},{"start":{},"end":{}}],"line":188},"6":{"loc":{"start":{"line":192,"column":20},"end":{"line":194,"column":null}},"type":"cond-expr","locations":[{"start":{"line":193,"column":11},"end":{"line":193,"column":null}},{"start":{"line":194,"column":11},"end":{"line":194,"column":null}}],"line":192},"7":{"loc":{"start":{"line":196,"column":6},"end":{"line":196,"column":null}},"type":"if","locations":[{"start":{"line":196,"column":6},"end":{"line":196,"column":null}},{"start":{},"end":{}}],"line":196},"8":{"loc":{"start":{"line":200,"column":6},"end":{"line":200,"column":null}},"type":"if","locations":[{"start":{"line":200,"column":6},"end":{"line":200,"column":null}},{"start":{},"end":{}}],"line":200},"9":{"loc":{"start":{"line":217,"column":4},"end":{"line":220,"column":null}},"type":"if","locations":[{"start":{"line":217,"column":4},"end":{"line":220,"column":null}},{"start":{},"end":{}}],"line":217},"10":{"loc":{"start":{"line":217,"column":8},"end":{"line":217,"column":38}},"type":"binary-expr","locations":[{"start":{"line":217,"column":8},"end":{"line":217,"column":24}},{"start":{"line":217,"column":24},"end":{"line":217,"column":38}}],"line":217},"11":{"loc":{"start":{"line":218,"column":6},"end":{"line":218,"column":null}},"type":"if","locations":[{"start":{"line":218,"column":6},"end":{"line":218,"column":null}},{"start":{},"end":{}}],"line":218},"12":{"loc":{"start":{"line":223,"column":4},"end":{"line":223,"column":null}},"type":"if","locations":[{"start":{"line":223,"column":4},"end":{"line":223,"column":null}},{"start":{},"end":{}}],"line":223},"13":{"loc":{"start":{"line":244,"column":6},"end":{"line":254,"column":null}},"type":"if","locations":[{"start":{"line":244,"column":6},"end":{"line":254,"column":null}},{"start":{},"end":{}}],"line":244},"14":{"loc":{"start":{"line":272,"column":6},"end":{"line":290,"column":null}},"type":"if","locations":[{"start":{"line":272,"column":6},"end":{"line":290,"column":null}},{"start":{},"end":{}}],"line":272},"15":{"loc":{"start":{"line":282,"column":8},"end":{"line":285,"column":null}},"type":"if","locations":[{"start":{"line":282,"column":8},"end":{"line":285,"column":null}},{"start":{},"end":{}}],"line":282},"16":{"loc":{"start":{"line":282,"column":12},"end":{"line":282,"column":54}},"type":"binary-expr","locations":[{"start":{"line":282,"column":12},"end":{"line":282,"column":34}},{"start":{"line":282,"column":34},"end":{"line":282,"column":54}}],"line":282},"17":{"loc":{"start":{"line":283,"column":10},"end":{"line":283,"column":null}},"type":"if","locations":[{"start":{"line":283,"column":10},"end":{"line":283,"column":null}},{"start":{},"end":{}}],"line":283},"18":{"loc":{"start":{"line":288,"column":8},"end":{"line":288,"column":null}},"type":"if","locations":[{"start":{"line":288,"column":8},"end":{"line":288,"column":null}},{"start":{},"end":{}}],"line":288},"19":{"loc":{"start":{"line":292,"column":6},"end":{"line":295,"column":null}},"type":"if","locations":[{"start":{"line":292,"column":6},"end":{"line":295,"column":null}},{"start":{},"end":{}}],"line":292},"20":{"loc":{"start":{"line":292,"column":10},"end":{"line":292,"column":84}},"type":"binary-expr","locations":[{"start":{"line":292,"column":10},"end":{"line":292,"column":27}},{"start":{"line":292,"column":27},"end":{"line":292,"column":57}},{"start":{"line":292,"column":57},"end":{"line":292,"column":84}}],"line":292},"21":{"loc":{"start":{"line":293,"column":8},"end":{"line":293,"column":null}},"type":"if","locations":[{"start":{"line":293,"column":8},"end":{"line":293,"column":null}},{"start":{},"end":{}}],"line":293},"22":{"loc":{"start":{"line":297,"column":20},"end":{"line":299,"column":null}},"type":"cond-expr","locations":[{"start":{"line":298,"column":11},"end":{"line":298,"column":null}},{"start":{"line":299,"column":11},"end":{"line":299,"column":null}}],"line":297},"23":{"loc":{"start":{"line":301,"column":6},"end":{"line":301,"column":null}},"type":"if","locations":[{"start":{"line":301,"column":6},"end":{"line":301,"column":null}},{"start":{},"end":{}}],"line":301},"24":{"loc":{"start":{"line":305,"column":6},"end":{"line":305,"column":null}},"type":"if","locations":[{"start":{"line":305,"column":6},"end":{"line":305,"column":null}},{"start":{},"end":{}}],"line":305},"25":{"loc":{"start":{"line":326,"column":6},"end":{"line":336,"column":null}},"type":"if","locations":[{"start":{"line":326,"column":6},"end":{"line":336,"column":null}},{"start":{},"end":{}}],"line":326},"26":{"loc":{"start":{"line":354,"column":6},"end":{"line":372,"column":null}},"type":"if","locations":[{"start":{"line":354,"column":6},"end":{"line":372,"column":null}},{"start":{},"end":{}}],"line":354},"27":{"loc":{"start":{"line":364,"column":8},"end":{"line":367,"column":null}},"type":"if","locations":[{"start":{"line":364,"column":8},"end":{"line":367,"column":null}},{"start":{},"end":{}}],"line":364},"28":{"loc":{"start":{"line":364,"column":12},"end":{"line":364,"column":54}},"type":"binary-expr","locations":[{"start":{"line":364,"column":12},"end":{"line":364,"column":34}},{"start":{"line":364,"column":34},"end":{"line":364,"column":54}}],"line":364},"29":{"loc":{"start":{"line":365,"column":10},"end":{"line":365,"column":null}},"type":"if","locations":[{"start":{"line":365,"column":10},"end":{"line":365,"column":null}},{"start":{},"end":{}}],"line":365},"30":{"loc":{"start":{"line":370,"column":8},"end":{"line":370,"column":null}},"type":"if","locations":[{"start":{"line":370,"column":8},"end":{"line":370,"column":null}},{"start":{},"end":{}}],"line":370},"31":{"loc":{"start":{"line":374,"column":6},"end":{"line":377,"column":null}},"type":"if","locations":[{"start":{"line":374,"column":6},"end":{"line":377,"column":null}},{"start":{},"end":{}}],"line":374},"32":{"loc":{"start":{"line":374,"column":10},"end":{"line":374,"column":84}},"type":"binary-expr","locations":[{"start":{"line":374,"column":10},"end":{"line":374,"column":27}},{"start":{"line":374,"column":27},"end":{"line":374,"column":57}},{"start":{"line":374,"column":57},"end":{"line":374,"column":84}}],"line":374},"33":{"loc":{"start":{"line":375,"column":8},"end":{"line":375,"column":null}},"type":"if","locations":[{"start":{"line":375,"column":8},"end":{"line":375,"column":null}},{"start":{},"end":{}}],"line":375},"34":{"loc":{"start":{"line":379,"column":20},"end":{"line":381,"column":null}},"type":"cond-expr","locations":[{"start":{"line":380,"column":11},"end":{"line":380,"column":null}},{"start":{"line":381,"column":11},"end":{"line":381,"column":null}}],"line":379},"35":{"loc":{"start":{"line":383,"column":6},"end":{"line":383,"column":null}},"type":"if","locations":[{"start":{"line":383,"column":6},"end":{"line":383,"column":null}},{"start":{},"end":{}}],"line":383},"36":{"loc":{"start":{"line":387,"column":6},"end":{"line":387,"column":null}},"type":"if","locations":[{"start":{"line":387,"column":6},"end":{"line":387,"column":null}},{"start":{},"end":{}}],"line":387},"37":{"loc":{"start":{"line":408,"column":6},"end":{"line":418,"column":null}},"type":"if","locations":[{"start":{"line":408,"column":6},"end":{"line":418,"column":null}},{"start":{},"end":{}}],"line":408},"38":{"loc":{"start":{"line":455,"column":6},"end":{"line":464,"column":null}},"type":"if","locations":[{"start":{"line":455,"column":6},"end":{"line":464,"column":null}},{"start":{},"end":{}}],"line":455},"39":{"loc":{"start":{"line":463,"column":15},"end":{"line":463,"column":null}},"type":"cond-expr","locations":[{"start":{"line":463,"column":50},"end":{"line":463,"column":77}},{"start":{"line":463,"column":77},"end":{"line":463,"column":null}}],"line":463},"40":{"loc":{"start":{"line":493,"column":17},"end":{"line":493,"column":null}},"type":"cond-expr","locations":[{"start":{"line":493,"column":36},"end":{"line":493,"column":76}},{"start":{"line":493,"column":76},"end":{"line":493,"column":null}}],"line":493},"41":{"loc":{"start":{"line":499,"column":17},"end":{"line":499,"column":null}},"type":"cond-expr","locations":[{"start":{"line":499,"column":37},"end":{"line":499,"column":79}},{"start":{"line":499,"column":79},"end":{"line":499,"column":null}}],"line":499},"42":{"loc":{"start":{"line":505,"column":17},"end":{"line":505,"column":null}},"type":"cond-expr","locations":[{"start":{"line":505,"column":34},"end":{"line":505,"column":70}},{"start":{"line":505,"column":70},"end":{"line":505,"column":null}}],"line":505},"43":{"loc":{"start":{"line":511,"column":17},"end":{"line":511,"column":null}},"type":"cond-expr","locations":[{"start":{"line":511,"column":37},"end":{"line":511,"column":65}},{"start":{"line":511,"column":65},"end":{"line":511,"column":null}}],"line":511},"44":{"loc":{"start":{"line":532,"column":6},"end":{"line":541,"column":null}},"type":"if","locations":[{"start":{"line":532,"column":6},"end":{"line":541,"column":null}},{"start":{},"end":{}}],"line":532},"45":{"loc":{"start":{"line":532,"column":10},"end":{"line":532,"column":50}},"type":"binary-expr","locations":[{"start":{"line":532,"column":10},"end":{"line":532,"column":32}},{"start":{"line":532,"column":32},"end":{"line":532,"column":50}}],"line":532},"46":{"loc":{"start":{"line":533,"column":27},"end":{"line":535,"column":null}},"type":"cond-expr","locations":[{"start":{"line":534,"column":12},"end":{"line":534,"column":null}},{"start":{"line":535,"column":12},"end":{"line":535,"column":null}}],"line":533},"47":{"loc":{"start":{"line":549,"column":14},"end":{"line":549,"column":null}},"type":"binary-expr","locations":[{"start":{"line":549,"column":14},"end":{"line":549,"column":47}},{"start":{"line":549,"column":47},"end":{"line":549,"column":null}}],"line":549},"48":{"loc":{"start":{"line":553,"column":14},"end":{"line":553,"column":null}},"type":"binary-expr","locations":[{"start":{"line":553,"column":14},"end":{"line":553,"column":48}},{"start":{"line":553,"column":48},"end":{"line":553,"column":null}}],"line":553},"49":{"loc":{"start":{"line":557,"column":14},"end":{"line":557,"column":null}},"type":"binary-expr","locations":[{"start":{"line":557,"column":14},"end":{"line":557,"column":45}},{"start":{"line":557,"column":45},"end":{"line":557,"column":null}}],"line":557},"50":{"loc":{"start":{"line":561,"column":15},"end":{"line":561,"column":null}},"type":"binary-expr","locations":[{"start":{"line":561,"column":15},"end":{"line":561,"column":48}},{"start":{"line":561,"column":48},"end":{"line":561,"column":null}}],"line":561},"51":{"loc":{"start":{"line":562,"column":15},"end":{"line":562,"column":null}},"type":"binary-expr","locations":[{"start":{"line":562,"column":15},"end":{"line":562,"column":49}},{"start":{"line":562,"column":49},"end":{"line":562,"column":null}}],"line":562},"52":{"loc":{"start":{"line":563,"column":15},"end":{"line":563,"column":null}},"type":"binary-expr","locations":[{"start":{"line":563,"column":15},"end":{"line":563,"column":46}},{"start":{"line":563,"column":46},"end":{"line":563,"column":null}}],"line":563}},"s":{"0":10,"1":10,"2":10,"3":10,"4":10,"5":8,"6":4,"7":3,"8":4,"9":4,"10":4,"11":2,"12":2,"13":2,"14":2,"15":0,"16":2,"17":1,"18":1,"19":1,"20":1,"21":2,"22":1,"23":1,"24":0,"25":0,"26":0,"27":0,"28":0,"29":0,"30":0,"31":0,"32":0,"33":0,"34":0,"35":0,"36":0,"37":2,"38":2,"39":2,"40":2,"41":2,"42":2,"43":0,"44":0,"45":1,"46":1,"47":1,"48":1,"49":0,"50":0,"51":0,"52":0,"53":0,"54":0,"55":0,"56":0,"57":0,"58":1,"59":0,"60":0,"61":0,"62":1,"63":1,"64":1,"65":1,"66":0,"67":0,"68":0,"69":0,"70":1,"71":1,"72":1,"73":1,"74":1,"75":1,"76":0,"77":0,"78":1,"79":1,"80":1,"81":1,"82":0,"83":0,"84":0,"85":0,"86":0,"87":0,"88":0,"89":0,"90":0,"91":1,"92":0,"93":0,"94":0,"95":1,"96":1,"97":1,"98":1,"99":0,"100":0,"101":0,"102":0,"103":1,"104":1,"105":1,"106":1,"107":1,"108":1,"109":0,"110":0,"111":1,"112":1,"113":1,"114":0,"115":1,"116":1,"117":1,"118":0,"119":0,"120":1,"121":0,"122":0,"123":3,"124":3,"125":3,"126":3,"127":3,"128":3,"129":3,"130":1,"131":1,"132":1,"133":1,"134":1,"135":1,"136":1,"137":3,"138":3,"139":1,"140":1,"141":10},"f":{"0":10,"1":8,"2":4,"3":3,"4":4,"5":2,"6":0,"7":2,"8":1,"9":1,"10":1,"11":1,"12":1,"13":1,"14":3,"15":1,"16":1,"17":10},"b":{"0":[10,0],"1":[10,0],"2":[0,2],"3":[1,1],"4":[2,2,2],"5":[1,0],"6":[1,0],"7":[1,1],"8":[0,0],"9":[0,0],"10":[0,0],"11":[0,0],"12":[0,0],"13":[0,2],"14":[0,1],"15":[0,0],"16":[0,0],"17":[0,0],"18":[0,0],"19":[0,1],"20":[1,1,1],"21":[0,0],"22":[1,0],"23":[1,0],"24":[0,0],"25":[0,1],"26":[0,1],"27":[0,0],"28":[0,0],"29":[0,0],"30":[0,0],"31":[0,1],"32":[1,1,1],"33":[0,0],"34":[1,0],"35":[1,0],"36":[0,0],"37":[0,1],"38":[0,1],"39":[0,0],"40":[0,3],"41":[0,3],"42":[0,3],"43":[0,3],"44":[1,0],"45":[1,1],"46":[1,0],"47":[1,0],"48":[1,0],"49":[1,0],"50":[1,0],"51":[1,0],"52":[1,0]},"meta":{"lastBranch":53,"lastFunction":18,"lastStatement":142,"seen":{"s:119:18:126:Infinity":0,"f:128:2:128:14":0,"s:129:4:129:Infinity":1,"s:130:4:130:Infinity":2,"b:130:21:130:41:130:41:130:Infinity":0,"s:131:4:131:Infinity":3,"b:131:15:131:29:131:29:131:Infinity":1,"s:132:4:132:Infinity":4,"f:138:10:138:17":1,"s:139:4:139:Infinity":5,"f:146:10:146:20":2,"s:147:4:147:Infinity":6,"f:153:10:153:Infinity":3,"s:157:4:157:Infinity":7,"f:163:10:163:38":4,"s:164:22:164:Infinity":8,"s:165:4:165:Infinity":9,"s:166:4:166:Infinity":10,"f:172:8:172:19":5,"s:173:4:202:Infinity":11,"s:174:18:174:Infinity":12,"s:177:21:180:Infinity":13,"b:182:6:185:Infinity:undefined:undefined:undefined:undefined":2,"s:182:6:185:Infinity":14,"s:184:8:184:Infinity":15,"b:187:6:190:Infinity:undefined:undefined:undefined:undefined":3,"s:187:6:190:Infinity":16,"b:187:10:187:27:187:27:187:57:187:57:187:84":4,"b:188:8:188:Infinity:undefined:undefined:undefined:undefined":5,"s:188:8:188:Infinity":17,"s:188:30:188:Infinity":18,"s:189:8:189:Infinity":19,"s:192:20:194:Infinity":20,"b:193:11:193:Infinity:194:11:194:Infinity":6,"b:196:6:196:Infinity:undefined:undefined:undefined:undefined":7,"s:196:6:196:Infinity":21,"s:196:28:196:Infinity":22,"s:197:6:197:Infinity":23,"s:199:6:199:Infinity":24,"b:200:6:200:Infinity:undefined:undefined:undefined:undefined":8,"s:200:6:200:Infinity":25,"s:200:28:200:Infinity":26,"s:201:6:201:Infinity":27,"f:208:16:208:33":6,"s:209:19:215:Infinity":28,"b:217:4:220:Infinity:undefined:undefined:undefined:undefined":9,"s:217:4:220:Infinity":29,"b:217:8:217:24:217:24:217:38":10,"b:218:6:218:Infinity:undefined:undefined:undefined:undefined":11,"s:218:6:218:Infinity":30,"s:218:28:218:Infinity":31,"s:219:6:219:Infinity":32,"s:222:18:222:Infinity":33,"b:223:4:223:Infinity:undefined:undefined:undefined:undefined":12,"s:223:4:223:Infinity":34,"s:223:26:223:Infinity":35,"s:224:4:224:Infinity":36,"f:230:8:230:19":7,"s:231:4:257:Infinity":37,"s:232:18:232:Infinity":38,"s:233:25:233:Infinity":39,"s:234:24:234:Infinity":40,"s:237:21:242:Infinity":41,"b:244:6:254:Infinity:undefined:undefined:undefined:undefined":13,"s:244:6:254:Infinity":42,"s:246:8:253:Infinity":43,"s:256:6:256:Infinity":44,"f:263:8:263:20":8,"s:264:4:307:Infinity":45,"s:265:18:265:Infinity":46,"s:267:21:270:Infinity":47,"b:272:6:290:Infinity:undefined:undefined:undefined:undefined":14,"s:272:6:290:Infinity":48,"s:274:29:280:Infinity":49,"b:282:8:285:Infinity:undefined:undefined:undefined:undefined":15,"s:282:8:285:Infinity":50,"b:282:12:282:34:282:34:282:54":16,"b:283:10:283:Infinity:undefined:undefined:undefined:undefined":17,"s:283:10:283:Infinity":51,"s:283:32:283:Infinity":52,"s:284:10:284:Infinity":53,"s:287:22:287:Infinity":54,"b:288:8:288:Infinity:undefined:undefined:undefined:undefined":18,"s:288:8:288:Infinity":55,"s:288:30:288:Infinity":56,"s:289:8:289:Infinity":57,"b:292:6:295:Infinity:undefined:undefined:undefined:undefined":19,"s:292:6:295:Infinity":58,"b:292:10:292:27:292:27:292:57:292:57:292:84":20,"b:293:8:293:Infinity:undefined:undefined:undefined:undefined":21,"s:293:8:293:Infinity":59,"s:293:30:293:Infinity":60,"s:294:8:294:Infinity":61,"s:297:20:299:Infinity":62,"b:298:11:298:Infinity:299:11:299:Infinity":22,"b:301:6:301:Infinity:undefined:undefined:undefined:undefined":23,"s:301:6:301:Infinity":63,"s:301:28:301:Infinity":64,"s:302:6:302:Infinity":65,"s:304:6:304:Infinity":66,"b:305:6:305:Infinity:undefined:undefined:undefined:undefined":24,"s:305:6:305:Infinity":67,"s:305:28:305:Infinity":68,"s:306:6:306:Infinity":69,"f:313:8:313:20":9,"s:314:4:339:Infinity":70,"s:315:18:315:Infinity":71,"s:316:25:316:Infinity":72,"s:317:24:317:Infinity":73,"s:319:21:324:Infinity":74,"b:326:6:336:Infinity:undefined:undefined:undefined:undefined":25,"s:326:6:336:Infinity":75,"s:328:8:335:Infinity":76,"s:338:6:338:Infinity":77,"f:345:8:345:17":10,"s:346:4:389:Infinity":78,"s:347:18:347:Infinity":79,"s:349:21:352:Infinity":80,"b:354:6:372:Infinity:undefined:undefined:undefined:undefined":26,"s:354:6:372:Infinity":81,"s:356:29:362:Infinity":82,"b:364:8:367:Infinity:undefined:undefined:undefined:undefined":27,"s:364:8:367:Infinity":83,"b:364:12:364:34:364:34:364:54":28,"b:365:10:365:Infinity:undefined:undefined:undefined:undefined":29,"s:365:10:365:Infinity":84,"s:365:32:365:Infinity":85,"s:366:10:366:Infinity":86,"s:369:22:369:Infinity":87,"b:370:8:370:Infinity:undefined:undefined:undefined:undefined":30,"s:370:8:370:Infinity":88,"s:370:30:370:Infinity":89,"s:371:8:371:Infinity":90,"b:374:6:377:Infinity:undefined:undefined:undefined:undefined":31,"s:374:6:377:Infinity":91,"b:374:10:374:27:374:27:374:57:374:57:374:84":32,"b:375:8:375:Infinity:undefined:undefined:undefined:undefined":33,"s:375:8:375:Infinity":92,"s:375:30:375:Infinity":93,"s:376:8:376:Infinity":94,"s:379:20:381:Infinity":95,"b:380:11:380:Infinity:381:11:381:Infinity":34,"b:383:6:383:Infinity:undefined:undefined:undefined:undefined":35,"s:383:6:383:Infinity":96,"s:383:28:383:Infinity":97,"s:384:6:384:Infinity":98,"s:386:6:386:Infinity":99,"b:387:6:387:Infinity:undefined:undefined:undefined:undefined":36,"s:387:6:387:Infinity":100,"s:387:28:387:Infinity":101,"s:388:6:388:Infinity":102,"f:395:8:395:17":11,"s:396:4:421:Infinity":103,"s:397:18:397:Infinity":104,"s:398:25:398:Infinity":105,"s:399:24:399:Infinity":106,"s:401:21:406:Infinity":107,"b:408:6:418:Infinity:undefined:undefined:undefined:undefined":37,"s:408:6:418:Infinity":108,"s:410:8:417:Infinity":109,"s:420:6:420:Infinity":110,"f:427:8:427:31":12,"s:428:4:446:Infinity":111,"s:430:6:433:Infinity":112,"s:436:6:443:Infinity":113,"s:445:6:445:Infinity":114,"f:452:8:452:40":13,"s:453:4:470:Infinity":115,"s:454:21:454:Infinity":116,"b:455:6:464:Infinity:undefined:undefined:undefined:undefined":38,"s:455:6:464:Infinity":117,"s:457:29:460:Infinity":118,"s:463:8:463:Infinity":119,"b:463:50:463:77:463:77:463:Infinity":39,"s:466:6:466:Infinity":120,"s:468:6:468:Infinity":121,"s:469:6:469:Infinity":122,"f:476:2:476:Infinity":14,"s:482:25:482:Infinity":123,"s:483:26:483:Infinity":124,"s:484:23:484:Infinity":125,"s:485:22:485:Infinity":126,"s:486:24:486:Infinity":127,"s:487:26:487:Infinity":128,"s:489:4:514:Infinity":129,"b:493:36:493:76:493:76:493:Infinity":40,"b:499:37:499:79:499:79:499:Infinity":41,"b:505:34:505:70:505:70:505:Infinity":42,"b:511:37:511:65:511:65:511:Infinity":43,"f:520:8:520:Infinity":15,"s:526:26:526:Infinity":130,"s:529:60:529:Infinity":131,"s:530:4:544:Infinity":132,"s:531:26:531:Infinity":133,"b:532:6:541:Infinity:undefined:undefined:undefined:undefined":44,"s:532:6:541:Infinity":134,"b:532:10:532:32:532:32:532:50":45,"s:533:27:535:Infinity":135,"b:534:12:534:Infinity:535:12:535:Infinity":46,"s:537:8:540:Infinity":136,"s:538:20:538:Infinity":137,"s:539:10:539:Infinity":138,"s:546:4:565:Infinity":139,"b:549:14:549:47:549:47:549:Infinity":47,"b:553:14:553:48:553:48:553:Infinity":48,"b:557:14:557:45:557:45:557:Infinity":49,"b:561:15:561:48:561:48:561:Infinity":50,"b:562:15:562:49:562:49:562:Infinity":51,"b:563:15:563:46:563:46:563:Infinity":52,"f:571:2:571:21":16,"s:572:4:579:Infinity":140,"f:603:16:603:36":17,"s:604:2:604:Infinity":141}}}
,"D:\\NEXUS-KERNEL\\src\\kernel.validation.cache.ts": {"path":"D:\\NEXUS-KERNEL\\src\\kernel.validation.cache.ts","statementMap":{"0":{"start":{"line":13,"column":18},"end":{"line":13,"column":null}},"1":{"start":{"line":17,"column":4},"end":{"line":17,"column":null}},"2":{"start":{"line":21,"column":18},"end":{"line":21,"column":null}},"3":{"start":{"line":22,"column":4},"end":{"line":26,"column":null}},"4":{"start":{"line":24,"column":6},"end":{"line":24,"column":null}},"5":{"start":{"line":25,"column":6},"end":{"line":25,"column":null}},"6":{"start":{"line":27,"column":4},"end":{"line":27,"column":null}},"7":{"start":{"line":31,"column":4},"end":{"line":40,"column":null}},"8":{"start":{"line":33,"column":6},"end":{"line":33,"column":null}},"9":{"start":{"line":34,"column":4},"end":{"line":40,"column":null}},"10":{"start":{"line":36,"column":23},"end":{"line":36,"column":null}},"11":{"start":{"line":37,"column":6},"end":{"line":39,"column":null}},"12":{"start":{"line":38,"column":8},"end":{"line":38,"column":null}},"13":{"start":{"line":41,"column":4},"end":{"line":41,"column":null}},"14":{"start":{"line":45,"column":4},"end":{"line":45,"column":null}},"15":{"start":{"line":49,"column":4},"end":{"line":49,"column":null}},"16":{"start":{"line":73,"column":25},"end":{"line":73,"column":null}},"17":{"start":{"line":74,"column":26},"end":{"line":74,"column":null}},"18":{"start":{"line":75,"column":23},"end":{"line":75,"column":null}},"19":{"start":{"line":78,"column":29},"end":{"line":78,"column":null}},"20":{"start":{"line":79,"column":30},"end":{"line":79,"column":null}},"21":{"start":{"line":80,"column":27},"end":{"line":80,"column":null}},"22":{"start":{"line":83,"column":18},"end":{"line":90,"column":null}},"23":{"start":{"line":92,"column":20},"end":{"line":92,"column":null}},"24":{"start":{"line":98,"column":4},"end":{"line":98,"column":null}},"25":{"start":{"line":106,"column":4},"end":{"line":106,"column":null}},"26":{"start":{"line":107,"column":4},"end":{"line":107,"column":null}},"27":{"start":{"line":108,"column":4},"end":{"line":108,"column":null}},"28":{"start":{"line":111,"column":4},"end":{"line":111,"column":null}},"29":{"start":{"line":112,"column":4},"end":{"line":112,"column":null}},"30":{"start":{"line":113,"column":4},"end":{"line":113,"column":null}},"31":{"start":{"line":116,"column":4},"end":{"line":123,"column":null}},"32":{"start":{"line":130,"column":4},"end":{"line":130,"column":null}},"33":{"start":{"line":130,"column":23},"end":{"line":130,"column":null}},"34":{"start":{"line":132,"column":4},"end":{"line":140,"column":null}},"35":{"start":{"line":133,"column":21},"end":{"line":133,"column":null}},"36":{"start":{"line":134,"column":6},"end":{"line":137,"column":null}},"37":{"start":{"line":135,"column":8},"end":{"line":135,"column":null}},"38":{"start":{"line":136,"column":8},"end":{"line":136,"column":null}},"39":{"start":{"line":138,"column":6},"end":{"line":138,"column":null}},"40":{"start":{"line":139,"column":6},"end":{"line":139,"column":null}},"41":{"start":{"line":142,"column":19},"end":{"line":142,"column":null}},"42":{"start":{"line":143,"column":4},"end":{"line":147,"column":null}},"43":{"start":{"line":144,"column":6},"end":{"line":144,"column":null}},"44":{"start":{"line":146,"column":6},"end":{"line":146,"column":null}},"45":{"start":{"line":148,"column":4},"end":{"line":148,"column":null}},"46":{"start":{"line":155,"column":4},"end":{"line":155,"column":null}},"47":{"start":{"line":155,"column":23},"end":{"line":155,"column":null}},"48":{"start":{"line":157,"column":4},"end":{"line":165,"column":null}},"49":{"start":{"line":158,"column":6},"end":{"line":158,"column":null}},"50":{"start":{"line":160,"column":6},"end":{"line":160,"column":null}},"51":{"start":{"line":162,"column":6},"end":{"line":164,"column":null}},"52":{"start":{"line":163,"column":8},"end":{"line":163,"column":null}},"53":{"start":{"line":172,"column":4},"end":{"line":172,"column":null}},"54":{"start":{"line":172,"column":23},"end":{"line":172,"column":null}},"55":{"start":{"line":174,"column":4},"end":{"line":182,"column":null}},"56":{"start":{"line":175,"column":21},"end":{"line":175,"column":null}},"57":{"start":{"line":176,"column":6},"end":{"line":179,"column":null}},"58":{"start":{"line":177,"column":8},"end":{"line":177,"column":null}},"59":{"start":{"line":178,"column":8},"end":{"line":178,"column":null}},"60":{"start":{"line":180,"column":6},"end":{"line":180,"column":null}},"61":{"start":{"line":181,"column":6},"end":{"line":181,"column":null}},"62":{"start":{"line":184,"column":19},"end":{"line":184,"column":null}},"63":{"start":{"line":185,"column":4},"end":{"line":189,"column":null}},"64":{"start":{"line":186,"column":6},"end":{"line":186,"column":null}},"65":{"start":{"line":188,"column":6},"end":{"line":188,"column":null}},"66":{"start":{"line":190,"column":4},"end":{"line":190,"column":null}},"67":{"start":{"line":197,"column":4},"end":{"line":197,"column":null}},"68":{"start":{"line":197,"column":23},"end":{"line":197,"column":null}},"69":{"start":{"line":199,"column":4},"end":{"line":207,"column":null}},"70":{"start":{"line":200,"column":6},"end":{"line":200,"column":null}},"71":{"start":{"line":202,"column":6},"end":{"line":202,"column":null}},"72":{"start":{"line":204,"column":6},"end":{"line":206,"column":null}},"73":{"start":{"line":205,"column":8},"end":{"line":205,"column":null}},"74":{"start":{"line":214,"column":4},"end":{"line":214,"column":null}},"75":{"start":{"line":214,"column":23},"end":{"line":214,"column":null}},"76":{"start":{"line":216,"column":4},"end":{"line":224,"column":null}},"77":{"start":{"line":217,"column":21},"end":{"line":217,"column":null}},"78":{"start":{"line":218,"column":6},"end":{"line":221,"column":null}},"79":{"start":{"line":219,"column":8},"end":{"line":219,"column":null}},"80":{"start":{"line":220,"column":8},"end":{"line":220,"column":null}},"81":{"start":{"line":222,"column":6},"end":{"line":222,"column":null}},"82":{"start":{"line":223,"column":6},"end":{"line":223,"column":null}},"83":{"start":{"line":226,"column":19},"end":{"line":226,"column":null}},"84":{"start":{"line":227,"column":4},"end":{"line":231,"column":null}},"85":{"start":{"line":228,"column":6},"end":{"line":228,"column":null}},"86":{"start":{"line":230,"column":6},"end":{"line":230,"column":null}},"87":{"start":{"line":232,"column":4},"end":{"line":232,"column":null}},"88":{"start":{"line":239,"column":4},"end":{"line":239,"column":null}},"89":{"start":{"line":239,"column":23},"end":{"line":239,"column":null}},"90":{"start":{"line":241,"column":4},"end":{"line":248,"column":null}},"91":{"start":{"line":242,"column":6},"end":{"line":242,"column":null}},"92":{"start":{"line":244,"column":6},"end":{"line":244,"column":null}},"93":{"start":{"line":246,"column":23},"end":{"line":246,"column":null}},"94":{"start":{"line":247,"column":6},"end":{"line":247,"column":null}},"95":{"start":{"line":260,"column":25},"end":{"line":260,"column":null}},"96":{"start":{"line":261,"column":26},"end":{"line":261,"column":null}},"97":{"start":{"line":262,"column":23},"end":{"line":262,"column":null}},"98":{"start":{"line":263,"column":22},"end":{"line":263,"column":null}},"99":{"start":{"line":264,"column":24},"end":{"line":264,"column":null}},"100":{"start":{"line":265,"column":26},"end":{"line":265,"column":null}},"101":{"start":{"line":267,"column":4},"end":{"line":292,"column":null}},"102":{"start":{"line":299,"column":4},"end":{"line":306,"column":null}},"103":{"start":{"line":313,"column":31},"end":{"line":313,"column":null}},"104":{"start":{"line":364,"column":6},"end":{"line":364,"column":null}},"105":{"start":{"line":366,"column":2},"end":{"line":437,"column":null}},"106":{"start":{"line":368,"column":4},"end":{"line":433,"column":null}},"107":{"start":{"line":369,"column":49},"end":{"line":372,"column":null}},"108":{"start":{"line":375,"column":6},"end":{"line":389,"column":null}},"109":{"start":{"line":376,"column":29},"end":{"line":376,"column":null}},"110":{"start":{"line":377,"column":8},"end":{"line":388,"column":null}},"111":{"start":{"line":378,"column":28},"end":{"line":378,"column":null}},"112":{"start":{"line":381,"column":10},"end":{"line":387,"column":null}},"113":{"start":{"line":392,"column":6},"end":{"line":405,"column":null}},"114":{"start":{"line":393,"column":30},"end":{"line":393,"column":null}},"115":{"start":{"line":394,"column":8},"end":{"line":404,"column":null}},"116":{"start":{"line":395,"column":29},"end":{"line":395,"column":null}},"117":{"start":{"line":397,"column":10},"end":{"line":403,"column":null}},"118":{"start":{"line":408,"column":6},"end":{"line":432,"column":null}},"119":{"start":{"line":409,"column":25},"end":{"line":409,"column":null}},"120":{"start":{"line":410,"column":8},"end":{"line":431,"column":null}},"121":{"start":{"line":411,"column":10},"end":{"line":411,"column":null}},"122":{"start":{"line":411,"column":39},"end":{"line":411,"column":null}},"123":{"start":{"line":413,"column":29},"end":{"line":413,"column":null}},"124":{"start":{"line":415,"column":10},"end":{"line":430,"column":null}},"125":{"start":{"line":416,"column":12},"end":{"line":429,"column":null}},"126":{"start":{"line":417,"column":14},"end":{"line":417,"column":null}},"127":{"start":{"line":417,"column":43},"end":{"line":417,"column":null}},"128":{"start":{"line":419,"column":31},"end":{"line":419,"column":null}},"129":{"start":{"line":420,"column":14},"end":{"line":426,"column":null}},"130":{"start":{"line":428,"column":14},"end":{"line":428,"column":null}},"131":{"start":{"line":436,"column":4},"end":{"line":436,"column":null}}},"fnMap":{"0":{"name":"(anonymous_0)","decl":{"start":{"line":16,"column":2},"end":{"line":16,"column":14}},"loc":{"start":{"line":16,"column":38},"end":{"line":18,"column":null}},"line":16},"1":{"name":"(anonymous_1)","decl":{"start":{"line":20,"column":2},"end":{"line":20,"column":6}},"loc":{"start":{"line":20,"column":29},"end":{"line":28,"column":null}},"line":20},"2":{"name":"(anonymous_2)","decl":{"start":{"line":30,"column":2},"end":{"line":30,"column":6}},"loc":{"start":{"line":30,"column":30},"end":{"line":42,"column":null}},"line":30},"3":{"name":"(anonymous_3)","decl":{"start":{"line":44,"column":2},"end":{"line":44,"column":16}},"loc":{"start":{"line":44,"column":16},"end":{"line":46,"column":null}},"line":44},"4":{"name":"(anonymous_4)","decl":{"start":{"line":48,"column":2},"end":{"line":48,"column":17}},"loc":{"start":{"line":48,"column":17},"end":{"line":50,"column":null}},"line":48},"5":{"name":"(anonymous_5)","decl":{"start":{"line":97,"column":2},"end":{"line":97,"column":13}},"loc":{"start":{"line":97,"column":37},"end":{"line":99,"column":null}},"line":97},"6":{"name":"(anonymous_6)","decl":{"start":{"line":104,"column":2},"end":{"line":104,"column":16}},"loc":{"start":{"line":104,"column":16},"end":{"line":124,"column":null}},"line":104},"7":{"name":"(anonymous_7)","decl":{"start":{"line":129,"column":2},"end":{"line":129,"column":13}},"loc":{"start":{"line":129,"column":61},"end":{"line":149,"column":null}},"line":129},"8":{"name":"(anonymous_8)","decl":{"start":{"line":154,"column":2},"end":{"line":154,"column":13}},"loc":{"start":{"line":154,"column":62},"end":{"line":166,"column":null}},"line":154},"9":{"name":"(anonymous_9)","decl":{"start":{"line":171,"column":2},"end":{"line":171,"column":14}},"loc":{"start":{"line":171,"column":63},"end":{"line":191,"column":null}},"line":171},"10":{"name":"(anonymous_10)","decl":{"start":{"line":196,"column":2},"end":{"line":196,"column":14}},"loc":{"start":{"line":196,"column":64},"end":{"line":208,"column":null}},"line":196},"11":{"name":"(anonymous_11)","decl":{"start":{"line":213,"column":2},"end":{"line":213,"column":11}},"loc":{"start":{"line":213,"column":57},"end":{"line":233,"column":null}},"line":213},"12":{"name":"(anonymous_12)","decl":{"start":{"line":238,"column":2},"end":{"line":238,"column":11}},"loc":{"start":{"line":238,"column":58},"end":{"line":249,"column":null}},"line":238},"13":{"name":"(anonymous_13)","decl":{"start":{"line":254,"column":2},"end":{"line":254,"column":null}},"loc":{"start":{"line":259,"column":4},"end":{"line":293,"column":null}},"line":259},"14":{"name":"(anonymous_14)","decl":{"start":{"line":298,"column":2},"end":{"line":298,"column":21}},"loc":{"start":{"line":298,"column":21},"end":{"line":307,"column":null}},"line":298},"15":{"name":"warmValidationCache","decl":{"start":{"line":356,"column":22},"end":{"line":356,"column":42}},"loc":{"start":{"line":356,"column":92},"end":{"line":438,"column":null}},"line":356},"16":{"name":"(anonymous_16)","decl":{"start":{"line":377,"column":29},"end":{"line":377,"column":30}},"loc":{"start":{"line":377,"column":39},"end":{"line":388,"column":9}},"line":377},"17":{"name":"(anonymous_17)","decl":{"start":{"line":394,"column":30},"end":{"line":394,"column":31}},"loc":{"start":{"line":394,"column":40},"end":{"line":404,"column":9}},"line":394}},"branchMap":{"0":{"loc":{"start":{"line":16,"column":14},"end":{"line":16,"column":38}},"type":"default-arg","locations":[{"start":{"line":16,"column":32},"end":{"line":16,"column":38}}],"line":16},"1":{"loc":{"start":{"line":22,"column":4},"end":{"line":26,"column":null}},"type":"if","locations":[{"start":{"line":22,"column":4},"end":{"line":26,"column":null}},{"start":{},"end":{}}],"line":22},"2":{"loc":{"start":{"line":31,"column":4},"end":{"line":40,"column":null}},"type":"if","locations":[{"start":{"line":31,"column":4},"end":{"line":40,"column":null}},{"start":{"line":34,"column":4},"end":{"line":40,"column":null}}],"line":31},"3":{"loc":{"start":{"line":34,"column":4},"end":{"line":40,"column":null}},"type":"if","locations":[{"start":{"line":34,"column":4},"end":{"line":40,"column":null}},{"start":{},"end":{}}],"line":34},"4":{"loc":{"start":{"line":37,"column":6},"end":{"line":39,"column":null}},"type":"if","locations":[{"start":{"line":37,"column":6},"end":{"line":39,"column":null}},{"start":{},"end":{}}],"line":37},"5":{"loc":{"start":{"line":130,"column":4},"end":{"line":130,"column":null}},"type":"if","locations":[{"start":{"line":130,"column":4},"end":{"line":130,"column":null}},{"start":{},"end":{}}],"line":130},"6":{"loc":{"start":{"line":132,"column":4},"end":{"line":140,"column":null}},"type":"if","locations":[{"start":{"line":132,"column":4},"end":{"line":140,"column":null}},{"start":{},"end":{}}],"line":132},"7":{"loc":{"start":{"line":134,"column":6},"end":{"line":137,"column":null}},"type":"if","locations":[{"start":{"line":134,"column":6},"end":{"line":137,"column":null}},{"start":{},"end":{}}],"line":134},"8":{"loc":{"start":{"line":143,"column":4},"end":{"line":147,"column":null}},"type":"if","locations":[{"start":{"line":143,"column":4},"end":{"line":147,"column":null}},{"start":{"line":145,"column":11},"end":{"line":147,"column":null}}],"line":143},"9":{"loc":{"start":{"line":155,"column":4},"end":{"line":155,"column":null}},"type":"if","locations":[{"start":{"line":155,"column":4},"end":{"line":155,"column":null}},{"start":{},"end":{}}],"line":155},"10":{"loc":{"start":{"line":157,"column":4},"end":{"line":165,"column":null}},"type":"if","locations":[{"start":{"line":157,"column":4},"end":{"line":165,"column":null}},{"start":{"line":159,"column":11},"end":{"line":165,"column":null}}],"line":157},"11":{"loc":{"start":{"line":162,"column":6},"end":{"line":164,"column":null}},"type":"if","locations":[{"start":{"line":162,"column":6},"end":{"line":164,"column":null}},{"start":{},"end":{}}],"line":162},"12":{"loc":{"start":{"line":172,"column":4},"end":{"line":172,"column":null}},"type":"if","locations":[{"start":{"line":172,"column":4},"end":{"line":172,"column":null}},{"start":{},"end":{}}],"line":172},"13":{"loc":{"start":{"line":174,"column":4},"end":{"line":182,"column":null}},"type":"if","locations":[{"start":{"line":174,"column":4},"end":{"line":182,"column":null}},{"start":{},"end":{}}],"line":174},"14":{"loc":{"start":{"line":176,"column":6},"end":{"line":179,"column":null}},"type":"if","locations":[{"start":{"line":176,"column":6},"end":{"line":179,"column":null}},{"start":{},"end":{}}],"line":176},"15":{"loc":{"start":{"line":185,"column":4},"end":{"line":189,"column":null}},"type":"if","locations":[{"start":{"line":185,"column":4},"end":{"line":189,"column":null}},{"start":{"line":187,"column":11},"end":{"line":189,"column":null}}],"line":185},"16":{"loc":{"start":{"line":197,"column":4},"end":{"line":197,"column":null}},"type":"if","locations":[{"start":{"line":197,"column":4},"end":{"line":197,"column":null}},{"start":{},"end":{}}],"line":197},"17":{"loc":{"start":{"line":199,"column":4},"end":{"line":207,"column":null}},"type":"if","locations":[{"start":{"line":199,"column":4},"end":{"line":207,"column":null}},{"start":{"line":201,"column":11},"end":{"line":207,"column":null}}],"line":199},"18":{"loc":{"start":{"line":204,"column":6},"end":{"line":206,"column":null}},"type":"if","locations":[{"start":{"line":204,"column":6},"end":{"line":206,"column":null}},{"start":{},"end":{}}],"line":204},"19":{"loc":{"start":{"line":214,"column":4},"end":{"line":214,"column":null}},"type":"if","locations":[{"start":{"line":214,"column":4},"end":{"line":214,"column":null}},{"start":{},"end":{}}],"line":214},"20":{"loc":{"start":{"line":216,"column":4},"end":{"line":224,"column":null}},"type":"if","locations":[{"start":{"line":216,"column":4},"end":{"line":224,"column":null}},{"start":{},"end":{}}],"line":216},"21":{"loc":{"start":{"line":218,"column":6},"end":{"line":221,"column":null}},"type":"if","locations":[{"start":{"line":218,"column":6},"end":{"line":221,"column":null}},{"start":{},"end":{}}],"line":218},"22":{"loc":{"start":{"line":227,"column":4},"end":{"line":231,"column":null}},"type":"if","locations":[{"start":{"line":227,"column":4},"end":{"line":231,"column":null}},{"start":{"line":229,"column":11},"end":{"line":231,"column":null}}],"line":227},"23":{"loc":{"start":{"line":239,"column":4},"end":{"line":239,"column":null}},"type":"if","locations":[{"start":{"line":239,"column":4},"end":{"line":239,"column":null}},{"start":{},"end":{}}],"line":239},"24":{"loc":{"start":{"line":241,"column":4},"end":{"line":248,"column":null}},"type":"if","locations":[{"start":{"line":241,"column":4},"end":{"line":248,"column":null}},{"start":{"line":243,"column":11},"end":{"line":248,"column":null}}],"line":241},"25":{"loc":{"start":{"line":271,"column":17},"end":{"line":271,"column":null}},"type":"cond-expr","locations":[{"start":{"line":271,"column":36},"end":{"line":271,"column":76}},{"start":{"line":271,"column":76},"end":{"line":271,"column":null}}],"line":271},"26":{"loc":{"start":{"line":277,"column":17},"end":{"line":277,"column":null}},"type":"cond-expr","locations":[{"start":{"line":277,"column":37},"end":{"line":277,"column":79}},{"start":{"line":277,"column":79},"end":{"line":277,"column":null}}],"line":277},"27":{"loc":{"start":{"line":283,"column":17},"end":{"line":283,"column":null}},"type":"cond-expr","locations":[{"start":{"line":283,"column":34},"end":{"line":283,"column":70}},{"start":{"line":283,"column":70},"end":{"line":283,"column":null}}],"line":283},"28":{"loc":{"start":{"line":289,"column":17},"end":{"line":289,"column":null}},"type":"cond-expr","locations":[{"start":{"line":289,"column":37},"end":{"line":289,"column":65}},{"start":{"line":289,"column":65},"end":{"line":289,"column":null}}],"line":289},"29":{"loc":{"start":{"line":356,"column":42},"end":{"line":356,"column":92}},"type":"default-arg","locations":[{"start":{"line":356,"column":73},"end":{"line":356,"column":92}}],"line":356},"30":{"loc":{"start":{"line":358,"column":4},"end":{"line":358,"column":null}},"type":"default-arg","locations":[{"start":{"line":358,"column":15},"end":{"line":358,"column":null}}],"line":358},"31":{"loc":{"start":{"line":359,"column":4},"end":{"line":359,"column":null}},"type":"default-arg","locations":[{"start":{"line":359,"column":16},"end":{"line":359,"column":null}}],"line":359},"32":{"loc":{"start":{"line":360,"column":4},"end":{"line":360,"column":null}},"type":"default-arg","locations":[{"start":{"line":360,"column":13},"end":{"line":360,"column":null}}],"line":360},"33":{"loc":{"start":{"line":361,"column":4},"end":{"line":361,"column":null}},"type":"default-arg","locations":[{"start":{"line":361,"column":18},"end":{"line":361,"column":null}}],"line":361},"34":{"loc":{"start":{"line":362,"column":4},"end":{"line":362,"column":null}},"type":"default-arg","locations":[{"start":{"line":362,"column":19},"end":{"line":362,"column":null}}],"line":362},"35":{"loc":{"start":{"line":363,"column":4},"end":{"line":363,"column":null}},"type":"default-arg","locations":[{"start":{"line":363,"column":16},"end":{"line":363,"column":null}}],"line":363},"36":{"loc":{"start":{"line":368,"column":4},"end":{"line":433,"column":null}},"type":"if","locations":[{"start":{"line":368,"column":4},"end":{"line":433,"column":null}},{"start":{},"end":{}}],"line":368},"37":{"loc":{"start":{"line":368,"column":8},"end":{"line":368,"column":41}},"type":"binary-expr","locations":[{"start":{"line":368,"column":8},"end":{"line":368,"column":20}},{"start":{"line":368,"column":20},"end":{"line":368,"column":33}},{"start":{"line":368,"column":33},"end":{"line":368,"column":41}}],"line":368},"38":{"loc":{"start":{"line":375,"column":6},"end":{"line":389,"column":null}},"type":"if","locations":[{"start":{"line":375,"column":6},"end":{"line":389,"column":null}},{"start":{},"end":{}}],"line":375},"39":{"loc":{"start":{"line":375,"column":10},"end":{"line":375,"column":31}},"type":"binary-expr","locations":[{"start":{"line":375,"column":10},"end":{"line":375,"column":22}},{"start":{"line":375,"column":22},"end":{"line":375,"column":31}}],"line":375},"40":{"loc":{"start":{"line":392,"column":6},"end":{"line":405,"column":null}},"type":"if","locations":[{"start":{"line":392,"column":6},"end":{"line":405,"column":null}},{"start":{},"end":{}}],"line":392},"41":{"loc":{"start":{"line":392,"column":10},"end":{"line":392,"column":33}},"type":"binary-expr","locations":[{"start":{"line":392,"column":10},"end":{"line":392,"column":23}},{"start":{"line":392,"column":23},"end":{"line":392,"column":33}}],"line":392},"42":{"loc":{"start":{"line":408,"column":6},"end":{"line":432,"column":null}},"type":"if","locations":[{"start":{"line":408,"column":6},"end":{"line":432,"column":null}},{"start":{},"end":{}}],"line":408},"43":{"loc":{"start":{"line":408,"column":10},"end":{"line":408,"column":27}},"type":"binary-expr","locations":[{"start":{"line":408,"column":10},"end":{"line":408,"column":20}},{"start":{"line":408,"column":20},"end":{"line":408,"column":27}}],"line":408},"44":{"loc":{"start":{"line":411,"column":10},"end":{"line":411,"column":null}},"type":"if","locations":[{"start":{"line":411,"column":10},"end":{"line":411,"column":null}},{"start":{},"end":{}}],"line":411},"45":{"loc":{"start":{"line":413,"column":29},"end":{"line":413,"column":null}},"type":"binary-expr","locations":[{"start":{"line":413,"column":29},"end":{"line":413,"column":79}},{"start":{"line":413,"column":79},"end":{"line":413,"column":null}}],"line":413},"46":{"loc":{"start":{"line":415,"column":10},"end":{"line":430,"column":null}},"type":"if","locations":[{"start":{"line":415,"column":10},"end":{"line":430,"column":null}},{"start":{},"end":{}}],"line":415},"47":{"loc":{"start":{"line":415,"column":14},"end":{"line":415,"column":65}},"type":"binary-expr","locations":[{"start":{"line":415,"column":14},"end":{"line":415,"column":46}},{"start":{"line":415,"column":46},"end":{"line":415,"column":65}}],"line":415},"48":{"loc":{"start":{"line":417,"column":14},"end":{"line":417,"column":null}},"type":"if","locations":[{"start":{"line":417,"column":14},"end":{"line":417,"column":null}},{"start":{},"end":{}}],"line":417}},"s":{"0":9,"1":9,"2":9,"3":9,"4":5,"5":5,"6":9,"7":625,"8":6,"9":619,"10":100,"11":100,"12":100,"13":625,"14":39,"15":18,"16":3,"17":3,"18":3,"19":3,"20":3,"21":3,"22":3,"23":3,"24":14,"25":13,"26":13,"27":13,"28":13,"29":13,"30":13,"31":13,"32":22,"33":1,"34":21,"35":5,"36":5,"37":3,"38":3,"39":2,"40":2,"41":16,"42":16,"43":7,"44":9,"45":16,"46":611,"47":1,"48":610,"49":601,"50":9,"51":9,"52":9,"53":12,"54":0,"55":12,"56":2,"57":2,"58":1,"59":1,"60":1,"61":1,"62":10,"63":10,"64":2,"65":8,"66":10,"67":7,"68":0,"69":7,"70":1,"71":6,"72":6,"73":6,"74":18,"75":0,"76":18,"77":2,"78":2,"79":1,"80":1,"81":1,"82":1,"83":16,"84":16,"85":4,"86":12,"87":16,"88":8,"89":0,"90":8,"91":1,"92":7,"93":7,"94":7,"95":3,"96":3,"97":3,"98":3,"99":3,"100":3,"101":3,"102":1,"103":3,"104":0,"105":0,"106":0,"107":0,"108":0,"109":0,"110":0,"111":0,"112":0,"113":0,"114":0,"115":0,"116":0,"117":0,"118":0,"119":0,"120":0,"121":0,"122":0,"123":0,"124":0,"125":0,"126":0,"127":0,"128":0,"129":0,"130":0,"131":0},"f":{"0":9,"1":9,"2":625,"3":39,"4":18,"5":14,"6":13,"7":22,"8":611,"9":12,"10":7,"11":18,"12":8,"13":3,"14":1,"15":0,"16":0,"17":0},"b":{"0":[9],"1":[5,4],"2":[6,619],"3":[100,519],"4":[100,0],"5":[1,21],"6":[5,16],"7":[3,2],"8":[7,9],"9":[1,610],"10":[601,9],"11":[9,0],"12":[0,12],"13":[2,10],"14":[1,1],"15":[2,8],"16":[0,7],"17":[1,6],"18":[6,0],"19":[0,18],"20":[2,16],"21":[1,1],"22":[4,12],"23":[0,8],"24":[1,7],"25":[2,1],"26":[0,3],"27":[0,3],"28":[2,1],"29":[0],"30":[0],"31":[0],"32":[0],"33":[0],"34":[0],"35":[0],"36":[0,0],"37":[0,0,0],"38":[0,0],"39":[0,0],"40":[0,0],"41":[0,0],"42":[0,0],"43":[0,0],"44":[0,0],"45":[0,0],"46":[0,0],"47":[0,0],"48":[0,0]},"meta":{"lastBranch":49,"lastFunction":18,"lastStatement":132,"seen":{"s:13:18:13:Infinity":0,"f:16:2:16:14":0,"b:16:32:16:38":0,"s:17:4:17:Infinity":1,"f:20:2:20:6":1,"s:21:18:21:Infinity":2,"b:22:4:26:Infinity:undefined:undefined:undefined:undefined":1,"s:22:4:26:Infinity":3,"s:24:6:24:Infinity":4,"s:25:6:25:Infinity":5,"s:27:4:27:Infinity":6,"f:30:2:30:6":2,"b:31:4:40:Infinity:34:4:40:Infinity":2,"s:31:4:40:Infinity":7,"s:33:6:33:Infinity":8,"b:34:4:40:Infinity:undefined:undefined:undefined:undefined":3,"s:34:4:40:Infinity":9,"s:36:23:36:Infinity":10,"b:37:6:39:Infinity:undefined:undefined:undefined:undefined":4,"s:37:6:39:Infinity":11,"s:38:8:38:Infinity":12,"s:41:4:41:Infinity":13,"f:44:2:44:16":3,"s:45:4:45:Infinity":14,"f:48:2:48:17":4,"s:49:4:49:Infinity":15,"s:73:25:73:Infinity":16,"s:74:26:74:Infinity":17,"s:75:23:75:Infinity":18,"s:78:29:78:Infinity":19,"s:79:30:79:Infinity":20,"s:80:27:80:Infinity":21,"s:83:18:90:Infinity":22,"s:92:20:92:Infinity":23,"f:97:2:97:13":5,"s:98:4:98:Infinity":24,"f:104:2:104:16":6,"s:106:4:106:Infinity":25,"s:107:4:107:Infinity":26,"s:108:4:108:Infinity":27,"s:111:4:111:Infinity":28,"s:112:4:112:Infinity":29,"s:113:4:113:Infinity":30,"s:116:4:123:Infinity":31,"f:129:2:129:13":7,"b:130:4:130:Infinity:undefined:undefined:undefined:undefined":5,"s:130:4:130:Infinity":32,"s:130:23:130:Infinity":33,"b:132:4:140:Infinity:undefined:undefined:undefined:undefined":6,"s:132:4:140:Infinity":34,"s:133:21:133:Infinity":35,"b:134:6:137:Infinity:undefined:undefined:undefined:undefined":7,"s:134:6:137:Infinity":36,"s:135:8:135:Infinity":37,"s:136:8:136:Infinity":38,"s:138:6:138:Infinity":39,"s:139:6:139:Infinity":40,"s:142:19:142:Infinity":41,"b:143:4:147:Infinity:145:11:147:Infinity":8,"s:143:4:147:Infinity":42,"s:144:6:144:Infinity":43,"s:146:6:146:Infinity":44,"s:148:4:148:Infinity":45,"f:154:2:154:13":8,"b:155:4:155:Infinity:undefined:undefined:undefined:undefined":9,"s:155:4:155:Infinity":46,"s:155:23:155:Infinity":47,"b:157:4:165:Infinity:159:11:165:Infinity":10,"s:157:4:165:Infinity":48,"s:158:6:158:Infinity":49,"s:160:6:160:Infinity":50,"b:162:6:164:Infinity:undefined:undefined:undefined:undefined":11,"s:162:6:164:Infinity":51,"s:163:8:163:Infinity":52,"f:171:2:171:14":9,"b:172:4:172:Infinity:undefined:undefined:undefined:undefined":12,"s:172:4:172:Infinity":53,"s:172:23:172:Infinity":54,"b:174:4:182:Infinity:undefined:undefined:undefined:undefined":13,"s:174:4:182:Infinity":55,"s:175:21:175:Infinity":56,"b:176:6:179:Infinity:undefined:undefined:undefined:undefined":14,"s:176:6:179:Infinity":57,"s:177:8:177:Infinity":58,"s:178:8:178:Infinity":59,"s:180:6:180:Infinity":60,"s:181:6:181:Infinity":61,"s:184:19:184:Infinity":62,"b:185:4:189:Infinity:187:11:189:Infinity":15,"s:185:4:189:Infinity":63,"s:186:6:186:Infinity":64,"s:188:6:188:Infinity":65,"s:190:4:190:Infinity":66,"f:196:2:196:14":10,"b:197:4:197:Infinity:undefined:undefined:undefined:undefined":16,"s:197:4:197:Infinity":67,"s:197:23:197:Infinity":68,"b:199:4:207:Infinity:201:11:207:Infinity":17,"s:199:4:207:Infinity":69,"s:200:6:200:Infinity":70,"s:202:6:202:Infinity":71,"b:204:6:206:Infinity:undefined:undefined:undefined:undefined":18,"s:204:6:206:Infinity":72,"s:205:8:205:Infinity":73,"f:213:2:213:11":11,"b:214:4:214:Infinity:undefined:undefined:undefined:undefined":19,"s:214:4:214:Infinity":74,"s:214:23:214:Infinity":75,"b:216:4:224:Infinity:undefined:undefined:undefined:undefined":20,"s:216:4:224:Infinity":76,"s:217:21:217:Infinity":77,"b:218:6:221:Infinity:undefined:undefined:undefined:undefined":21,"s:218:6:221:Infinity":78,"s:219:8:219:Infinity":79,"s:220:8:220:Infinity":80,"s:222:6:222:Infinity":81,"s:223:6:223:Infinity":82,"s:226:19:226:Infinity":83,"b:227:4:231:Infinity:229:11:231:Infinity":22,"s:227:4:231:Infinity":84,"s:228:6:228:Infinity":85,"s:230:6:230:Infinity":86,"s:232:4:232:Infinity":87,"f:238:2:238:11":12,"b:239:4:239:Infinity:undefined:undefined:undefined:undefined":23,"s:239:4:239:Infinity":88,"s:239:23:239:Infinity":89,"b:241:4:248:Infinity:243:11:248:Infinity":24,"s:241:4:248:Infinity":90,"s:242:6:242:Infinity":91,"s:244:6:244:Infinity":92,"s:246:23:246:Infinity":93,"s:247:6:247:Infinity":94,"f:254:2:254:Infinity":13,"s:260:25:260:Infinity":95,"s:261:26:261:Infinity":96,"s:262:23:262:Infinity":97,"s:263:22:263:Infinity":98,"s:264:24:264:Infinity":99,"s:265:26:265:Infinity":100,"s:267:4:292:Infinity":101,"b:271:36:271:76:271:76:271:Infinity":25,"b:277:37:277:79:277
[...]
,"D:\\NEXUS-KERNEL\\src\\supabase\\sync.ts": {"path":"D:\\NEXUS-KERNEL\\src\\supabase\\sync.ts","statementMap":{"0":{"start":{"line":43,"column":8},"end":{"line":43,"column":null}},"1":{"start":{"line":44,"column":8},"end":{"line":44,"column":null}},"2":{"start":{"line":45,"column":2},"end":{"line":45,"column":null}},"3":{"start":{"line":69,"column":19},"end":{"line":69,"column":null}},"4":{"start":{"line":71,"column":14},"end":{"line":104,"column":null}},"5":{"start":{"line":107,"column":2},"end":{"line":111,"column":null}},"6":{"start":{"line":118,"column":19},"end":{"line":118,"column":null}},"7":{"start":{"line":120,"column":25},"end":{"line":125,"column":null}},"8":{"start":{"line":123,"column":8},"end":{"line":123,"column":null}},"9":{"start":{"line":127,"column":14},"end":{"line":155,"column":null}},"10":{"start":{"line":155,"column":56},"end":{"line":155,"column":67}},"11":{"start":{"line":158,"column":2},"end":{"line":162,"column":null}},"12":{"start":{"line":169,"column":19},"end":{"line":169,"column":null}},"13":{"start":{"line":171,"column":26},"end":{"line":176,"column":null}},"14":{"start":{"line":174,"column":8},"end":{"line":174,"column":null}},"15":{"start":{"line":178,"column":14},"end":{"line":206,"column":null}},"16":{"start":{"line":206,"column":60},"end":{"line":206,"column":72}},"17":{"start":{"line":209,"column":2},"end":{"line":213,"column":null}},"18":{"start":{"line":220,"column":19},"end":{"line":220,"column":null}},"19":{"start":{"line":222,"column":21},"end":{"line":227,"column":null}},"20":{"start":{"line":225,"column":8},"end":{"line":225,"column":null}},"21":{"start":{"line":229,"column":14},"end":{"line":258,"column":null}},"22":{"start":{"line":258,"column":52},"end":{"line":258,"column":63}},"23":{"start":{"line":261,"column":2},"end":{"line":265,"column":null}},"24":{"start":{"line":272,"column":2},"end":{"line":277,"column":null}}},"fnMap":{"0":{"name":"loadKernelSnapshot","decl":{"start":{"line":42,"column":9},"end":{"line":42,"column":46}},"loc":{"start":{"line":42,"column":46},"end":{"line":46,"column":null}},"line":42},"1":{"name":"generateKernelMetadataMigration","decl":{"start":{"line":68,"column":16},"end":{"line":68,"column":67}},"loc":{"start":{"line":68,"column":67},"end":{"line":112,"column":null}},"line":68},"2":{"name":"generateConceptsMigration","decl":{"start":{"line":117,"column":16},"end":{"line":117,"column":61}},"loc":{"start":{"line":117,"column":61},"end":{"line":163,"column":null}},"line":117},"3":{"name":"(anonymous_3)","decl":{"start":{"line":122,"column":6},"end":{"line":122,"column":7}},"loc":{"start":{"line":123,"column":8},"end":{"line":123,"column":null}},"line":123},"4":{"name":"(anonymous_4)","decl":{"start":{"line":155,"column":49},"end":{"line":155,"column":50}},"loc":{"start":{"line":155,"column":56},"end":{"line":155,"column":67}},"line":155},"5":{"name":"generateValueSetsMigration","decl":{"start":{"line":168,"column":16},"end":{"line":168,"column":62}},"loc":{"start":{"line":168,"column":62},"end":{"line":214,"column":null}},"line":168},"6":{"name":"(anonymous_6)","decl":{"start":{"line":173,"column":6},"end":{"line":173,"column":7}},"loc":{"start":{"line":174,"column":8},"end":{"line":174,"column":null}},"line":174},"7":{"name":"(anonymous_7)","decl":{"start":{"line":206,"column":52},"end":{"line":206,"column":53}},"loc":{"start":{"line":206,"column":60},"end":{"line":206,"column":72}},"line":206},"8":{"name":"generateValuesMigration","decl":{"start":{"line":219,"column":16},"end":{"line":219,"column":59}},"loc":{"start":{"line":219,"column":59},"end":{"line":266,"column":null}},"line":219},"9":{"name":"(anonymous_9)","decl":{"start":{"line":224,"column":6},"end":{"line":224,"column":7}},"loc":{"start":{"line":225,"column":8},"end":{"line":225,"column":null}},"line":225},"10":{"name":"(anonymous_10)","decl":{"start":{"line":258,"column":45},"end":{"line":258,"column":46}},"loc":{"start":{"line":258,"column":52},"end":{"line":258,"column":63}},"line":258},"11":{"name":"generateCompleteMigration","decl":{"start":{"line":271,"column":16},"end":{"line":271,"column":63}},"loc":{"start":{"line":271,"column":63},"end":{"line":278,"column":null}},"line":271}},"branchMap":{},"s":{"0":0,"1":0,"2":0,"3":0,"4":0,"5":0,"6":0,"7":0,"8":0,"9":0,"10":0,"11":0,"12":0,"13":0,"14":0,"15":0,"16":0,"17":0,"18":0,"19":0,"20":0,"21":0,"22":0,"23":0,"24":0},"f":{"0":0,"1":0,"2":0,"3":0,"4":0,"5":0,"6":0,"7":0,"8":0,"9":0,"10":0,"11":0},"b":{},"meta":{"lastBranch":0,"lastFunction":12,"lastStatement":25,"seen":{"f:42:9:42:46":0,"s:43:8:43:Infinity":0,"s:44:8:44:Infinity":1,"s:45:2:45:Infinity":2,"f:68:16:68:67":1,"s:69:19:69:Infinity":3,"s:71:14:104:Infinity":4,"s:107:2:111:Infinity":5,"f:117:16:117:61":2,"s:118:19:118:Infinity":6,"s:120:25:125:Infinity":7,"f:122:6:122:7":3,"s:123:8:123:Infinity":8,"s:127:14:155:Infinity":9,"f:155:49:155:50":4,"s:155:56:155:67":10,"s:158:2:162:Infinity":11,"f:168:16:168:62":5,"s:169:19:169:Infinity":12,"s:171:26:176:Infinity":13,"f:173:6:173:7":6,"s:174:8:174:Infinity":14,"s:178:14:206:Infinity":15,"f:206:52:206:53":7,"s:206:60:206:72":16,"s:209:2:213:Infinity":17,"f:219:16:219:59":8,"s:220:19:220:Infinity":18,"s:222:21:227:Infinity":19,"f:224:6:224:7":9,"s:225:8:225:Infinity":20,"s:229:14:258:Infinity":21,"f:258:45:258:46":10,"s:258:52:258:63":22,"s:261:2:265:Infinity":23,"f:271:16:271:63":11,"s:272:2:277:Infinity":24}}}
,"D:\\NEXUS-KERNEL\\src\\supabase\\validation.ts": {"path":"D:\\NEXUS-KERNEL\\src\\supabase\\validation.ts","statementMap":{"0":{"start":{"line":44,"column":2},"end":{"line":53,"column":null}},"1":{"start":{"line":45,"column":10},"end":{"line":45,"column":null}},"2":{"start":{"line":46,"column":10},"end":{"line":46,"column":null}},"3":{"start":{"line":47,"column":4},"end":{"line":47,"column":null}},"4":{"start":{"line":49,"column":4},"end":{"line":52,"column":null}},"5":{"start":{"line":104,"column":19},"end":{"line":104,"column":null}},"6":{"start":{"line":105,"column":27},"end":{"line":105,"column":null}},"7":{"start":{"line":106,"column":29},"end":{"line":106,"column":null}},"8":{"start":{"line":109,"column":2},"end":{"line":120,"column":null}},"9":{"start":{"line":110,"column":4},"end":{"line":110,"column":null}},"10":{"start":{"line":111,"column":4},"end":{"line":119,"column":null}},"11":{"start":{"line":123,"column":2},"end":{"line":127,"column":null}},"12":{"start":{"line":124,"column":4},"end":{"line":126,"column":null}},"13":{"start":{"line":130,"column":2},"end":{"line":134,"column":null}},"14":{"start":{"line":131,"column":4},"end":{"line":133,"column":null}},"15":{"start":{"line":137,"column":2},"end":{"line":139,"column":null}},"16":{"start":{"line":138,"column":4},"end":{"line":138,"column":null}},"17":{"start":{"line":141,"column":2},"end":{"line":151,"column":null}},"18":{"start":{"line":177,"column":19},"end":{"line":177,"column":null}},"19":{"start":{"line":178,"column":27},"end":{"line":178,"column":null}},"20":{"start":{"line":179,"column":29},"end":{"line":179,"column":null}},"21":{"start":{"line":182,"column":19},"end":{"line":182,"column":null}},"22":{"start":{"line":182,"column":51},"end":{"line":182,"column":71}},"23":{"start":{"line":183,"column":2},"end":{"line":194,"column":null}},"24":{"start":{"line":184,"column":4},"end":{"line":184,"column":null}},"25":{"start":{"line":185,"column":4},"end":{"line":193,"column":null}},"26":{"start":{"line":197,"column":25},"end":{"line":199,"column":null}},"27":{"start":{"line":198,"column":19},"end":{"line":198,"column":46}},"28":{"start":{"line":199,"column":16},"end":{"line":199,"column":20}},"29":{"start":{"line":202,"column":24},"end":{"line":202,"column":null}},"30":{"start":{"line":202,"column":53},"end":{"line":202,"column":78}},"31":{"start":{"line":203,"column":2},"end":{"line":207,"column":null}},"32":{"start":{"line":204,"column":4},"end":{"line":206,"column":null}},"33":{"start":{"line":210,"column":22},"end":{"line":210,"column":null}},"34":{"start":{"line":210,"column":49},"end":{"line":210,"column":76}},"35":{"start":{"line":211,"column":2},"end":{"line":215,"column":null}},"36":{"start":{"line":212,"column":4},"end":{"line":214,"column":null}},"37":{"start":{"line":217,"column":2},"end":{"line":225,"column":null}},"38":{"start":{"line":237,"column":19},"end":{"line":237,"column":null}},"39":{"start":{"line":238,"column":27},"end":{"line":238,"column":null}},"40":{"start":{"line":239,"column":29},"end":{"line":239,"column":null}},"41":{"start":{"line":241,"column":27},"end":{"line":241,"column":null}},"42":{"start":{"line":241,"column":56},"end":{"line":241,"column":60}},"43":{"start":{"line":244,"column":2},"end":{"line":248,"column":null}},"44":{"start":{"line":245,"column":4},"end":{"line":247,"column":null}},"45":{"start":{"line":251,"column":26},"end":{"line":251,"column":null}},"46":{"start":{"line":251,"column":57},"end":{"line":251,"column":80}},"47":{"start":{"line":252,"column":2},"end":{"line":254,"column":null}},"48":{"start":{"line":253,"column":4},"end":{"line":253,"column":null}},"49":{"start":{"line":257,"column":24},"end":{"line":257,"column":null}},"50":{"start":{"line":257,"column":49},"end":{"line":257,"column":78}},"51":{"start":{"line":258,"column":2},"end":{"line":262,"column":null}},"52":{"start":{"line":259,"column":4},"end":{"line":261,"column":null}},"53":{"start":{"line":264,"column":2},"end":{"line":272,"column":null}},"54":{"start":{"line":292,"column":27},"end":{"line":292,"column":null}},"55":{"start":{"line":293,"column":29},"end":{"line":293,"column":null}},"56":{"start":{"line":296,"column":2},"end":{"line":300,"column":null}},"57":{"start":{"line":297,"column":27},"end":{"line":297,"column":null}},"58":{"start":{"line":298,"column":4},"end":{"line":298,"column":null}},"59":{"start":{"line":299,"column":4},"end":{"line":299,"column":null}},"60":{"start":{"line":303,"column":2},"end":{"line":307,"column":null}},"61":{"start":{"line":304,"column":27},"end":{"line":304,"column":null}},"62":{"start":{"line":305,"column":4},"end":{"line":305,"column":null}},"63":{"start":{"line":306,"column":4},"end":{"line":306,"column":null}},"64":{"start":{"line":310,"column":2},"end":{"line":316,"column":null}},"65":{"start":{"line":311,"column":4},"end":{"line":315,"column":null}},"66":{"start":{"line":312,"column":25},"end":{"line":312,"column":null}},"67":{"start":{"line":313,"column":6},"end":{"line":313,"column":null}},"68":{"start":{"line":314,"column":6},"end":{"line":314,"column":null}},"69":{"start":{"line":318,"column":2},"end":{"line":328,"column":null}}},"fnMap":{"0":{"name":"loadKernelSnapshot","decl":{"start":{"line":43,"column":9},"end":{"line":43,"column":46}},"loc":{"start":{"line":43,"column":46},"end":{"line":54,"column":null}},"line":43},"1":{"name":"validateDatabaseMetadata","decl":{"start":{"line":101,"column":16},"end":{"line":101,"column":null}},"loc":{"start":{"line":103,"column":20},"end":{"line":152,"column":null}},"line":103},"2":{"name":"validateEnumValues","decl":{"start":{"line":173,"column":16},"end":{"line":173,"column":null}},"loc":{"start":{"line":176,"column":20},"end":{"line":226,"column":null}},"line":176},"3":{"name":"(anonymous_3)","decl":{"start":{"line":182,"column":43},"end":{"line":182,"column":44}},"loc":{"start":{"line":182,"column":51},"end":{"line":182,"column":71}},"line":182},"4":{"name":"(anonymous_4)","decl":{"start":{"line":198,"column":12},"end":{"line":198,"column":13}},"loc":{"start":{"line":198,"column":19},"end":{"line":198,"column":46}},"line":198},"5":{"name":"(anonymous_5)","decl":{"start":{"line":199,"column":9},"end":{"line":199,"column":10}},"loc":{"start":{"line":199,"column":16},"end":{"line":199,"column":20}},"line":199},"6":{"name":"(anonymous_6)","decl":{"start":{"line":202,"column":46},"end":{"line":202,"column":47}},"loc":{"start":{"line":202,"column":53},"end":{"line":202,"column":78}},"line":202},"7":{"name":"(anonymous_7)","decl":{"start":{"line":210,"column":42},"end":{"line":210,"column":43}},"loc":{"start":{"line":210,"column":49},"end":{"line":210,"column":76}},"line":210},"8":{"name":"validateConceptRegistry","decl":{"start":{"line":234,"column":16},"end":{"line":234,"column":null}},"loc":{"start":{"line":236,"column":20},"end":{"line":273,"column":null}},"line":236},"9":{"name":"(anonymous_9)","decl":{"start":{"line":241,"column":49},"end":{"line":241,"column":50}},"loc":{"start":{"line":241,"column":56},"end":{"line":241,"column":60}},"line":241},"10":{"name":"(anonymous_10)","decl":{"start":{"line":251,"column":50},"end":{"line":251,"column":51}},"loc":{"start":{"line":251,"column":57},"end":{"line":251,"column":80}},"line":251},"11":{"name":"(anonymous_11)","decl":{"start":{"line":257,"column":42},"end":{"line":257,"column":43}},"loc":{"start":{"line":257,"column":49},"end":{"line":257,"column":78}},"line":257},"12":{"name":"validateDatabaseState","decl":{"start":{"line":289,"column":16},"end":{"line":289,"column":null}},"loc":{"start":{"line":291,"column":20},"end":{"line":329,"column":null}},"line":291}},"branchMap":{"0":{"loc":{"start":{"line":109,"column":2},"end":{"line":120,"column":null}},"type":"if","locations":[{"start":{"line":109,"column":2},"end":{"line":120,"column":null}},{"start":{},"end":{}}],"line":109},"1":{"loc":{"start":{"line":123,"column":2},"end":{"line":127,"column":null}},"type":"if","locations":[{"start":{"line":123,"column":2},"end":{"line":127,"column":null}},{"start":{},"end":{}}],"line":123},"2":{"loc":{"start":{"line":130,"column":2},"end":{"line":134,"column":null}},"type":"if","locations":[{"start":{"line":130,"column":2},"end":{"line":134,"column":null}},{"start":{},"end":{}}],"line":130},"3":{"loc":{"start":{"line":137,"column":2},"end":{"line":139,"column":null}},"type":"if","locations":[{"start":{"line":137,"column":2},"end":{"line":139,"column":null}},{"start":{},"end":{}}],"line":137},"4":{"loc":{"start":{"line":183,"column":2},"end":{"line":194,"column":null}},"type":"if","locations":[{"start":{"line":183,"column":2},"end":{"line":194,"column":null}},{"start":{},"end":{}}],"line":183},"5":{"loc":{"start":{"line":203,"column":2},"end":{"line":207,"column":null}},"type":"if","locations":[{"start":{"line":203,"column":2},"end":{"line":207,"column":null}},{"start":{},"end":{}}],"line":203},"6":{"loc":{"start":{"line":211,"column":2},"end":{"line":215,"column":null}},"type":"if","locations":[{"start":{"line":211,"column":2},"end":{"line":215,"column":null}},{"start":{},"end":{}}],"line":211},"7":{"loc":{"start":{"line":244,"column":2},"end":{"line":248,"column":null}},"type":"if","locations":[{"start":{"line":244,"column":2},"end":{"line":248,"column":null}},{"start":{},"end":{}}],"line":244},"8":{"loc":{"start":{"line":252,"column":2},"end":{"line":254,"column":null}},"type":"if","locations":[{"start":{"line":252,"column":2},"end":{"line":254,"column":null}},{"start":{},"end":{}}],"line":252},"9":{"loc":{"start":{"line":258,"column":2},"end":{"line":262,"column":null}},"type":"if","locations":[{"start":{"line":258,"column":2},"end":{"line":262,"column":null}},{"start":{},"end":{}}],"line":258},"10":{"loc":{"start":{"line":296,"column":2},"end":{"line":300,"column":null}},"type":"if","locations":[{"start":{"line":296,"column":2},"end":{"line":300,"column":null}},{"start":{},"end":{}}],"line":296},"11":{"loc":{"start":{"line":303,"column":2},"end":{"line":307,"column":null}},"type":"if","locations":[{"start":{"line":303,"column":2},"end":{"line":307,"column":null}},{"start":{},"end":{}}],"line":303},"12":{"loc":{"start":{"line":310,"column":2},"end":{"line":316,"column":null}},"type":"if","locations":[{"start":{"line":310,"column":2},"end":{"line":316,"column":null}},{"start":{},"end":{}}],"line":310}},"s":{"0":0,"1":0,"2":0,"3":0,"4":0,"5":0,"6":0,"7":0,"8":0,"9":0,"10":0,"11":0,"12":0,"13":0,"14":0,"15":0,"16":0,"17":0,"18":0,"19":0,"20":0,"21":0,"22":0,"23":0,"24":0,"25":0,"26":0,"27":0,"28":0,"29":0,"30":0,"31":0,"32":0,"33":0,"34":0,"35":0,"36":0,"37":0,"38":0,"39":0,"40":0,"41":0,"42":0,"43":0,"44":0,"45":0,"46":0,"47":0,"48":0,"49":0,"50":0,"51":0,"52":0,"53":0,"54":0,"55":0,"56":0,"57":0,"58":0,"59":0,"60":0,"61":0,"62":0,"63":0,"64":0,"65":0,"66":0,"67":0,"68":0,"69":0},"f":{"0":0,"1":0,"2":0,"3":0,"4":0,"5":0,"6":0,"7":0,"8":0,"9":0,"10":0,"11":0,"12":0},"b":{"0":[0,0],"1":[0,0],"2":[0,0],"3":[0,0],"4":[0,0],"5":[0,0],"6":[0,0],"7":[0,0],"8":[0,0],"9":[0,0],"10":[0,0],"11":[0,0],"12":[0,0]},"meta":{"lastBranch":13,"lastFunction":13,"lastStatement":70,"seen":{"f:43:9:43:46":0,"s:44:2:53:Infinity":0,"s:45:10:45:Infinity":1,"s:46:10:46:Infinity":2,"s:47:4:47:Infinity":3,"s:49:4:52:Infinity":4,"f:101:16:101:Infinity":1,"s:104:19:104:Infinity":5,"s:105:27:105:Infinity":6,"s:106:29:106:Infinity":7,"b:109:2:120:Infinity:undefined:undefined:undefined:undefined":0,"s:109:2:120:Infinity":8,"s:110:4:110:Infinity":9,"s:111:4:119:Infinity":10,"b:123:2:127:Infinity:undefined:undefined:undefined:undefined":1,"s:123:2:127:Infinity":11,"s:124:4:126:Infinity":12,"b:130:2:134:Infinity:undefined:undefined:undefined:undefined":2,"s:130:2:134:Infinity":13,"s:131:4:133:Infinity":14,"b:137:2:139:Infinity:undefined:undefined:undefined:undefined":3,"s:137:2:139:Infinity":15,"s:138:4:138:Infinity":16,"s:141:2:151:Infinity":17,"f:173:16:173:Infinity":2,"s:177:19:177:Infinity":18,"s:178:27:178:Infinity":19,"s:179:29:179:Infinity":20,"s:182:19:182:Infinity":21,"f:182:43:182:44":3,"s:182:51:182:71":22,"b:183:2:194:Infinity:undefined:undefined:undefined:undefined":4,"s:183:2:194:Infinity":23,"s:184:4:184:Infinity":24,"s:185:4:193:Infinity":25,"s:197:25:199:Infinity":26,"f:198:12:198:13":4,"s:198:19:198:46":27,"f:199:9:199:10":5,"s:199:16:199:20":28,"s:202:24:202:Infinity":29,"f:202:46:202:47":6,"s:202:53:202:78":30,"b:203:2:207:Infinity:undefined:undefined:undefined:undefined":5,"s:203:2:207:Infinity":31,"s:204:4:206:Infinity":32,"s:210:22:210:Infinity":33,"f:210:42:210:43":7,"s:210:49:210:76":34,"b:211:2:215:Infinity:undefined:undefined:undefined:undefined":6,"s:211:2:215:Infinity":35,"s:212:4:214:Infinity":36,"s:217:2:225:Infinity":37,"f:234:16:234:Infinity":8,"s:237:19:237:Infinity":38,"s:238:27:238:Infinity":39,"s:239:29:239:Infinity":40,"s:241:27:241:Infinity":41,"f:241:49:241:50":9,"s:241:56:241:60":42,"b:244:2:248:Infinity:undefined:undefined:undefined:undefined":7,"s:244:2:248:Infinity":43,"s:245:4:247:Infinity":44,"s:251:26:251:Infinity":45,"f:251:50:251:51":10,"s:251:57:251:80":46,"b:252:2:254:Infinity:undefined:undefined:undefined:undefined":8,"s:252:2:254:Infinity":47,"s:253:4:253:Infinity":48,"s:257:24:257:Infinity":49,"f:257:42:257:43":11,"s:257:49:257:78":50,"b:258:2:262:Infinity:undefined:undefined:undefined:undefined":9,"s:258:2:262:Infinity":51,"s:259:4:261:Infinity":52,"s:264:2:272:Infinity":53,"f:289:16:289:Infinity":12,"s:292:27:292:Infinity":54,"s:293:29:293:Infinity":55,"b:296:2:300:Infinity:undefined:undefined:undefined:undefined":10,"s:296:2:300:Infinity":56,"s:297:27:297:Infinity":57,"s:298:4:298:Infinity":58,"s:299:4:299:Infinity":59,"b:303:2:307:Infinity:undefined:undefined:undefined:undefined":11,"s:303:2:307:Infinity":60,"s:304:27:304:Infinity":61,"s:305:4:305:Infinity":62,"s:306:4:306:Infinity":63,"b:310:2:316:Infinity:undefined:undefined:undefined:undefined":12,"s:310:2:316:Infinity":64,"s:311:4:315:Infinity":65,"s:312:25:312:Infinity":66,"s:313:6:313:Infinity":67,"s:314:6:314:Infinity":68,"s:318:2:328:Infinity":69}}}
}
