{"D:\\NEXUS-KERNEL\\src\\canonId.ts": {"path":"D:\\NEXUS-KERNEL\\src\\canonId.ts","statementMap":{"0":{"start":{"line":3,"column":23},"end":{"line":7,"column":null}}},"fnMap":{},"branchMap":{},"s":{"0":6},"f":{},"b":{},"meta":{"lastBranch":0,"lastFunction":0,"lastStatement":1,"seen":{"s:3:23:7:Infinity":0}}}
,"D:\\NEXUS-KERNEL\\src\\concept-registry.ts": {"path":"D:\\NEXUS-KERNEL\\src\\concept-registry.ts","statementMap":{"0":{"start":{"line":38,"column":24},"end":{"line":38,"column":null}},"1":{"start":{"line":39,"column":25},"end":{"line":39,"column":null}},"2":{"start":{"line":46,"column":2},"end":{"line":48,"column":null}},"3":{"start":{"line":47,"column":4},"end":{"line":47,"column":null}},"4":{"start":{"line":49,"column":2},"end":{"line":49,"column":null}},"5":{"start":{"line":50,"column":2},"end":{"line":50,"column":null}},"6":{"start":{"line":58,"column":14},"end":{"line":58,"column":null}},"7":{"start":{"line":59,"column":2},"end":{"line":61,"column":null}},"8":{"start":{"line":60,"column":4},"end":{"line":60,"column":null}},"9":{"start":{"line":62,"column":2},"end":{"line":62,"column":null}},"10":{"start":{"line":71,"column":2},"end":{"line":71,"column":null}},"11":{"start":{"line":81,"column":14},"end":{"line":81,"column":null}},"12":{"start":{"line":82,"column":2},"end":{"line":82,"column":null}},"13":{"start":{"line":89,"column":2},"end":{"line":89,"column":null}},"14":{"start":{"line":98,"column":2},"end":{"line":100,"column":null}},"15":{"start":{"line":99,"column":12},"end":{"line":99,"column":null}}},"fnMap":{"0":{"name":"defineConcept","decl":{"start":{"line":45,"column":16},"end":{"line":45,"column":30}},"loc":{"start":{"line":45,"column":73},"end":{"line":51,"column":null}},"line":45},"1":{"name":"registerValueSet","decl":{"start":{"line":57,"column":16},"end":{"line":57,"column":33}},"loc":{"start":{"line":57,"column":73},"end":{"line":63,"column":null}},"line":57},"2":{"name":"getConcept","decl":{"start":{"line":68,"column":16},"end":{"line":68,"column":null}},"loc":{"start":{"line":70,"column":33},"end":{"line":72,"column":null}},"line":70},"3":{"name":"getValueSet","decl":{"start":{"line":77,"column":16},"end":{"line":77,"column":null}},"loc":{"start":{"line":80,"column":38},"end":{"line":83,"column":null}},"line":80},"4":{"name":"listConcepts","decl":{"start":{"line":88,"column":16},"end":{"line":88,"column":52}},"loc":{"start":{"line":88,"column":52},"end":{"line":90,"column":null}},"line":88},"5":{"name":"listValueSets","decl":{"start":{"line":95,"column":16},"end":{"line":95,"column":null}},"loc":{"start":{"line":97,"column":28},"end":{"line":101,"column":null}},"line":97},"6":{"name":"(anonymous_6)","decl":{"start":{"line":99,"column":4},"end":{"line":99,"column":5}},"loc":{"start":{"line":99,"column":12},"end":{"line":99,"column":null}},"line":99}},"branchMap":{"0":{"loc":{"start":{"line":46,"column":2},"end":{"line":48,"column":null}},"type":"if","locations":[{"start":{"line":46,"column":2},"end":{"line":48,"column":null}},{"start":{},"end":{}}],"line":46},"1":{"loc":{"start":{"line":59,"column":2},"end":{"line":61,"column":null}},"type":"if","locations":[{"start":{"line":59,"column":2},"end":{"line":61,"column":null}},{"start":{},"end":{}}],"line":59}},"s":{"0":3,"1":3,"2":13,"3":1,"4":12,"5":12,"6":6,"7":6,"8":1,"9":5,"10":2,"11":2,"12":2,"13":1,"14":2,"15":10},"f":{"0":13,"1":6,"2":2,"3":2,"4":1,"5":2,"6":10},"b":{"0":[1,12],"1":[1,5]},"meta":{"lastBranch":2,"lastFunction":7,"lastStatement":16,"seen":{"s:38:24:38:Infinity":0,"s:39:25:39:Infinity":1,"f:45:16:45:30":0,"b:46:2:48:Infinity:undefined:undefined:undefined:undefined":0,"s:46:2:48:Infinity":2,"s:47:4:47:Infinity":3,"s:49:2:49:Infinity":4,"s:50:2:50:Infinity":5,"f:57:16:57:33":1,"s:58:14:58:Infinity":6,"b:59:2:61:Infinity:undefined:undefined:undefined:undefined":1,"s:59:2:61:Infinity":7,"s:60:4:60:Infinity":8,"s:62:2:62:Infinity":9,"f:68:16:68:Infinity":2,"s:71:2:71:Infinity":10,"f:77:16:77:Infinity":3,"s:81:14:81:Infinity":11,"s:82:2:82:Infinity":12,"f:88:16:88:52":4,"s:89:2:89:Infinity":13,"f:95:16:95:Infinity":5,"s:98:2:100:Infinity":14,"f:99:4:99:5":6,"s:99:12:99:Infinity":15}}}
,"D:\\NEXUS-KERNEL\\src\\concepts.ts": {"path":"D:\\NEXUS-KERNEL\\src\\concepts.ts","statementMap":{"0":{"start":{"line":29,"column":23},"end":{"line":402,"column":null}},"1":{"start":{"line":412,"column":68},"end":{"line":595,"column":null}},"2":{"start":{"line":600,"column":29},"end":{"line":600,"column":null}}},"fnMap":{},"branchMap":{},"s":{"0":8,"1":8,"2":8},"f":{},"b":{},"meta":{"lastBranch":0,"lastFunction":0,"lastStatement":3,"seen":{"s:29:23:402:Infinity":0,"s:412:68:595:Infinity":1,"s:600:29:600:Infinity":2}}}
,"D:\\NEXUS-KERNEL\\src\\design_system.ts": {"path":"D:\\NEXUS-KERNEL\\src\\design_system.ts","statementMap":{"0":{"start":{"line":22,"column":13},"end":{"line":28,"column":null}},"1":{"start":{"line":43,"column":34},"end":{"line":43,"column":null}}},"fnMap":{},"branchMap":{},"s":{"0":2,"1":2},"f":{},"b":{},"meta":{"lastBranch":0,"lastFunction":0,"lastStatement":2,"seen":{"s:22:13:28:Infinity":0,"s:43:34:43:Infinity":1}}}
,"D:\\NEXUS-KERNEL\\src\\document-types.ts": {"path":"D:\\NEXUS-KERNEL\\src\\document-types.ts","statementMap":{"0":{"start":{"line":50,"column":29},"end":{"line":73,"column":null}},"1":{"start":{"line":88,"column":4},"end":{"line":166,"column":null}},"2":{"start":{"line":171,"column":35},"end":{"line":171,"column":null}},"3":{"start":{"line":200,"column":2},"end":{"line":200,"column":null}},"4":{"start":{"line":207,"column":2},"end":{"line":207,"column":null}},"5":{"start":{"line":217,"column":16},"end":{"line":217,"column":null}},"6":{"start":{"line":218,"column":17},"end":{"line":218,"column":null}},"7":{"start":{"line":220,"column":2},"end":{"line":220,"column":null}},"8":{"start":{"line":230,"column":27},"end":{"line":230,"column":null}},"9":{"start":{"line":231,"column":17},"end":{"line":231,"column":null}},"10":{"start":{"line":233,"column":2},"end":{"line":249,"column":null}},"11":{"start":{"line":235,"column":27},"end":{"line":235,"column":null}},"12":{"start":{"line":236,"column":27},"end":{"line":236,"column":null}},"13":{"start":{"line":238,"column":4},"end":{"line":241,"column":null}},"14":{"start":{"line":239,"column":6},"end":{"line":239,"column":null}},"15":{"start":{"line":240,"column":6},"end":{"line":240,"column":null}},"16":{"start":{"line":243,"column":22},"end":{"line":243,"column":null}},"17":{"start":{"line":244,"column":4},"end":{"line":248,"column":null}},"18":{"start":{"line":245,"column":6},"end":{"line":247,"column":null}},"19":{"start":{"line":251,"column":2},"end":{"line":251,"column":null}}},"fnMap":{"0":{"name":"isValidDocumentType","decl":{"start":{"line":199,"column":16},"end":{"line":199,"column":36}},"loc":{"start":{"line":199,"column":74},"end":{"line":201,"column":null}},"line":199},"1":{"name":"getDocumentType","decl":{"start":{"line":206,"column":16},"end":{"line":206,"column":32}},"loc":{"start":{"line":206,"column":78},"end":{"line":208,"column":null}},"line":206},"2":{"name":"canReference","decl":{"start":{"line":213,"column":16},"end":{"line":213,"column":null}},"loc":{"start":{"line":216,"column":11},"end":{"line":221,"column":null}},"line":216},"3":{"name":"validateDerivationChain","decl":{"start":{"line":226,"column":16},"end":{"line":226,"column":null}},"loc":{"start":{"line":229,"column":40},"end":{"line":252,"column":null}},"line":229}},"branchMap":{"0":{"loc":{"start":{"line":238,"column":4},"end":{"line":241,"column":null}},"type":"if","locations":[{"start":{"line":238,"column":4},"end":{"line":241,"column":null}},{"start":{},"end":{}}],"line":238},"1":{"loc":{"start":{"line":244,"column":4},"end":{"line":248,"column":null}},"type":"if","locations":[{"start":{"line":244,"column":4},"end":{"line":248,"column":null}},{"start":{},"end":{}}],"line":244}},"s":{"0":2,"1":2,"2":2,"3":16,"4":2,"5":5,"6":5,"7":5,"8":7,"9":7,"10":7,"11":10,"12":10,"13":10,"14":1,"15":1,"16":9,"17":9,"18":3,"19":7},"f":{"0":16,"1":2,"2":5,"3":7},"b":{"0":[1,9],"1":[3,6]},"meta":{"lastBranch":2,"lastFunction":4,"lastStatement":20,"seen":{"s:50:29:73:Infinity":0,"s:88:4:166:Infinity":1,"s:171:35:171:Infinity":2,"f:199:16:199:36":0,"s:200:2:200:Infinity":3,"f:206:16:206:32":1,"s:207:2:207:Infinity":4,"f:213:16:213:Infinity":2,"s:217:16:217:Infinity":5,"s:218:17:218:Infinity":6,"s:220:2:220:Infinity":7,"f:226:16:226:Infinity":3,"s:230:27:230:Infinity":8,"s:231:17:231:Infinity":9,"s:233:2:249:Infinity":10,"s:235:27:235:Infinity":11,"s:236:27:236:Infinity":12,"b:238:4:241:Infinity:undefined:undefined:undefined:undefined":0,"s:238:4:241:Infinity":13,"s:239:6:239:Infinity":14,"s:240:6:240:Infinity":15,"s:243:22:243:Infinity":16,"b:244:4:248:Infinity:undefined:undefined:undefined:undefined":1,"s:244:4:248:Infinity":17,"s:245:6:247:Infinity":18,"s:251:2:251:Infinity":19}}}
,"D:\\NEXUS-KERNEL\\src\\errors.ts": {"path":"D:\\NEXUS-KERNEL\\src\\errors.ts","statementMap":{"0":{"start":{"line":17,"column":4},"end":{"line":17,"column":null}},"1":{"start":{"line":18,"column":4},"end":{"line":18,"column":null}},"2":{"start":{"line":19,"column":4},"end":{"line":19,"column":null}},"3":{"start":{"line":20,"column":4},"end":{"line":20,"column":null}},"4":{"start":{"line":24,"column":4},"end":{"line":24,"column":null}}},"fnMap":{"0":{"name":"(anonymous_0)","decl":{"start":{"line":16,"column":2},"end":{"line":16,"column":14}},"loc":{"start":{"line":16,"column":72},"end":{"line":21,"column":null}},"line":16},"1":{"name":"(anonymous_1)","decl":{"start":{"line":23,"column":2},"end":{"line":23,"column":11}},"loc":{"start":{"line":23,"column":11},"end":{"line":25,"column":null}},"line":23}},"branchMap":{},"s":{"0":45,"1":45,"2":45,"3":45,"4":2},"f":{"0":45,"1":2},"b":{},"meta":{"lastBranch":0,"lastFunction":2,"lastStatement":5,"seen":{"f:16:2:16:14":0,"s:17:4:17:Infinity":0,"s:18:4:18:Infinity":1,"s:19:4:19:Infinity":2,"s:20:4:20:Infinity":3,"f:23:2:23:11":1,"s:24:4:24:Infinity":4}}}
,"D:\\NEXUS-KERNEL\\src\\kernel.contract.ts": {"path":"D:\\NEXUS-KERNEL\\src\\kernel.contract.ts","statementMap":{"0":{"start":{"line":13,"column":37},"end":{"line":18,"column":null}},"1":{"start":{"line":25,"column":28},"end":{"line":42,"column":null}},"2":{"start":{"line":49,"column":34},"end":{"line":62,"column":null}},"3":{"start":{"line":69,"column":35},"end":{"line":86,"column":null}},"4":{"start":{"line":93,"column":32},"end":{"line":106,"column":null}},"5":{"start":{"line":113,"column":31},"end":{"line":140,"column":null}},"6":{"start":{"line":147,"column":41},"end":{"line":167,"column":null}},"7":{"start":{"line":174,"column":26},"end":{"line":204,"column":null}},"8":{"start":{"line":176,"column":39},"end":{"line":176,"column":null}},"9":{"start":{"line":180,"column":19},"end":{"line":180,"column":null}},"10":{"start":{"line":181,"column":4},"end":{"line":181,"column":null}},"11":{"start":{"line":187,"column":4},"end":{"line":187,"column":null}},"12":{"start":{"line":192,"column":4},"end":{"line":192,"column":null}},"13":{"start":{"line":197,"column":4},"end":{"line":197,"column":null}},"14":{"start":{"line":202,"column":4},"end":{"line":202,"column":null}},"15":{"start":{"line":210,"column":29},"end":{"line":223,"column":null}},"16":{"start":{"line":212,"column":37},"end":{"line":212,"column":null}},"17":{"start":{"line":216,"column":4},"end":{"line":216,"column":null}},"18":{"start":{"line":221,"column":4},"end":{"line":221,"column":null}}},"fnMap":{"0":{"name":"(anonymous_0)","decl":{"start":{"line":176,"column":13},"end":{"line":176,"column":14}},"loc":{"start":{"line":176,"column":39},"end":{"line":176,"column":null}},"line":176},"1":{"name":"(anonymous_1)","decl":{"start":{"line":179,"column":14},"end":{"line":179,"column":15}},"loc":{"start":{"line":179,"column":98},"end":{"line":182,"column":null}},"line":179},"2":{"name":"(anonymous_2)","decl":{"start":{"line":185,"column":11},"end":{"line":185,"column":12}},"loc":{"start":{"line":185,"column":53},"end":{"line":188,"column":null}},"line":185},"3":{"name":"(anonymous_3)","decl":{"start":{"line":191,"column":22},"end":{"line":191,"column":23}},"loc":{"start":{"line":191,"column":49},"end":{"line":193,"column":null}},"line":191},"4":{"name":"(anonymous_4)","decl":{"start":{"line":196,"column":23},"end":{"line":196,"column":24}},"loc":{"start":{"line":196,"column":50},"end":{"line":198,"column":null}},"line":196},"5":{"name":"(anonymous_5)","decl":{"start":{"line":201,"column":20},"end":{"line":201,"column":21}},"loc":{"start":{"line":201,"column":47},"end":{"line":203,"column":null}},"line":201},"6":{"name":"(anonymous_6)","decl":{"start":{"line":212,"column":11},"end":{"line":212,"column":12}},"loc":{"start":{"line":212,"column":37},"end":{"line":212,"column":null}},"line":212},"7":{"name":"(anonymous_7)","decl":{"start":{"line":215,"column":12},"end":{"line":215,"column":13}},"loc":{"start":{"line":215,"column":96},"end":{"line":217,"column":null}},"line":215},"8":{"name":"(anonymous_8)","decl":{"start":{"line":220,"column":9},"end":{"line":220,"column":10}},"loc":{"start":{"line":220,"column":78},"end":{"line":222,"column":null}},"line":220}},"branchMap":{"0":{"loc":{"start":{"line":179,"column":29},"end":{"line":179,"column":98}},"type":"default-arg","locations":[{"start":{"line":179,"column":77},"end":{"line":179,"column":98}}],"line":179},"1":{"loc":{"start":{"line":180,"column":19},"end":{"line":180,"column":null}},"type":"cond-expr","locations":[{"start":{"line":180,"column":47},"end":{"line":180,"column":58}},{"start":{"line":180,"column":58},"end":{"line":180,"column":null}}],"line":180},"2":{"loc":{"start":{"line":215,"column":27},"end":{"line":215,"column":96}},"type":"default-arg","locations":[{"start":{"line":215,"column":75},"end":{"line":215,"column":96}}],"line":215}},"s":{"0":2,"1":2,"2":2,"3":2,"4":2,"5":2,"6":2,"7":2,"8":4,"9":8,"10":8,"11":4,"12":13,"13":10,"14":12,"15":2,"16":2,"17":4,"18":2},"f":{"0":4,"1":8,"2":4,"3":13,"4":10,"5":12,"6":2,"7":4,"8":2},"b":{"0":[8],"1":[4,4],"2":[4]},"meta":{"lastBranch":3,"lastFunction":9,"lastStatement":19,"seen":{"s:13:37:18:Infinity":0,"s:25:28:42:Infinity":1,"s:49:34:62:Infinity":2,"s:69:35:86:Infinity":3,"s:93:32:106:Infinity":4,"s:113:31:140:Infinity":5,"s:147:41:167:Infinity":6,"s:174:26:204:Infinity":7,"f:176:13:176:14":0,"s:176:39:176:Infinity":8,"f:179:14:179:15":1,"b:179:77:179:98":0,"s:180:19:180:Infinity":9,"b:180:47:180:58:180:58:180:Infinity":1,"s:181:4:181:Infinity":10,"f:185:11:185:12":2,"s:187:4:187:Infinity":11,"f:191:22:191:23":3,"s:192:4:192:Infinity":12,"f:196:23:196:24":4,"s:197:4:197:Infinity":13,"f:201:20:201:21":5,"s:202:4:202:Infinity":14,"s:210:29:223:Infinity":15,"f:212:11:212:12":6,"s:212:37:212:Infinity":16,"f:215:12:215:13":7,"b:215:75:215:96":2,"s:216:4:216:Infinity":17,"f:220:9:220:10":8,"s:221:4:221:Infinity":18}}}
,"D:\\NEXUS-KERNEL\\src\\kernel.validation.ts": {"path":"D:\\NEXUS-KERNEL\\src\\kernel.validation.ts","statementMap":{"0":{"start":{"line":26,"column":19},"end":{"line":26,"column":null}},"1":{"start":{"line":27,"column":4},"end":{"line":33,"column":null}},"2":{"start":{"line":28,"column":8},"end":{"line":32,"column":null}},"3":{"start":{"line":36,"column":4},"end":{"line":42,"column":null}},"4":{"start":{"line":37,"column":8},"end":{"line":41,"column":null}},"5":{"start":{"line":44,"column":4},"end":{"line":44,"column":null}},"6":{"start":{"line":52,"column":19},"end":{"line":52,"column":null}},"7":{"start":{"line":53,"column":4},"end":{"line":59,"column":null}},"8":{"start":{"line":54,"column":8},"end":{"line":58,"column":null}},"9":{"start":{"line":62,"column":4},"end":{"line":68,"column":null}},"10":{"start":{"line":63,"column":8},"end":{"line":67,"column":null}},"11":{"start":{"line":70,"column":4},"end":{"line":70,"column":null}},"12":{"start":{"line":78,"column":19},"end":{"line":78,"column":null}},"13":{"start":{"line":79,"column":4},"end":{"line":85,"column":null}},"14":{"start":{"line":80,"column":8},"end":{"line":84,"column":null}},"15":{"start":{"line":88,"column":4},"end":{"line":94,"column":null}},"16":{"start":{"line":89,"column":8},"end":{"line":93,"column":null}},"17":{"start":{"line":96,"column":4},"end":{"line":96,"column":null}},"18":{"start":{"line":106,"column":19},"end":{"line":106,"column":null}},"19":{"start":{"line":107,"column":4},"end":{"line":113,"column":null}},"20":{"start":{"line":108,"column":8},"end":{"line":112,"column":null}},"21":{"start":{"line":116,"column":25},"end":{"line":116,"column":null}},"22":{"start":{"line":117,"column":4},"end":{"line":126,"column":null}},"23":{"start":{"line":118,"column":8},"end":{"line":124,"column":null}},"24":{"start":{"line":119,"column":12},"end":{"line":123,"column":null}},"25":{"start":{"line":125,"column":8},"end":{"line":125,"column":null}},"26":{"start":{"line":128,"column":26},"end":{"line":128,"column":null}},"27":{"start":{"line":129,"column":4},"end":{"line":138,"column":null}},"28":{"start":{"line":130,"column":8},"end":{"line":136,"column":null}},"29":{"start":{"line":131,"column":12},"end":{"line":135,"column":null}},"30":{"start":{"line":137,"column":8},"end":{"line":137,"column":null}},"31":{"start":{"line":141,"column":31},"end":{"line":143,"column":null}},"32":{"start":{"line":142,"column":43},"end":{"line":142,"column":50}},"33":{"start":{"line":144,"column":4},"end":{"line":156,"column":null}},"34":{"start":{"line":145,"column":8},"end":{"line":155,"column":null}},"35":{"start":{"line":146,"column":12},"end":{"line":154,"column":null}},"36":{"start":{"line":159,"column":28},"end":{"line":159,"column":null}},"37":{"start":{"line":160,"column":4},"end":{"line":174,"column":null}},"38":{"start":{"line":161,"column":24},"end":{"line":161,"column":null}},"39":{"start":{"line":162,"column":8},"end":{"line":164,"column":null}},"40":{"start":{"line":163,"column":12},"end":{"line":163,"column":null}},"41":{"start":{"line":165,"column":22},"end":{"line":165,"column":null}},"42":{"start":{"line":166,"column":8},"end":{"line":172,"column":null}},"43":{"start":{"line":167,"column":12},"end":{"line":171,"column":null}},"44":{"start":{"line":173,"column":8},"end":{"line":173,"column":null}},"45":{"start":{"line":177,"column":4},"end":{"line":177,"column":null}},"46":{"start":{"line":179,"column":4},"end":{"line":179,"column":null}},"47":{"start":{"line":188,"column":24},"end":{"line":188,"column":null}},"48":{"start":{"line":189,"column":4},"end":{"line":194,"column":null}},"49":{"start":{"line":190,"column":8},"end":{"line":192,"column":null}},"50":{"start":{"line":191,"column":12},"end":{"line":191,"column":null}},"51":{"start":{"line":193,"column":8},"end":{"line":193,"column":null}},"52":{"start":{"line":197,"column":4},"end":{"line":206,"column":null}},"53":{"start":{"line":198,"column":26},"end":{"line":198,"column":null}},"54":{"start":{"line":199,"column":8},"end":{"line":205,"column":null}},"55":{"start":{"line":200,"column":12},"end":{"line":204,"column":null}},"56":{"start":{"line":209,"column":4},"end":{"line":233,"column":null}},"57":{"start":{"line":210,"column":32},"end":{"line":210,"column":null}},"58":{"start":{"line":210,"column":56},"end":{"line":210,"column":82}},"59":{"start":{"line":211,"column":8},"end":{"line":211,"column":null}},"60":{"start":{"line":211,"column":42},"end":{"line":211,"column":null}},"61":{"start":{"line":213,"column":27},"end":{"line":215,"column":null}},"62":{"start":{"line":214,"column":24},"end":{"line":214,"column":37}},"63":{"start":{"line":215,"column":28},"end":{"line":215,"column":33}},"64":{"start":{"line":218,"column":8},"end":{"line":232,"column":null}},"65":{"start":{"line":218,"column":21},"end":{"line":218,"column":24}},"66":{"start":{"line":219,"column":12},"end":{"line":231,"column":null}},"67":{"start":{"line":220,"column":16},"end":{"line":230,"column":null}},"68":{"start":{"line":241,"column":19},"end":{"line":241,"column":null}},"69":{"start":{"line":242,"column":4},"end":{"line":248,"column":null}},"70":{"start":{"line":243,"column":8},"end":{"line":247,"column":null}},"71":{"start":{"line":251,"column":4},"end":{"line":253,"column":null}},"72":{"start":{"line":252,"column":8},"end":{"line":252,"column":null}},"73":{"start":{"line":255,"column":4},"end":{"line":257,"column":null}},"74":{"start":{"line":256,"column":8},"end":{"line":256,"column":null}},"75":{"start":{"line":259,"column":4},"end":{"line":261,"column":null}},"76":{"start":{"line":260,"column":8},"end":{"line":260,"column":null}},"77":{"start":{"line":264,"column":31},"end":{"line":266,"column":null}},"78":{"start":{"line":265,"column":43},"end":{"line":265,"column":50}},"79":{"start":{"line":267,"column":4},"end":{"line":280,"column":null}},"80":{"start":{"line":268,"column":8},"end":{"line":279,"column":null}},"81":{"start":{"line":269,"column":12},"end":{"line":278,"column":null}}},"fnMap":{"0":{"name":"validateConcept","decl":{"start":{"line":25,"column":16},"end":{"line":25,"column":32}},"loc":{"start":{"line":25,"column":64},"end":{"line":45,"column":null}},"line":25},"1":{"name":"validateValueSet","decl":{"start":{"line":51,"column":16},"end":{"line":51,"column":33}},"loc":{"start":{"line":51,"column":67},"end":{"line":71,"column":null}},"line":51},"2":{"name":"validateValue","decl":{"start":{"line":77,"column":16},"end":{"line":77,"column":30}},"loc":{"start":{"line":77,"column":58},"end":{"line":97,"column":null}},"line":77},"3":{"name":"validateKernelRegistry","decl":{"start":{"line":103,"column":16},"end":{"line":103,"column":null}},"loc":{"start":{"line":105,"column":23},"end":{"line":180,"column":null}},"line":105},"4":{"name":"(anonymous_4)","decl":{"start":{"line":142,"column":35},"end":{"line":142,"column":36}},"loc":{"start":{"line":142,"column":43},"end":{"line":142,"column":50}},"line":142},"5":{"name":"validatePackInvariants","decl":{"start":{"line":186,"column":9},"end":{"line":186,"column":32}},"loc":{"start":{"line":186,"column":69},"end":{"line":234,"column":null}},"line":186},"6":{"name":"(anonymous_6)","decl":{"start":{"line":210,"column":49},"end":{"line":210,"column":50}},"loc":{"start":{"line":210,"column":56},"end":{"line":210,"column":82}},"line":210},"7":{"name":"(anonymous_7)","decl":{"start":{"line":214,"column":17},"end":{"line":214,"column":18}},"loc":{"start":{"line":214,"column":24},"end":{"line":214,"column":37}},"line":214},"8":{"name":"(anonymous_8)","decl":{"start":{"line":215,"column":18},"end":{"line":215,"column":19}},"loc":{"start":{"line":215,"column":28},"end":{"line":215,"column":33}},"line":215},"9":{"name":"validatePack","decl":{"start":{"line":240,"column":16},"end":{"line":240,"column":29}},"loc":{"start":{"line":240,"column":50},"end":{"line":281,"column":null}},"line":240},"10":{"name":"(anonymous_10)","decl":{"start":{"line":265,"column":35},"end":{"line":265,"column":36}},"loc":{"start":{"line":265,"column":43},"end":{"line":265,"column":50}},"line":265}},"branchMap":{"0":{"loc":{"start":{"line":27,"column":4},"end":{"line":33,"column":null}},"type":"if","locations":[{"start":{"line":27,"column":4},"end":{"line":33,"column":null}},{"start":{},"end":{}}],"line":27},"1":{"loc":{"start":{"line":36,"column":4},"end":{"line":42,"column":null}},"type":"if","locations":[{"start":{"line":36,"column":4},"end":{"line":42,"column":null}},{"start":{},"end":{}}],"line":36},"2":{"loc":{"start":{"line":53,"column":4},"end":{"line":59,"column":null}},"type":"if","locations":[{"start":{"line":53,"column":4},"end":{"line":59,"column":null}},{"start":{},"end":{}}],"line":53},"3":{"loc":{"start":{"line":62,"column":4},"end":{"line":68,"column":null}},"type":"if","locations":[{"start":{"line":62,"column":4},"end":{"line":68,"column":null}},{"start":{},"end":{}}],"line":62},"4":{"loc":{"start":{"line":79,"column":4},"end":{"line":85,"column":null}},"type":"if","locations":[{"start":{"line":79,"column":4},"end":{"line":85,"column":null}},{"start":{},"end":{}}],"line":79},"5":{"loc":{"start":{"line":88,"column":4},"end":{"line":94,"column":null}},"type":"if","locations":[{"start":{"line":88,"column":4},"end":{"line":94,"column":null}},{"start":{},"end":{}}],"line":88},"6":{"loc":{"start":{"line":107,"column":4},"end":{"line":113,"column":null}},"type":"if","locations":[{"start":{"line":107,"column":4},"end":{"line":113,"column":null}},{"start":{},"end":{}}],"line":107},"7":{"loc":{"start":{"line":118,"column":8},"end":{"line":124,"column":null}},"type":"if","locations":[{"start":{"line":118,"column":8},"end":{"line":124,"column":null}},{"start":{},"end":{}}],"line":118},"8":{"loc":{"start":{"line":130,"column":8},"end":{"line":136,"column":null}},"type":"if","locations":[{"start":{"line":130,"column":8},"end":{"line":136,"column":null}},{"start":{},"end":{}}],"line":130},"9":{"loc":{"start":{"line":145,"column":8},"end":{"line":155,"column":null}},"type":"if","locations":[{"start":{"line":145,"column":8},"end":{"line":155,"column":null}},{"start":{},"end":{}}],"line":145},"10":{"loc":{"start":{"line":162,"column":8},"end":{"line":164,"column":null}},"type":"if","locations":[{"start":{"line":162,"column":8},"end":{"line":164,"column":null}},{"start":{},"end":{}}],"line":162},"11":{"loc":{"start":{"line":166,"column":8},"end":{"line":172,"column":null}},"type":"if","locations":[{"start":{"line":166,"column":8},"end":{"line":172,"column":null}},{"start":{},"end":{}}],"line":166},"12":{"loc":{"start":{"line":190,"column":8},"end":{"line":192,"column":null}},"type":"if","locations":[{"start":{"line":190,"column":8},"end":{"line":192,"column":null}},{"start":{},"end":{}}],"line":190},"13":{"loc":{"start":{"line":198,"column":26},"end":{"line":198,"column":null}},"type":"binary-expr","locations":[{"start":{"line":198,"column":26},"end":{"line":198,"column":60}},{"start":{"line":198,"column":60},"end":{"line":198,"column":null}}],"line":198},"14":{"loc":{"start":{"line":199,"column":8},"end":{"line":205,"column":null}},"type":"if","locations":[{"start":{"line":199,"column":8},"end":{"line":205,"column":null}},{"start":{},"end":{}}],"line":199},"15":{"loc":{"start":{"line":211,"column":8},"end":{"line":211,"column":null}},"type":"if","locations":[{"start":{"line":211,"column":8},"end":{"line":211,"column":null}},{"start":{},"end":{}}],"line":211},"16":{"loc":{"start":{"line":219,"column":12},"end":{"line":231,"column":null}},"type":"if","locations":[{"start":{"line":219,"column":12},"end":{"line":231,"column":null}},{"start":{},"end":{}}],"line":219},"17":{"loc":{"start":{"line":242,"column":4},"end":{"line":248,"column":null}},"type":"if","locations":[{"start":{"line":242,"column":4},"end":{"line":248,"column":null}},{"start":{},"end":{}}],"line":242},"18":{"loc":{"start":{"line":268,"column":8},"end":{"line":279,"column":null}},"type":"if","locations":[{"start":{"line":268,"column":8},"end":{"line":279,"column":null}},{"start":{},"end":{}}],"line":268}},"s":{"0":6,"1":6,"2":2,"3":4,"4":0,"5":4,"6":6,"7":6,"8":2,"9":4,"10":0,"11":4,"12":8,"13":8,"14":3,"15":5,"16":0,"17":5,"18":15,"19":15,"20":2,"21":13,"22":13,"23":11,"24":2,"25":9,"26":11,"27":11,"28":13,"29":2,"30":11,"31":9,"32":9,"33":9,"34":14,"35":2,"36":7,"37":7,"38":12,"39":12,"40":7,"41":12,"42":12,"43":2,"44":10,"45":5,"46":5,"47":5,"48":5,"49":8,"50":5,"51":8,"52":5,"53":5,"54":5,"55":2,"56":3,"57":3,"58":6,"59":3,"60":0,"61":3,"62":6,"63":3,"64":3,"65":3,"66":6,"67":2,"68":5,"69":5,"70":4,"71":1,"72":1,"73":1,"74":1,"75":1,"76":1,"77":1,"78":1,"79":1,"80":1,"81":0},"f":{"0":6,"1":6,"2":8,"3":15,"4":9,"5":5,"6":6,"7":6,"8":3,"9":5,"10":1},"b":{"0":[2,4],"1":[0,4],"2":[2,4],"3":[0,4],"4":[3,5],"5":[0,5],"6":[2,13],"7":[2,9],"8":[2,11],"9":[2,12],"10":[7,5],"11":[2,10],"12":[5,3],"13":[5,0],"14":[2,3],"15":[0,3],"16":[2,4],"17":[4,1],"18":[0,1]},"meta":{"lastBranch":19,"lastFunction":11,"lastStatement":82,"seen":{"f:25:16:25:32":0,"s:26:19:26:Infinity":0,"b:27:4:33:Infinity:undefined:undefined:undefined:undefined":0,"s:27:4:33:Infinity":1,"s:28:8:32:Infinity":2,"b:36:4:42:Infinity:undefined:undefined:undefined:undefined":1,"s:36:4:42:Infinity":3,"s:37:8:41:Infinity":4,"s:44:4:44:Infinity":5,"f:51:16:51:33":1,"s:52:19:52:Infinity":6,"b:53:4:59:Infinity:undefined:undefined:undefined:undefined":2,"s:53:4:59:Infinity":7,"s:54:8:58:Infinity":8,"b:62:4:68:Infinity:undefined:undefined:undefined:undefined":3,"s:62:4:68:Infinity":9,"s:63:8:67:Infinity":10,"s:70:4:70:Infinity":11,"f:77:16:77:30":2,"s:78:19:78:Infinity":12,"b:79:4:85:Infinity:undefined:undefined:undefined:undefined":4,"s:79:4:85:Infinity":13,"s:80:8:84:Infinity":14,"b:88:4:94:Infinity:undefined:undefined:undefined:undefined":5,"s:88:4:94:Infinity":15,"s:89:8:93:Infinity":16,"s:96:4:96:Infinity":17,"f:103:16:103:Infinity":3,"s:106:19:106:Infinity":18,"b:107:4:113:Infinity:undefined:undefined:undefined:undefined":6,"s:107:4:113:Infinity":19,"s:108:8:112:Infinity":20,"s:116:25:116:Infinity":21,"s:117:4:126:Infinity":22,"b:118:8:124:Infinity:undefined:undefined:undefined:undefined":7,"s:118:8:124:Infinity":23,"s:119:12:123:Infinity":24,"s:125:8:125:Infinity":25,"s:128:26:128:Infinity":26,"s:129:4:138:Infinity":27,"b:130:8:136:Infinity:undefined:undefined:undefined:undefined":8,"s:130:8:136:Infinity":28,"s:131:12:135:Infinity":29,"s:137:8:137:Infinity":30,"s:141:31:143:Infinity":31,"f:142:35:142:36":4,"s:142:43:142:50":32,"s:144:4:156:Infinity":33,"b:145:8:155:Infinity:undefined:undefined:undefined:undefined":9,"s:145:8:155:Infinity":34,"s:146:12:154:Infinity":35,"s:159:28:159:Infinity":36,"s:160:4:174:Infinity":37,"s:161:24:161:Infinity":38,"b:162:8:164:Infinity:undefined:undefined:undefined:undefined":10,"s:162:8:164:Infinity":39,"s:163:12:163:Infinity":40,"s:165:22:165:Infinity":41,"b:166:8:172:Infinity:undefined:undefined:undefined:undefined":11,"s:166:8:172:Infinity":42,"s:167:12:171:Infinity":43,"s:173:8:173:Infinity":44,"s:177:4:177:Infinity":45,"s:179:4:179:Infinity":46,"f:186:9:186:32":5,"s:188:24:188:Infinity":47,"s:189:4:194:Infinity":48,"b:190:8:192:Infinity:undefined:undefined:undefined:undefined":12,"s:190:8:192:Infinity":49,"s:191:12:191:Infinity":50,"s:193:8:193:Infinity":51,"s:197:4:206:Infinity":52,"s:198:26:198:Infinity":53,"b:198:26:198:60:198:60:198:Infinity":13,"b:199:8:205:Infinity:undefined:undefined:undefined:undefined":14,"s:199:8:205:Infinity":54,"s:200:12:204:Infinity":55,"s:209:4:233:Infinity":56,"s:210:32:210:Infinity":57,"f:210:49:210:50":6,"s:210:56:210:82":58,"b:211:8:211:Infinity:undefined:undefined:undefined:undefined":15,"s:211:8:211:Infinity":59,"s:211:42:211:Infinity":60,"s:213:27:215:Infinity":61,"f:214:17:214:18":7,"s:214:24:214:37":62,"f:215:18:215:19":8,"s:215:28:215:33":63,"s:218:8:232:Infinity":64,"s:218:21:218:24":65,"b:219:12:231:Infinity:undefined:undefined:undefined:undefined":16,"s:219:12:231:Infinity":66,"s:220:16:230:Infinity":67,"f:240:16:240:29":9,"s:241:19:241:Infinity":68,"b:242:4:248:Infinity:undefined:undefined:undefined:undefined":17,"s:242:4:248:Infinity":69,"s:243:8:247:Infinity":70,"s:251:4:253:Infinity":71,"s:252:8:252:Infinity":72,"s:255:4:257:Infinity":73,"s:256:8:256:Infinity":74,"s:259:4:261:Infinity":75,"s:260:8:260:Infinity":76,"s:264:31:266:Infinity":77,"f:265:35:265:36":10,"s:265:43:265:50":78,"s:267:4:280:Infinity":79,"b:268:8:279:Infinity:undefined:undefined:undefined:undefined":18,"s:268:8:279:Infinity":80,"s:269:12:278:Infinity":81}}}
,"D:\\NEXUS-KERNEL\\src\\manifest.ts": {"path":"D:\\NEXUS-KERNEL\\src\\manifest.ts","statementMap":{"0":{"start":{"line":22,"column":35},"end":{"line":22,"column":null}},"1":{"start":{"line":28,"column":32},"end":{"line":28,"column":null}},"2":{"start":{"line":34,"column":38},"end":{"line":39,"column":null}},"3":{"start":{"line":45,"column":35},"end":{"line":51,"column":null}},"4":{"start":{"line":57,"column":22},"end":{"line":57,"column":null}},"5":{"start":{"line":58,"column":31},"end":{"line":58,"column":null}},"6":{"start":{"line":64,"column":28},"end":{"line":64,"column":null}},"7":{"start":{"line":69,"column":32},"end":{"line":71,"column":null}},"8":{"start":{"line":76,"column":29},"end":{"line":78,"column":null}},"9":{"start":{"line":83,"column":28},"end":{"line":85,"column":null}},"10":{"start":{"line":105,"column":36},"end":{"line":111,"column":null}},"11":{"start":{"line":129,"column":41},"end":{"line":134,"column":null}},"12":{"start":{"line":162,"column":40},"end":{"line":171,"column":null}},"13":{"start":{"line":190,"column":39},"end":{"line":194,"column":null}},"14":{"start":{"line":230,"column":35},"end":{"line":239,"column":null}},"15":{"start":{"line":251,"column":40},"end":{"line":262,"column":null}},"16":{"start":{"line":287,"column":30},"end":{"line":338,"column":null}},"17":{"start":{"line":349,"column":41},"end":{"line":356,"column":null}},"18":{"start":{"line":368,"column":17},"end":{"line":368,"column":null}},"19":{"start":{"line":369,"column":2},"end":{"line":375,"column":null}},"20":{"start":{"line":370,"column":4},"end":{"line":374,"column":null}},"21":{"start":{"line":376,"column":2},"end":{"line":376,"column":null}},"22":{"start":{"line":384,"column":17},"end":{"line":384,"column":null}},"23":{"start":{"line":385,"column":2},"end":{"line":391,"column":null}},"24":{"start":{"line":386,"column":4},"end":{"line":390,"column":null}},"25":{"start":{"line":392,"column":2},"end":{"line":392,"column":null}},"26":{"start":{"line":402,"column":17},"end":{"line":402,"column":null}},"27":{"start":{"line":403,"column":2},"end":{"line":409,"column":null}},"28":{"start":{"line":404,"column":4},"end":{"line":408,"column":null}},"29":{"start":{"line":410,"column":2},"end":{"line":410,"column":null}},"30":{"start":{"line":420,"column":21},"end":{"line":420,"column":null}},"31":{"start":{"line":421,"column":2},"end":{"line":421,"column":null}},"32":{"start":{"line":431,"column":21},"end":{"line":431,"column":null}},"33":{"start":{"line":432,"column":2},"end":{"line":432,"column":null}},"34":{"start":{"line":444,"column":2},"end":{"line":446,"column":null}},"35":{"start":{"line":445,"column":4},"end":{"line":445,"column":null}},"36":{"start":{"line":448,"column":17},"end":{"line":448,"column":null}},"37":{"start":{"line":449,"column":2},"end":{"line":452,"column":null}},"38":{"start":{"line":451,"column":4},"end":{"line":451,"column":null}},"39":{"start":{"line":454,"column":23},"end":{"line":454,"column":null}},"40":{"start":{"line":455,"column":2},"end":{"line":455,"column":null}},"41":{"start":{"line":466,"column":28},"end":{"line":466,"column":null}},"42":{"start":{"line":467,"column":2},"end":{"line":469,"column":null}},"43":{"start":{"line":468,"column":4},"end":{"line":468,"column":null}},"44":{"start":{"line":470,"column":2},"end":{"line":470,"column":null}},"45":{"start":{"line":480,"column":2},"end":{"line":480,"column":null}}},"fnMap":{"0":{"name":"validateManifestDefinition","decl":{"start":{"line":367,"column":16},"end":{"line":367,"column":43}},"loc":{"start":{"line":367,"column":79},"end":{"line":377,"column":null}},"line":367},"1":{"name":"validateManifest","decl":{"start":{"line":383,"column":16},"end":{"line":383,"column":33}},"loc":{"start":{"line":383,"column":59},"end":{"line":393,"column":null}},"line":383},"2":{"name":"validateManifestCreateInput","decl":{"start":{"line":399,"column":16},"end":{"line":399,"column":null}},"loc":{"start":{"line":401,"column":23},"end":{"line":411,"column":null}},"line":401},"3":{"name":"isConceptAllowed","decl":{"start":{"line":416,"column":16},"end":{"line":416,"column":null}},"loc":{"start":{"line":419,"column":11},"end":{"line":422,"column":null}},"line":419},"4":{"name":"getConceptPolicy","decl":{"start":{"line":427,"column":16},"end":{"line":427,"column":null}},"loc":{"start":{"line":430,"column":29},"end":{"line":433,"column":null}},"line":430},"5":{"name":"canPerformOperation","decl":{"start":{"line":438,"column":16},"end":{"line":438,"column":null}},"loc":{"start":{"line":443,"column":11},"end":{"line":456,"column":null}},"line":443},"6":{"name":"isValidTransition","decl":{"start":{"line":461,"column":16},"end":{"line":461,"column":null}},"loc":{"start":{"line":465,"column":11},"end":{"line":471,"column":null}},"line":465},"7":{"name":"transitionRequiresComment","decl":{"start":{"line":476,"column":16},"end":{"line":476,"column":null}},"loc":{"start":{"line":479,"column":11},"end":{"line":481,"column":null}},"line":479}},"branchMap":{"0":{"loc":{"start":{"line":369,"column":2},"end":{"line":375,"column":null}},"type":"if","locations":[{"start":{"line":369,"column":2},"end":{"line":375,"column":null}},{"start":{},"end":{}}],"line":369},"1":{"loc":{"start":{"line":385,"column":2},"end":{"line":391,"column":null}},"type":"if","locations":[{"start":{"line":385,"column":2},"end":{"line":391,"column":null}},{"start":{},"end":{}}],"line":385},"2":{"loc":{"start":{"line":403,"column":2},"end":{"line":409,"column":null}},"type":"if","locations":[{"start":{"line":403,"column":2},"end":{"line":409,"column":null}},{"start":{},"end":{}}],"line":403},"3":{"loc":{"start":{"line":420,"column":21},"end":{"line":420,"column":null}},"type":"cond-expr","locations":[{"start":{"line":420,"column":48},"end":{"line":420,"column":70}},{"start":{"line":420,"column":70},"end":{"line":420,"column":null}}],"line":420},"4":{"loc":{"start":{"line":431,"column":21},"end":{"line":431,"column":null}},"type":"cond-expr","locations":[{"start":{"line":431,"column":48},"end":{"line":431,"column":70}},{"start":{"line":431,"column":70},"end":{"line":431,"column":null}}],"line":431},"5":{"loc":{"start":{"line":444,"column":2},"end":{"line":446,"column":null}},"type":"if","locations":[{"start":{"line":444,"column":2},"end":{"line":446,"column":null}},{"start":{},"end":{}}],"line":444},"6":{"loc":{"start":{"line":449,"column":2},"end":{"line":452,"column":null}},"type":"if","locations":[{"start":{"line":449,"column":2},"end":{"line":452,"column":null}},{"start":{},"end":{}}],"line":449},"7":{"loc":{"start":{"line":454,"column":23},"end":{"line":454,"column":null}},"type":"binary-expr","locations":[{"start":{"line":454,"column":23},"end":{"line":454,"column":49}},{"start":{"line":454,"column":49},"end":{"line":454,"column":null}}],"line":454},"8":{"loc":{"start":{"line":455,"column":9},"end":{"line":455,"column":null}},"type":"binary-expr","locations":[{"start":{"line":455,"column":9},"end":{"line":455,"column":39}},{"start":{"line":455,"column":39},"end":{"line":455,"column":null}}],"line":455},"9":{"loc":{"start":{"line":467,"column":2},"end":{"line":469,"column":null}},"type":"if","locations":[{"start":{"line":467,"column":2},"end":{"line":469,"column":null}},{"start":{},"end":{}}],"line":467},"10":{"loc":{"start":{"line":480,"column":9},"end":{"line":480,"column":null}},"type":"binary-expr","locations":[{"start":{"line":480,"column":9},"end":{"line":480,"column":49}},{"start":{"line":480,"column":49},"end":{"line":480,"column":null}}],"line":480}},"s":{"0":2,"1":2,"2":2,"3":2,"4":2,"5":2,"6":2,"7":2,"8":2,"9":2,"10":2,"11":2,"12":2,"13":2,"14":2,"15":2,"16":2,"17":2,"18":3,"19":3,"20":1,"21":2,"22":3,"23":3,"24":1,"25":2,"26":2,"27":2,"28":1,"29":1,"30":12,"31":12,"32":9,"33":9,"34":7,"35":1,"36":6,"37":6,"38":2,"39":4,"40":7,"41":5,"42":5,"43":2,"44":3,"45":4},"f":{"0":3,"1":3,"2":2,"3":12,"4":9,"5":7,"6":5,"7":4},"b":{"0":[1,2],"1":[1,2],"2":[1,1],"3":[2,10],"4":[1,8],"5":[1,6],"6":[2,4],"7":[4,1],"8":[7,3],"9":[2,3],"10":[4,3]},"meta":{"lastBranch":11,"lastFunction":8,"lastStatement":46,"seen":{"s:22:35:22:Infinity":0,"s:28:32:28:Infinity":1,"s:34:38:39:Infinity":2,"s:45:35:51:Infinity":3,"s:57:22:57:Infinity":4,"s:58:31:58:Infinity":5,"s:64:28:64:Infinity":6,"s:69:32:71:Infinity":7,"s:76:29:78:Infinity":8,"s:83:28:85:Infinity":9,"s:105:36:111:Infinity":10,"s:129:41:134:Infinity":11,"s:162:40:171:Infinity":12,"s:190:39:194:Infinity":13,"s:230:35:239:Infinity":14,"s:251:40:262:Infinity":15,"s:287:30:338:Infinity":16,"s:349:41:356:Infinity":17,"f:367:16:367:43":0,"s:368:17:368:Infinity":18,"b:369:2:375:Infinity:undefined:undefined:undefined:undefined":0,"s:369:2:375:Infinity":19,"s:370:4:374:Infinity":20,"s:376:2:376:Infinity":21,"f:383:16:383:33":1,"s:384:17:384:Infinity":22,"b:385:2:391:Infinity:undefined:undefined:undefined:undefined":1,"s:385:2:391:Infinity":23,"s:386:4:390:Infinity":24,"s:392:2:392:Infinity":25,"f:399:16:399:Infinity":2,"s:402:17:402:Infinity":26,"b:403:2:409:Infinity:undefined:undefined:undefined:undefined":2,"s:403:2:409:Infinity":27,"s:404:4:408:Infinity":28,"s:410:2:410:Infinity":29,"f:416:16:416:Infinity":3,"s:420:21:420:Infinity":30,"b:420:48:420:70:420:70:420:Infinity":3,"s:421:2:421:Infinity":31,"f:427:16:427:Infinity":4,"s:431:21:431:Infinity":32,"b:431:48:431:70:431:70:431:Infinity":4,"s:432:2:432:Infinity":33,"f:438:16:438:Infinity":5,"b:444:2:446:Infinity:undefined:undefined:undefined:undefined":5,"s:444:2:446:Infinity":34,"s:445:4:445:Infinity":35,"s:448:17:448:Infinity":36,"b:449:2:452:Infinity:undefined:undefined:undefined:undefined":6,"s:449:2:452:Infinity":37,"s:451:4:451:Infinity":38,"s:454:23:454:Infinity":39,"b:454:23:454:49:454:49:454:Infinity":7,"s:455:2:455:Infinity":40,"b:455:9:455:39:455:39:455:Infinity":8,"f:461:16:461:Infinity":6,"s:466:28:466:Infinity":41,"b:467:2:469:Infinity:undefined:undefined:undefined:undefined":9,"s:467:2:469:Infinity":42,"s:468:4:468:Infinity":43,"s:470:2:470:Infinity":44,"f:476:16:476:Infinity":7,"s:480:2:480:Infinity":45,"b:480:9:480:49:480:49:480:Infinity":10}}}
,"D:\\NEXUS-KERNEL\\src\\namespace-prefixes.ts": {"path":"D:\\NEXUS-KERNEL\\src\\namespace-prefixes.ts","statementMap":{"0":{"start":{"line":56,"column":32},"end":{"line":85,"column":null}},"1":{"start":{"line":101,"column":4},"end":{"line":336,"column":null}},"2":{"start":{"line":341,"column":38},"end":{"line":342,"column":null}},"3":{"start":{"line":350,"column":2},"end":{"line":350,"column":null}},"4":{"start":{"line":359,"column":2},"end":{"line":359,"column":null}},"5":{"start":{"line":369,"column":14},"end":{"line":369,"column":null}},"6":{"start":{"line":370,"column":16},"end":{"line":370,"column":null}},"7":{"start":{"line":371,"column":2},"end":{"line":371,"column":null}}},"fnMap":{"0":{"name":"isValidNamespacePrefix","decl":{"start":{"line":347,"column":16},"end":{"line":347,"column":null}},"loc":{"start":{"line":349,"column":29},"end":{"line":351,"column":null}},"line":349},"1":{"name":"getNamespacePrefix","decl":{"start":{"line":356,"column":16},"end":{"line":356,"column":null}},"loc":{"start":{"line":358,"column":29},"end":{"line":360,"column":null}},"line":358},"2":{"name":"validateValueAgainstPrefix","decl":{"start":{"line":365,"column":16},"end":{"line":365,"column":null}},"loc":{"start":{"line":368,"column":11},"end":{"line":372,"column":null}},"line":368}},"branchMap":{},"s":{"0":2,"1":2,"2":2,"3":6,"4":2,"5":19,"6":19,"7":19},"f":{"0":6,"1":2,"2":19},"b":{},"meta":{"lastBranch":0,"lastFunction":3,"lastStatement":8,"seen":{"s:56:32:85:Infinity":0,"s:101:4:336:Infinity":1,"s:341:38:342:Infinity":2,"f:347:16:347:Infinity":0,"s:350:2:350:Infinity":3,"f:356:16:356:Infinity":1,"s:359:2:359:Infinity":4,"f:365:16:365:Infinity":2,"s:369:14:369:Infinity":5,"s:370:16:370:Infinity":6,"s:371:2:371:Infinity":7}}}
,"D:\\NEXUS-KERNEL\\src\\schemaHeader.ts": {"path":"D:\\NEXUS-KERNEL\\src\\schemaHeader.ts","statementMap":{"0":{"start":{"line":4,"column":29},"end":{"line":6,"column":null}},"1":{"start":{"line":10,"column":28},"end":{"line":22,"column":null}},"2":{"start":{"line":38,"column":8},"end":{"line":38,"column":null}},"3":{"start":{"line":39,"column":2},"end":{"line":51,"column":null}}},"fnMap":{"0":{"name":"createSchemaHeader","decl":{"start":{"line":26,"column":16},"end":{"line":26,"column":null}},"loc":{"start":{"line":37,"column":16},"end":{"line":52,"column":null}},"line":37}},"branchMap":{"0":{"loc":{"start":{"line":44,"column":18},"end":{"line":44,"column":null}},"type":"binary-expr","locations":[{"start":{"line":44,"column":18},"end":{"line":44,"column":55}},{"start":{"line":44,"column":55},"end":{"line":44,"column":null}}],"line":44},"1":{"loc":{"start":{"line":50,"column":10},"end":{"line":50,"column":null}},"type":"binary-expr","locations":[{"start":{"line":50,"column":10},"end":{"line":50,"column":51}},{"start":{"line":50,"column":51},"end":{"line":50,"column":null}}],"line":50}},"s":{"0":3,"1":3,"2":8,"3":8},"f":{"0":8},"b":{"0":[8,7],"1":[8,1]},"meta":{"lastBranch":2,"lastFunction":1,"lastStatement":4,"seen":{"s:4:29:6:Infinity":0,"s:10:28:22:Infinity":1,"f:26:16:26:Infinity":0,"s:38:8:38:Infinity":2,"s:39:2:51:Infinity":3,"b:44:18:44:55:44:55:44:Infinity":0,"b:50:10:50:51:50:51:50:Infinity":1}}}
,"D:\\NEXUS-KERNEL\\src\\semantic-roots.ts": {"path":"D:\\NEXUS-KERNEL\\src\\semantic-roots.ts","statementMap":{"0":{"start":{"line":77,"column":29},"end":{"line":126,"column":null}},"1":{"start":{"line":141,"column":4},"end":{"line":449,"column":null}},"2":{"start":{"line":454,"column":35},"end":{"line":454,"column":null}},"3":{"start":{"line":460,"column":2},"end":{"line":460,"column":null}},"4":{"start":{"line":467,"column":2},"end":{"line":467,"column":null}}},"fnMap":{"0":{"name":"isValidSemanticRoot","decl":{"start":{"line":459,"column":16},"end":{"line":459,"column":36}},"loc":{"start":{"line":459,"column":74},"end":{"line":461,"column":null}},"line":459},"1":{"name":"getSemanticRoot","decl":{"start":{"line":466,"column":16},"end":{"line":466,"column":32}},"loc":{"start":{"line":466,"column":78},"end":{"line":468,"column":null}},"line":466}},"branchMap":{},"s":{"0":2,"1":2,"2":2,"3":8,"4":2},"f":{"0":8,"1":2},"b":{},"meta":{"lastBranch":0,"lastFunction":2,"lastStatement":5,"seen":{"s:77:29:126:Infinity":0,"s:141:4:449:Infinity":1,"s:454:35:454:Infinity":2,"f:459:16:459:36":0,"s:460:2:460:Infinity":3,"f:466:16:466:32":1,"s:467:2:467:Infinity":4}}}
,"D:\\NEXUS-KERNEL\\src\\status.ts": {"path":"D:\\NEXUS-KERNEL\\src\\status.ts","statementMap":{"0":{"start":{"line":9,"column":4},"end":{"line":11,"column":null}},"1":{"start":{"line":10,"column":8},"end":{"line":10,"column":null}},"2":{"start":{"line":13,"column":22},"end":{"line":13,"column":null}},"3":{"start":{"line":15,"column":4},"end":{"line":21,"column":null}},"4":{"start":{"line":18,"column":35},"end":{"line":18,"column":null}},"5":{"start":{"line":19,"column":39},"end":{"line":19,"column":null}},"6":{"start":{"line":20,"column":51},"end":{"line":20,"column":null}}},"fnMap":{"0":{"name":"createStatusSet","decl":{"start":{"line":7,"column":16},"end":{"line":7,"column":61}},"loc":{"start":{"line":7,"column":72},"end":{"line":22,"column":null}},"line":7},"1":{"name":"(anonymous_1)","decl":{"start":{"line":18,"column":15},"end":{"line":18,"column":16}},"loc":{"start":{"line":18,"column":35},"end":{"line":18,"column":null}},"line":18},"2":{"name":"(anonymous_2)","decl":{"start":{"line":19,"column":19},"end":{"line":19,"column":20}},"loc":{"start":{"line":19,"column":39},"end":{"line":19,"column":null}},"line":19},"3":{"name":"(anonymous_3)","decl":{"start":{"line":20,"column":12},"end":{"line":20,"column":13}},"loc":{"start":{"line":20,"column":51},"end":{"line":20,"column":null}},"line":20}},"branchMap":{"0":{"loc":{"start":{"line":9,"column":4},"end":{"line":11,"column":null}},"type":"if","locations":[{"start":{"line":9,"column":4},"end":{"line":11,"column":null}},{"start":{},"end":{}}],"line":9}},"s":{"0":9,"1":1,"2":8,"3":8,"4":5,"5":2,"6":6},"f":{"0":9,"1":5,"2":2,"3":6},"b":{"0":[1,8]},"meta":{"lastBranch":1,"lastFunction":4,"lastStatement":7,"seen":{"f:7:16:7:61":0,"b:9:4:11:Infinity:undefined:undefined:undefined:undefined":0,"s:9:4:11:Infinity":0,"s:10:8:10:Infinity":1,"s:13:22:13:Infinity":2,"s:15:4:21:Infinity":3,"f:18:15:18:16":1,"s:18:35:18:Infinity":4,"f:19:19:19:20":2,"s:19:39:19:Infinity":5,"f:20:12:20:13":3,"s:20:51:20:Infinity":6}}}
,"D:\\NEXUS-KERNEL\\src\\values.ts": {"path":"D:\\NEXUS-KERNEL\\src\\values.ts","statementMap":{"0":{"start":{"line":21,"column":24},"end":{"line":94,"column":null}},"1":{"start":{"line":115,"column":21},"end":{"line":1101,"column":null}},"2":{"start":{"line":1106,"column":30},"end":{"line":1106,"column":null}},"3":{"start":{"line":1107,"column":27},"end":{"line":1107,"column":null}}},"fnMap":{},"branchMap":{},"s":{"0":7,"1":7,"2":7,"3":7},"f":{},"b":{},"meta":{"lastBranch":0,"lastFunction":0,"lastStatement":4,"seen":{"s:21:24:94:Infinity":0,"s:115:21:1101:Infinity":1,"s:1106:30:1106:Infinity":2,"s:1107:27:1107:Infinity":3}}}
,"D:\\NEXUS-KERNEL\\src\\version.ts": {"path":"D:\\NEXUS-KERNEL\\src\\version.ts","statementMap":{"0":{"start":{"line":22,"column":30},"end":{"line":22,"column":null}},"1":{"start":{"line":29,"column":18},"end":{"line":39,"column":null}},"2":{"start":{"line":34,"column":34},"end":{"line":37,"column":8}},"3":{"start":{"line":38,"column":22},"end":{"line":38,"column":48}},"4":{"start":{"line":43,"column":13},"end":{"line":43,"column":null}},"5":{"start":{"line":44,"column":2},"end":{"line":48,"column":null}},"6":{"start":{"line":44,"column":15},"end":{"line":44,"column":18}},"7":{"start":{"line":45,"column":17},"end":{"line":45,"column":null}},"8":{"start":{"line":46,"column":4},"end":{"line":46,"column":null}},"9":{"start":{"line":47,"column":4},"end":{"line":47,"column":null}},"10":{"start":{"line":49,"column":2},"end":{"line":49,"column":null}},"11":{"start":{"line":58,"column":27},"end":{"line":58,"column":null}},"12":{"start":{"line":63,"column":40},"end":{"line":72,"column":null}},"13":{"start":{"line":79,"column":23},"end":{"line":79,"column":null}},"14":{"start":{"line":80,"column":24},"end":{"line":80,"column":null}},"15":{"start":{"line":81,"column":21},"end":{"line":84,"column":null}},"16":{"start":{"line":82,"column":18},"end":{"line":82,"column":null}},"17":{"start":{"line":86,"column":2},"end":{"line":90,"column":null}},"18":{"start":{"line":87,"column":4},"end":{"line":89,"column":null}},"19":{"start":{"line":91,"column":2},"end":{"line":95,"column":null}},"20":{"start":{"line":92,"column":4},"end":{"line":94,"column":null}},"21":{"start":{"line":96,"column":2},"end":{"line":100,"column":null}},"22":{"start":{"line":97,"column":4},"end":{"line":99,"column":null}},"23":{"start":{"line":104,"column":0},"end":{"line":104,"column":null}}},"fnMap":{"0":{"name":"computeSnapshotId","decl":{"start":{"line":28,"column":9},"end":{"line":28,"column":37}},"loc":{"start":{"line":28,"column":37},"end":{"line":50,"column":null}},"line":28},"1":{"name":"(anonymous_1)","decl":{"start":{"line":34,"column":11},"end":{"line":34,"column":12}},"loc":{"start":{"line":34,"column":34},"end":{"line":37,"column":8}},"line":34},"2":{"name":"(anonymous_2)","decl":{"start":{"line":38,"column":12},"end":{"line":38,"column":13}},"loc":{"start":{"line":38,"column":22},"end":{"line":38,"column":48}},"line":38},"3":{"name":"validateKernelIntegrity","decl":{"start":{"line":78,"column":16},"end":{"line":78,"column":48}},"loc":{"start":{"line":78,"column":48},"end":{"line":101,"column":null}},"line":78},"4":{"name":"(anonymous_4)","decl":{"start":{"line":82,"column":4},"end":{"line":82,"column":5}},"loc":{"start":{"line":82,"column":18},"end":{"line":82,"column":null}},"line":82}},"branchMap":{"0":{"loc":{"start":{"line":86,"column":2},"end":{"line":90,"column":null}},"type":"if","locations":[{"start":{"line":86,"column":2},"end":{"line":90,"column":null}},{"start":{},"end":{}}],"line":86},"1":{"loc":{"start":{"line":91,"column":2},"end":{"line":95,"column":null}},"type":"if","locations":[{"start":{"line":91,"column":2},"end":{"line":95,"column":null}},{"start":{},"end":{}}],"line":91},"2":{"loc":{"start":{"line":96,"column":2},"end":{"line":100,"column":null}},"type":"if","locations":[{"start":{"line":96,"column":2},"end":{"line":100,"column":null}},{"start":{},"end":{}}],"line":96}},"s":{"0":4,"1":4,"2":288,"3":284,"4":4,"5":4,"6":4,"7":73376,"8":73376,"9":73376,"10":4,"11":4,"12":4,"13":10,"14":10,"15":10,"16":720,"17":10,"18":0,"19":10,"20":0,"21":10,"22":0,"23":4},"f":{"0":4,"1":288,"2":284,"3":10,"4":720},"b":{"0":[0,10],"1":[0,10],"2":[0,10]},"meta":{"lastBranch":3,"lastFunction":5,"lastStatement":24,"seen":{"s:22:30:22:Infinity":0,"f:28:9:28:37":0,"s:29:18:39:Infinity":1,"f:34:11:34:12":1,"s:34:34:37:8":2,"f:38:12:38:13":2,"s:38:22:38:48":3,"s:43:13:43:Infinity":4,"s:44:2:48:Infinity":5,"s:44:15:44:18":6,"s:45:17:45:Infinity":7,"s:46:4:46:Infinity":8,"s:47:4:47:Infinity":9,"s:49:2:49:Infinity":10,"s:58:27:58:Infinity":11,"s:63:40:72:Infinity":12,"f:78:16:78:48":3,"s:79:23:79:Infinity":13,"s:80:24:80:Infinity":14,"s:81:21:84:Infinity":15,"f:82:4:82:5":4,"s:82:18:82:Infinity":16,"b:86:2:90:Infinity:undefined:undefined:undefined:undefined":0,"s:86:2:90:Infinity":17,"s:87:4:89:Infinity":18,"b:91:2:95:Infinity:undefined:undefined:undefined:undefined":1,"s:91:2:95:Infinity":19,"s:92:4:94:Infinity":20,"b:96:2:100:Infinity:undefined:undefined:undefined:undefined":2,"s:96:2:100:Infinity":21,"s:97:4:99:Infinity":22,"s:104:0:104:Infinity":23}}}
,"D:\\NEXUS-KERNEL\\src\\zod.ts": {"path":"D:\\NEXUS-KERNEL\\src\\zod.ts","statementMap":{"0":{"start":{"line":9,"column":17},"end":{"line":9,"column":null}},"1":{"start":{"line":10,"column":2},"end":{"line":16,"column":null}},"2":{"start":{"line":11,"column":4},"end":{"line":15,"column":null}},"3":{"start":{"line":17,"column":2},"end":{"line":17,"column":null}},"4":{"start":{"line":40,"column":2},"end":{"line":40,"column":null}}},"fnMap":{"0":{"name":"validateOrThrow","decl":{"start":{"line":8,"column":16},"end":{"line":8,"column":35}},"loc":{"start":{"line":8,"column":78},"end":{"line":18,"column":null}},"line":8},"1":{"name":"createContractSchema","decl":{"start":{"line":23,"column":16},"end":{"line":23,"column":null}},"loc":{"start":{"line":39,"column":7},"end":{"line":53,"column":null}},"line":39}},"branchMap":{"0":{"loc":{"start":{"line":10,"column":2},"end":{"line":16,"column":null}},"type":"if","locations":[{"start":{"line":10,"column":2},"end":{"line":16,"column":null}},{"start":{},"end":{}}],"line":10}},"s":{"0":6,"1":6,"2":3,"3":3,"4":6},"f":{"0":6,"1":6},"b":{"0":[3,3]},"meta":{"lastBranch":1,"lastFunction":2,"lastStatement":5,"seen":{"f:8:16:8:35":0,"s:9:17:9:Infinity":0,"b:10:2:16:Infinity:undefined:undefined:undefined:undefined":0,"s:10:2:16:Infinity":1,"s:11:4:15:Infinity":2,"s:17:2:17:Infinity":3,"f:23:16:23:Infinity":1,"s:40:2:40:Infinity":4}}}
}
