TN:
SF:src\canonId.ts
FNF:0
FNH:0
DA:3,6
LF:1
LH:1
BRF:0
BRH:0
end_of_record
TN:
SF:src\concept-registry.ts
FN:45,defineConcept
FN:57,registerValueSet
FN:68,getConcept
FN:77,getValueSet
FN:88,listConcepts
FN:95,listValueSets
FN:99,(anonymous_6)
FNF:7
FNH:7
FNDA:13,defineConcept
FNDA:6,registerValueSet
FNDA:2,getConcept
FNDA:2,getValueSet
FNDA:1,listConcepts
FNDA:2,listValueSets
FNDA:10,(anonymous_6)
DA:38,3
DA:39,3
DA:46,13
DA:47,1
DA:49,12
DA:50,12
DA:58,6
DA:59,6
DA:60,1
DA:62,5
DA:71,2
DA:81,2
DA:82,2
DA:89,1
DA:98,2
DA:99,10
LF:16
LH:16
BRDA:46,0,0,1
BRDA:46,0,1,12
BRDA:59,1,0,1
BRDA:59,1,1,5
BRF:4
BRH:4
end_of_record
TN:
SF:src\concepts.ts
FNF:0
FNH:0
DA:29,8
DA:412,8
DA:600,8
LF:3
LH:3
BRF:0
BRH:0
end_of_record
TN:
SF:src\design_system.ts
FNF:0
FNH:0
DA:22,2
DA:43,2
LF:2
LH:2
BRF:0
BRH:0
end_of_record
TN:
SF:src\document-types.ts
FN:199,isValidDocumentType
FN:206,getDocumentType
FN:213,canReference
FN:226,validateDerivationChain
FNF:4
FNH:4
FNDA:16,isValidDocumentType
FNDA:2,getDocumentType
FNDA:5,canReference
FNDA:7,validateDerivationChain
DA:50,2
DA:88,2
DA:171,2
DA:200,16
DA:207,2
DA:217,5
DA:218,5
DA:220,5
DA:230,7
DA:231,7
DA:233,7
DA:235,10
DA:236,10
DA:238,10
DA:239,1
DA:240,1
DA:243,9
DA:244,9
DA:245,3
DA:251,7
LF:20
LH:20
BRDA:238,0,0,1
BRDA:238,0,1,9
BRDA:244,1,0,3
BRDA:244,1,1,6
BRF:4
BRH:4
end_of_record
TN:
SF:src\errors.ts
FN:16,(anonymous_0)
FN:23,(anonymous_1)
FNF:2
FNH:2
FNDA:45,(anonymous_0)
FNDA:2,(anonymous_1)
DA:17,45
DA:18,45
DA:19,45
DA:20,45
DA:24,2
LF:5
LH:5
BRF:0
BRH:0
end_of_record
TN:
SF:src\kernel.contract.ts
FN:176,(anonymous_0)
FN:179,(anonymous_1)
FN:185,(anonymous_2)
FN:191,(anonymous_3)
FN:196,(anonymous_4)
FN:201,(anonymous_5)
FN:212,(anonymous_6)
FN:215,(anonymous_7)
FN:220,(anonymous_8)
FNF:9
FNH:9
FNDA:4,(anonymous_0)
FNDA:8,(anonymous_1)
FNDA:4,(anonymous_2)
FNDA:13,(anonymous_3)
FNDA:10,(anonymous_4)
FNDA:12,(anonymous_5)
FNDA:2,(anonymous_6)
FNDA:4,(anonymous_7)
FNDA:2,(anonymous_8)
DA:13,2
DA:25,2
DA:49,2
DA:69,2
DA:93,2
DA:113,2
DA:147,2
DA:174,2
DA:176,4
DA:180,8
DA:181,8
DA:187,4
DA:192,13
DA:197,10
DA:202,12
DA:210,2
DA:212,2
DA:216,4
DA:221,2
LF:19
LH:19
BRDA:179,0,0,8
BRDA:180,1,0,4
BRDA:180,1,1,4
BRDA:215,2,0,4
BRF:4
BRH:4
end_of_record
TN:
SF:src\kernel.validation.ts
FN:25,validateConcept
FN:51,validateValueSet
FN:77,validateValue
FN:103,validateKernelRegistry
FN:142,(anonymous_4)
FN:186,validatePackInvariants
FN:210,(anonymous_6)
FN:214,(anonymous_7)
FN:215,(anonymous_8)
FN:240,validatePack
FN:265,(anonymous_10)
FNF:11
FNH:11
FNDA:6,validateConcept
FNDA:6,validateValueSet
FNDA:8,validateValue
FNDA:15,validateKernelRegistry
FNDA:9,(anonymous_4)
FNDA:5,validatePackInvariants
FNDA:6,(anonymous_6)
FNDA:6,(anonymous_7)
FNDA:3,(anonymous_8)
FNDA:5,validatePack
FNDA:1,(anonymous_10)
DA:26,6
DA:27,6
DA:28,2
DA:36,4
DA:37,0
DA:44,4
DA:52,6
DA:53,6
DA:54,2
DA:62,4
DA:63,0
DA:70,4
DA:78,8
DA:79,8
DA:80,3
DA:88,5
DA:89,0
DA:96,5
DA:106,15
DA:107,15
DA:108,2
DA:116,13
DA:117,13
DA:118,11
DA:119,2
DA:125,9
DA:128,11
DA:129,11
DA:130,13
DA:131,2
DA:137,11
DA:141,9
DA:142,9
DA:144,9
DA:145,14
DA:146,2
DA:159,7
DA:160,7
DA:161,12
DA:162,12
DA:163,7
DA:165,12
DA:166,12
DA:167,2
DA:173,10
DA:177,5
DA:179,5
DA:188,5
DA:189,5
DA:190,8
DA:191,5
DA:193,8
DA:197,5
DA:198,5
DA:199,5
DA:200,2
DA:209,3
DA:210,6
DA:211,3
DA:213,3
DA:214,6
DA:215,3
DA:218,3
DA:219,6
DA:220,2
DA:241,5
DA:242,5
DA:243,4
DA:251,1
DA:252,1
DA:255,1
DA:256,1
DA:259,1
DA:260,1
DA:264,1
DA:265,1
DA:267,1
DA:268,1
DA:269,0
LF:79
LH:75
BRDA:27,0,0,2
BRDA:27,0,1,4
BRDA:36,1,0,0
BRDA:36,1,1,4
BRDA:53,2,0,2
BRDA:53,2,1,4
BRDA:62,3,0,0
BRDA:62,3,1,4
BRDA:79,4,0,3
BRDA:79,4,1,5
BRDA:88,5,0,0
BRDA:88,5,1,5
BRDA:107,6,0,2
BRDA:107,6,1,13
BRDA:118,7,0,2
BRDA:118,7,1,9
BRDA:130,8,0,2
BRDA:130,8,1,11
BRDA:145,9,0,2
BRDA:145,9,1,12
BRDA:162,10,0,7
BRDA:162,10,1,5
BRDA:166,11,0,2
BRDA:166,11,1,10
BRDA:190,12,0,5
BRDA:190,12,1,3
BRDA:198,13,0,5
BRDA:198,13,1,0
BRDA:199,14,0,2
BRDA:199,14,1,3
BRDA:211,15,0,0
BRDA:211,15,1,3
BRDA:219,16,0,2
BRDA:219,16,1,4
BRDA:242,17,0,4
BRDA:242,17,1,1
BRDA:268,18,0,0
BRDA:268,18,1,1
BRF:38
BRH:32
end_of_record
TN:
SF:src\manifest.ts
FN:367,validateManifestDefinition
FN:383,validateManifest
FN:399,validateManifestCreateInput
FN:416,isConceptAllowed
FN:427,getConceptPolicy
FN:438,canPerformOperation
FN:461,isValidTransition
FN:476,transitionRequiresComment
FNF:8
FNH:8
FNDA:3,validateManifestDefinition
FNDA:3,validateManifest
FNDA:2,validateManifestCreateInput
FNDA:12,isConceptAllowed
FNDA:9,getConceptPolicy
FNDA:7,canPerformOperation
FNDA:5,isValidTransition
FNDA:4,transitionRequiresComment
DA:22,2
DA:28,2
DA:34,2
DA:45,2
DA:57,2
DA:58,2
DA:64,2
DA:69,2
DA:76,2
DA:83,2
DA:105,2
DA:129,2
DA:162,2
DA:190,2
DA:230,2
DA:251,2
DA:287,2
DA:349,2
DA:368,3
DA:369,3
DA:370,1
DA:376,2
DA:384,3
DA:385,3
DA:386,1
DA:392,2
DA:402,2
DA:403,2
DA:404,1
DA:410,1
DA:420,12
DA:421,12
DA:431,9
DA:432,9
DA:444,7
DA:445,1
DA:448,6
DA:449,6
DA:451,2
DA:454,4
DA:455,7
DA:466,5
DA:467,5
DA:468,2
DA:470,3
DA:480,4
LF:46
LH:46
BRDA:369,0,0,1
BRDA:369,0,1,2
BRDA:385,1,0,1
BRDA:385,1,1,2
BRDA:403,2,0,1
BRDA:403,2,1,1
BRDA:420,3,0,2
BRDA:420,3,1,10
BRDA:431,4,0,1
BRDA:431,4,1,8
BRDA:444,5,0,1
BRDA:444,5,1,6
BRDA:449,6,0,2
BRDA:449,6,1,4
BRDA:454,7,0,4
BRDA:454,7,1,1
BRDA:455,8,0,7
BRDA:455,8,1,3
BRDA:467,9,0,2
BRDA:467,9,1,3
BRDA:480,10,0,4
BRDA:480,10,1,3
BRF:22
BRH:22
end_of_record
TN:
SF:src\namespace-prefixes.ts
FN:347,isValidNamespacePrefix
FN:356,getNamespacePrefix
FN:365,validateValueAgainstPrefix
FNF:3
FNH:3
FNDA:6,isValidNamespacePrefix
FNDA:2,getNamespacePrefix
FNDA:19,validateValueAgainstPrefix
DA:56,2
DA:101,2
DA:341,2
DA:350,6
DA:359,2
DA:369,19
DA:370,19
DA:371,19
LF:8
LH:8
BRF:0
BRH:0
end_of_record
TN:
SF:src\schemaHeader.ts
FN:26,createSchemaHeader
FNF:1
FNH:1
FNDA:8,createSchemaHeader
DA:4,3
DA:10,3
DA:38,8
DA:39,8
LF:4
LH:4
BRDA:44,0,0,8
BRDA:44,0,1,7
BRDA:50,1,0,8
BRDA:50,1,1,1
BRF:4
BRH:4
end_of_record
TN:
SF:src\semantic-roots.ts
FN:459,isValidSemanticRoot
FN:466,getSemanticRoot
FNF:2
FNH:2
FNDA:8,isValidSemanticRoot
FNDA:2,getSemanticRoot
DA:77,2
DA:141,2
DA:454,2
DA:460,8
DA:467,2
LF:5
LH:5
BRF:0
BRH:0
end_of_record
TN:
SF:src\status.ts
FN:7,createStatusSet
FN:18,(anonymous_1)
FN:19,(anonymous_2)
FN:20,(anonymous_3)
FNF:4
FNH:4
FNDA:9,createStatusSet
FNDA:5,(anonymous_1)
FNDA:2,(anonymous_2)
FNDA:6,(anonymous_3)
DA:9,9
DA:10,1
DA:13,8
DA:15,8
DA:18,5
DA:19,2
DA:20,6
LF:7
LH:7
BRDA:9,0,0,1
BRDA:9,0,1,8
BRF:2
BRH:2
end_of_record
TN:
SF:src\values.ts
FNF:0
FNH:0
DA:21,7
DA:115,7
DA:1106,7
DA:1107,7
LF:4
LH:4
BRF:0
BRH:0
end_of_record
TN:
SF:src\version.ts
FN:28,computeSnapshotId
FN:34,(anonymous_1)
FN:38,(anonymous_2)
FN:78,validateKernelIntegrity
FN:82,(anonymous_4)
FNF:5
FNH:5
FNDA:4,computeSnapshotId
FNDA:288,(anonymous_1)
FNDA:284,(anonymous_2)
FNDA:10,validateKernelIntegrity
FNDA:720,(anonymous_4)
DA:22,4
DA:29,4
DA:34,288
DA:38,284
DA:43,4
DA:44,4
DA:45,73376
DA:46,73376
DA:47,73376
DA:49,4
DA:58,4
DA:63,4
DA:79,10
DA:80,10
DA:81,10
DA:82,720
DA:86,10
DA:87,0
DA:91,10
DA:92,0
DA:96,10
DA:97,0
DA:104,4
LF:23
LH:20
BRDA:86,0,0,0
BRDA:86,0,1,10
BRDA:91,1,0,0
BRDA:91,1,1,10
BRDA:96,2,0,0
BRDA:96,2,1,10
BRF:6
BRH:3
end_of_record
TN:
SF:src\zod.ts
FN:8,validateOrThrow
FN:23,createContractSchema
FNF:2
FNH:2
FNDA:6,validateOrThrow
FNDA:6,createContractSchema
DA:9,6
DA:10,6
DA:11,3
DA:17,3
DA:40,6
LF:5
LH:5
BRDA:10,0,0,3
BRDA:10,0,1,3
BRF:2
BRH:2
end_of_record
