TN:
SF:src\canonId.ts
FNF:0
FNH:0
DA:3,6
LF:1
LH:1
BRF:0
BRH:0
end_of_record
TN:
SF:src\concept-registry.ts
FN:45,defineConcept
FN:57,registerValueSet
FN:68,getConcept
FN:77,getValueSet
FN:88,listConcepts
FN:95,listValueSets
FN:99,(anonymous_6)
FNF:7
FNH:7
FNDA:13,defineConcept
FNDA:6,registerValueSet
FNDA:2,getConcept
FNDA:2,getValueSet
FNDA:1,listConcepts
FNDA:2,listValueSets
FNDA:10,(anonymous_6)
DA:38,3
DA:39,3
DA:46,13
DA:47,1
DA:49,12
DA:50,12
DA:58,6
DA:59,6
DA:60,1
DA:62,5
DA:71,2
DA:81,2
DA:82,2
DA:89,1
DA:98,2
DA:99,10
LF:16
LH:16
BRDA:46,0,0,1
BRDA:46,0,1,12
BRDA:59,1,0,1
BRDA:59,1,1,5
BRF:4
BRH:4
end_of_record
TN:
SF:src\concepts.ts
FNF:0
FNH:0
DA:29,11
DA:412,11
DA:600,11
LF:3
LH:3
BRF:0
BRH:0
end_of_record
TN:
SF:src\design_system.ts
FNF:0
FNH:0
DA:22,2
DA:43,2
LF:2
LH:2
BRF:0
BRH:0
end_of_record
TN:
SF:src\document-types.ts
FN:199,isValidDocumentType
FN:206,getDocumentType
FN:213,canReference
FN:226,validateDerivationChain
FNF:4
FNH:4
FNDA:16,isValidDocumentType
FNDA:2,getDocumentType
FNDA:5,canReference
FNDA:7,validateDerivationChain
DA:50,2
DA:88,2
DA:171,2
DA:200,16
DA:207,2
DA:217,5
DA:218,5
DA:220,5
DA:230,7
DA:231,7
DA:233,7
DA:235,10
DA:236,10
DA:238,10
DA:239,1
DA:240,1
DA:243,9
DA:244,9
DA:245,3
DA:251,7
LF:20
LH:20
BRDA:238,0,0,1
BRDA:238,0,1,9
BRDA:244,1,0,3
BRDA:244,1,1,6
BRF:4
BRH:4
end_of_record
TN:
SF:src\errors.ts
FN:16,(anonymous_0)
FN:23,(anonymous_1)
FNF:2
FNH:2
FNDA:48,(anonymous_0)
FNDA:2,(anonymous_1)
DA:17,48
DA:18,48
DA:19,48
DA:20,48
DA:24,2
LF:5
LH:5
BRF:0
BRH:0
end_of_record
TN:
SF:src\kernel.contract.ts
FN:176,(anonymous_0)
FN:179,(anonymous_1)
FN:185,(anonymous_2)
FN:191,(anonymous_3)
FN:196,(anonymous_4)
FN:201,(anonymous_5)
FN:212,(anonymous_6)
FN:215,(anonymous_7)
FN:220,(anonymous_8)
FNF:9
FNH:9
FNDA:4,(anonymous_0)
FNDA:8,(anonymous_1)
FNDA:4,(anonymous_2)
FNDA:12,(anonymous_3)
FNDA:11,(anonymous_4)
FNDA:13,(anonymous_5)
FNDA:2,(anonymous_6)
FNDA:4,(anonymous_7)
FNDA:2,(anonymous_8)
DA:13,2
DA:25,2
DA:49,2
DA:69,2
DA:93,2
DA:113,2
DA:147,2
DA:174,2
DA:176,4
DA:180,8
DA:181,8
DA:187,4
DA:192,12
DA:197,11
DA:202,13
DA:210,2
DA:212,2
DA:216,4
DA:221,2
LF:19
LH:19
BRDA:179,0,0,8
BRDA:180,1,0,4
BRDA:180,1,1,4
BRDA:215,2,0,4
BRF:4
BRH:4
end_of_record
TN:
SF:src\kernel.validation.cache.supabase.ts
FN:127,(anonymous_0)
FN:137,(anonymous_1)
FN:145,(anonymous_2)
FN:152,(anonymous_3)
FN:162,(anonymous_4)
FN:171,(anonymous_5)
FN:207,(anonymous_6)
FN:229,(anonymous_7)
FN:262,(anonymous_8)
FN:312,(anonymous_9)
FN:344,(anonymous_10)
FN:394,(anonymous_11)
FN:426,(anonymous_12)
FN:451,(anonymous_13)
FN:475,(anonymous_14)
FN:519,(anonymous_15)
FN:570,(anonymous_16)
FN:602,createSupabaseCache
FNF:18
FNH:17
FNDA:10,(anonymous_0)
FNDA:8,(anonymous_1)
FNDA:4,(anonymous_2)
FNDA:3,(anonymous_3)
FNDA:4,(anonymous_4)
FNDA:2,(anonymous_5)
FNDA:0,(anonymous_6)
FNDA:2,(anonymous_7)
FNDA:1,(anonymous_8)
FNDA:1,(anonymous_9)
FNDA:1,(anonymous_10)
FNDA:1,(anonymous_11)
FNDA:1,(anonymous_12)
FNDA:1,(anonymous_13)
FNDA:3,(anonymous_14)
FNDA:1,(anonymous_15)
FNDA:1,(anonymous_16)
FNDA:10,createSupabaseCache
DA:118,10
DA:128,10
DA:129,10
DA:130,10
DA:131,10
DA:138,8
DA:146,4
DA:156,3
DA:163,4
DA:164,4
DA:165,4
DA:172,2
DA:173,2
DA:176,2
DA:181,2
DA:183,0
DA:186,2
DA:187,1
DA:188,1
DA:191,1
DA:195,2
DA:196,1
DA:198,0
DA:199,0
DA:200,0
DA:208,0
DA:216,0
DA:217,0
DA:218,0
DA:221,0
DA:222,0
DA:223,0
DA:230,2
DA:231,2
DA:232,2
DA:233,2
DA:236,2
DA:243,2
DA:245,0
DA:255,0
DA:263,1
DA:264,1
DA:266,1
DA:271,1
DA:273,0
DA:281,0
DA:282,0
DA:283,0
DA:286,0
DA:287,0
DA:288,0
DA:291,1
DA:292,0
DA:293,0
DA:296,1
DA:300,1
DA:301,1
DA:303,0
DA:304,0
DA:305,0
DA:313,1
DA:314,1
DA:315,1
DA:316,1
DA:318,1
DA:325,1
DA:327,0
DA:337,0
DA:345,1
DA:346,1
DA:348,1
DA:353,1
DA:355,0
DA:363,0
DA:364,0
DA:365,0
DA:368,0
DA:369,0
DA:370,0
DA:373,1
DA:374,0
DA:375,0
DA:378,1
DA:382,1
DA:383,1
DA:385,0
DA:386,0
DA:387,0
DA:395,1
DA:396,1
DA:397,1
DA:398,1
DA:400,1
DA:407,1
DA:409,0
DA:419,0
DA:427,1
DA:429,1
DA:435,1
DA:444,0
DA:452,1
DA:453,1
DA:454,1
DA:456,0
DA:462,0
DA:465,1
DA:467,0
DA:468,0
DA:481,3
DA:482,3
DA:483,3
DA:484,3
DA:485,3
DA:486,3
DA:488,3
DA:525,1
DA:528,1
DA:529,1
DA:530,1
DA:531,1
DA:532,1
DA:536,1
DA:537,3
DA:538,3
DA:545,1
DA:571,1
DA:603,10
LF:127
LH:81
BRDA:129,0,0,10
BRDA:129,0,1,0
BRDA:130,1,0,10
BRDA:130,1,1,0
BRDA:181,2,0,0
BRDA:181,2,1,2
BRDA:186,3,0,1
BRDA:186,3,1,1
BRDA:186,4,0,2
BRDA:186,4,1,2
BRDA:186,4,2,2
BRDA:187,5,0,1
BRDA:187,5,1,0
BRDA:191,6,0,1
BRDA:191,6,1,0
BRDA:195,7,0,1
BRDA:195,7,1,1
BRDA:199,8,0,0
BRDA:199,8,1,0
BRDA:216,9,0,0
BRDA:216,9,1,0
BRDA:216,10,0,0
BRDA:216,10,1,0
BRDA:217,11,0,0
BRDA:217,11,1,0
BRDA:222,12,0,0
BRDA:222,12,1,0
BRDA:243,13,0,0
BRDA:243,13,1,2
BRDA:271,14,0,0
BRDA:271,14,1,1
BRDA:281,15,0,0
BRDA:281,15,1,0
BRDA:281,16,0,0
BRDA:281,16,1,0
BRDA:282,17,0,0
BRDA:282,17,1,0
BRDA:287,18,0,0
BRDA:287,18,1,0
BRDA:291,19,0,0
BRDA:291,19,1,1
BRDA:291,20,0,1
BRDA:291,20,1,1
BRDA:291,20,2,1
BRDA:292,21,0,0
BRDA:292,21,1,0
BRDA:296,22,0,1
BRDA:296,22,1,0
BRDA:300,23,0,1
BRDA:300,23,1,0
BRDA:304,24,0,0
BRDA:304,24,1,0
BRDA:325,25,0,0
BRDA:325,25,1,1
BRDA:353,26,0,0
BRDA:353,26,1,1
BRDA:363,27,0,0
BRDA:363,27,1,0
BRDA:363,28,0,0
BRDA:363,28,1,0
BRDA:364,29,0,0
BRDA:364,29,1,0
BRDA:369,30,0,0
BRDA:369,30,1,0
BRDA:373,31,0,0
BRDA:373,31,1,1
BRDA:373,32,0,1
BRDA:373,32,1,1
BRDA:373,32,2,1
BRDA:374,33,0,0
BRDA:374,33,1,0
BRDA:378,34,0,1
BRDA:378,34,1,0
BRDA:382,35,0,1
BRDA:382,35,1,0
BRDA:386,36,0,0
BRDA:386,36,1,0
BRDA:407,37,0,0
BRDA:407,37,1,1
BRDA:454,38,0,0
BRDA:454,38,1,1
BRDA:462,39,0,0
BRDA:462,39,1,0
BRDA:492,40,0,0
BRDA:492,40,1,3
BRDA:498,41,0,0
BRDA:498,41,1,3
BRDA:504,42,0,0
BRDA:504,42,1,3
BRDA:510,43,0,0
BRDA:510,43,1,3
BRDA:531,44,0,1
BRDA:531,44,1,0
BRDA:531,45,0,1
BRDA:531,45,1,1
BRDA:532,46,0,1
BRDA:532,46,1,0
BRDA:548,47,0,1
BRDA:548,47,1,0
BRDA:552,48,0,1
BRDA:552,48,1,0
BRDA:556,49,0,1
BRDA:556,49,1,0
BRDA:560,50,0,1
BRDA:560,50,1,0
BRDA:561,51,0,1
BRDA:561,51,1,0
BRDA:562,52,0,1
BRDA:562,52,1,0
BRF:109
BRH:44
end_of_record
TN:
SF:src\kernel.validation.cache.ts
FN:16,(anonymous_0)
FN:20,(anonymous_1)
FN:30,(anonymous_2)
FN:44,(anonymous_3)
FN:48,(anonymous_4)
FN:97,(anonymous_5)
FN:104,(anonymous_6)
FN:129,(anonymous_7)
FN:154,(anonymous_8)
FN:171,(anonymous_9)
FN:196,(anonymous_10)
FN:213,(anonymous_11)
FN:238,(anonymous_12)
FN:254,(anonymous_13)
FN:298,(anonymous_14)
FN:356,warmValidationCache
FN:377,(anonymous_16)
FN:394,(anonymous_17)
FNF:18
FNH:15
FNDA:9,(anonymous_0)
FNDA:9,(anonymous_1)
FNDA:625,(anonymous_2)
FNDA:39,(anonymous_3)
FNDA:18,(anonymous_4)
FNDA:14,(anonymous_5)
FNDA:13,(anonymous_6)
FNDA:22,(anonymous_7)
FNDA:611,(anonymous_8)
FNDA:12,(anonymous_9)
FNDA:7,(anonymous_10)
FNDA:18,(anonymous_11)
FNDA:8,(anonymous_12)
FNDA:3,(anonymous_13)
FNDA:1,(anonymous_14)
FNDA:0,warmValidationCache
FNDA:0,(anonymous_16)
FNDA:0,(anonymous_17)
DA:13,9
DA:17,9
DA:21,9
DA:22,9
DA:24,5
DA:25,5
DA:27,9
DA:31,625
DA:33,6
DA:34,619
DA:36,100
DA:37,100
DA:38,100
DA:41,625
DA:45,39
DA:49,18
DA:73,3
DA:74,3
DA:75,3
DA:78,3
DA:79,3
DA:80,3
DA:83,3
DA:92,3
DA:98,14
DA:106,13
DA:107,13
DA:108,13
DA:111,13
DA:112,13
DA:113,13
DA:116,13
DA:130,22
DA:132,21
DA:133,5
DA:134,5
DA:135,3
DA:136,3
DA:138,2
DA:139,2
DA:142,16
DA:143,16
DA:144,7
DA:146,9
DA:148,16
DA:155,611
DA:157,610
DA:158,601
DA:160,9
DA:162,9
DA:163,9
DA:172,12
DA:174,12
DA:175,2
DA:176,2
DA:177,1
DA:178,1
DA:180,1
DA:181,1
DA:184,10
DA:185,10
DA:186,2
DA:188,8
DA:190,10
DA:197,7
DA:199,7
DA:200,1
DA:202,6
DA:204,6
DA:205,6
DA:214,18
DA:216,18
DA:217,2
DA:218,2
DA:219,1
DA:220,1
DA:222,1
DA:223,1
DA:226,16
DA:227,16
DA:228,4
DA:230,12
DA:232,16
DA:239,8
DA:241,8
DA:242,1
DA:244,7
DA:246,7
DA:247,7
DA:260,3
DA:261,3
DA:262,3
DA:263,3
DA:264,3
DA:265,3
DA:267,3
DA:299,1
DA:313,3
DA:364,0
DA:366,0
DA:368,0
DA:369,0
DA:375,0
DA:376,0
DA:377,0
DA:378,0
DA:381,0
DA:392,0
DA:393,0
DA:394,0
DA:395,0
DA:397,0
DA:408,0
DA:409,0
DA:410,0
DA:411,0
DA:413,0
DA:415,0
DA:416,0
DA:417,0
DA:419,0
DA:420,0
DA:428,0
DA:436,0
LF:124
LH:98
BRDA:16,0,0,9
BRDA:22,1,0,5
BRDA:22,1,1,4
BRDA:31,2,0,6
BRDA:31,2,1,619
BRDA:34,3,0,100
BRDA:34,3,1,519
BRDA:37,4,0,100
BRDA:37,4,1,0
BRDA:130,5,0,1
BRDA:130,5,1,21
BRDA:132,6,0,5
BRDA:132,6,1,16
BRDA:134,7,0,3
BRDA:134,7,1,2
BRDA:143,8,0,7
BRDA:143,8,1,9
BRDA:155,9,0,1
BRDA:155,9,1,610
BRDA:157,10,0,601
BRDA:157,10,1,9
BRDA:162,11,0,9
BRDA:162,11,1,0
BRDA:172,12,0,0
BRDA:172,12,1,12
BRDA:174,13,0,2
BRDA:174,13,1,10
BRDA:176,14,0,1
BRDA:176,14,1,1
BRDA:185,15,0,2
BRDA:185,15,1,8
BRDA:197,16,0,0
BRDA:197,16,1,7
BRDA:199,17,0,1
BRDA:199,17,1,6
BRDA:204,18,0,6
BRDA:204,18,1,0
BRDA:214,19,0,0
BRDA:214,19,1,18
BRDA:216,20,0,2
BRDA:216,20,1,16
BRDA:218,21,0,1
BRDA:218,21,1,1
BRDA:227,22,0,4
BRDA:227,22,1,12
BRDA:239,23,0,0
BRDA:239,23,1,8
BRDA:241,24,0,1
BRDA:241,24,1,7
BRDA:271,25,0,2
BRDA:271,25,1,1
BRDA:277,26,0,0
BRDA:277,26,1,3
BRDA:283,27,0,0
BRDA:283,27,1,3
BRDA:289,28,0,2
BRDA:289,28,1,1
BRDA:356,29,0,0
BRDA:358,30,0,0
BRDA:359,31,0,0
BRDA:360,32,0,0
BRDA:361,33,0,0
BRDA:362,34,0,0
BRDA:363,35,0,0
BRDA:368,36,0,0
BRDA:368,36,1,0
BRDA:368,37,0,0
BRDA:368,37,1,0
BRDA:368,37,2,0
BRDA:375,38,0,0
BRDA:375,38,1,0
BRDA:375,39,0,0
BRDA:375,39,1,0
BRDA:392,40,0,0
BRDA:392,40,1,0
BRDA:392,41,0,0
BRDA:392,41,1,0
BRDA:408,42,0,0
BRDA:408,42,1,0
BRDA:408,43,0,0
BRDA:408,43,1,0
BRDA:411,44,0,0
BRDA:411,44,1,0
BRDA:413,45,0,0
BRDA:413,45,1,0
BRDA:415,46,0,0
BRDA:415,46,1,0
BRDA:415,47,0,0
BRDA:415,47,1,0
BRDA:417,48,0,0
BRDA:417,48,1,0
BRF:91
BRH:48
end_of_record
TN:
SF:src\kernel.validation.ts
FN:30,validateConcept
FN:80,validateValueSet
FN:130,validateValue
FN:176,validateKernelRegistry
FN:215,(anonymous_4)
FN:259,validatePackInvariants
FN:283,(anonymous_6)
FN:287,(anonymous_7)
FN:288,(anonymous_8)
FN:313,validatePack
FN:338,(anonymous_10)
FNF:11
FNH:11
FNDA:6,validateConcept
FNDA:8,validateValueSet
FNDA:14,validateValue
FNDA:15,validateKernelRegistry
FNDA:9,(anonymous_4)
FNDA:5,validatePackInvariants
FNDA:6,(anonymous_6)
FNDA:6,(anonymous_7)
FNDA:3,(anonymous_8)
FNDA:6,validatePack
FNDA:3,(anonymous_10)
DA:32,6
DA:33,6
DA:34,6
DA:35,1
DA:37,0
DA:38,0
DA:39,0
DA:40,0
DA:44,5
DA:45,5
DA:46,2
DA:54,3
DA:55,0
DA:63,3
DA:64,3
DA:65,0
DA:66,0
DA:69,3
DA:82,8
DA:83,8
DA:84,8
DA:85,1
DA:87,0
DA:88,0
DA:89,0
DA:90,0
DA:94,7
DA:95,7
DA:96,2
DA:104,5
DA:105,0
DA:113,5
DA:114,5
DA:115,0
DA:116,0
DA:119,5
DA:132,14
DA:133,14
DA:134,14
DA:135,3
DA:137,0
DA:138,0
DA:139,0
DA:140,0
DA:144,11
DA:145,11
DA:146,5
DA:154,6
DA:155,0
DA:163,6
DA:164,6
DA:165,0
DA:166,0
DA:169,6
DA:179,15
DA:180,15
DA:181,2
DA:189,13
DA:190,13
DA:191,11
DA:192,2
DA:198,9
DA:201,11
DA:202,11
DA:203,13
DA:204,2
DA:210,11
DA:214,9
DA:215,9
DA:217,9
DA:218,14
DA:219,2
DA:232,7
DA:233,7
DA:234,12
DA:235,12
DA:236,7
DA:238,12
DA:239,12
DA:240,2
DA:246,10
DA:250,5
DA:252,5
DA:261,5
DA:262,5
DA:263,8
DA:264,5
DA:266,8
DA:270,5
DA:271,5
DA:272,5
DA:273,2
DA:282,3
DA:283,6
DA:284,3
DA:286,3
DA:287,6
DA:288,3
DA:291,3
DA:292,6
DA:293,2
DA:314,6
DA:315,6
DA:316,3
DA:324,3
DA:325,1
DA:328,3
DA:329,3
DA:332,3
DA:333,3
DA:337,3
DA:338,3
DA:340,3
DA:341,3
DA:342,2
LF:115
LH:94
BRDA:32,0,0,6
BRDA:32,0,1,0
BRDA:32,1,0,6
BRDA:32,1,1,6
BRDA:34,2,0,1
BRDA:34,2,1,5
BRDA:37,3,0,0
BRDA:37,3,1,0
BRDA:39,4,0,0
BRDA:39,4,1,0
BRDA:45,5,0,2
BRDA:45,5,1,3
BRDA:54,6,0,0
BRDA:54,6,1,3
BRDA:63,7,0,3
BRDA:63,7,1,0
BRDA:63,8,0,3
BRDA:63,8,1,3
BRDA:65,9,0,0
BRDA:65,9,1,0
BRDA:82,10,0,8
BRDA:82,10,1,0
BRDA:82,11,0,8
BRDA:82,11,1,8
BRDA:84,12,0,1
BRDA:84,12,1,7
BRDA:87,13,0,0
BRDA:87,13,1,0
BRDA:89,14,0,0
BRDA:89,14,1,0
BRDA:95,15,0,2
BRDA:95,15,1,5
BRDA:104,16,0,0
BRDA:104,16,1,5
BRDA:113,17,0,5
BRDA:113,17,1,0
BRDA:113,18,0,5
BRDA:113,18,1,5
BRDA:115,19,0,0
BRDA:115,19,1,0
BRDA:132,20,0,14
BRDA:132,20,1,0
BRDA:132,21,0,14
BRDA:132,21,1,14
BRDA:134,22,0,3
BRDA:134,22,1,11
BRDA:137,23,0,0
BRDA:137,23,1,0
BRDA:139,24,0,0
BRDA:139,24,1,0
BRDA:145,25,0,5
BRDA:145,25,1,6
BRDA:154,26,0,0
BRDA:154,26,1,6
BRDA:163,27,0,6
BRDA:163,27,1,0
BRDA:163,28,0,6
BRDA:163,28,1,6
BRDA:165,29,0,0
BRDA:165,29,1,0
BRDA:180,30,0,2
BRDA:180,30,1,13
BRDA:191,31,0,2
BRDA:191,31,1,9
BRDA:203,32,0,2
BRDA:203,32,1,11
BRDA:218,33,0,2
BRDA:218,33,1,12
BRDA:235,34,0,7
BRDA:235,34,1,5
BRDA:239,35,0,2
BRDA:239,35,1,10
BRDA:263,36,0,5
BRDA:263,36,1,3
BRDA:271,37,0,5
BRDA:271,37,1,0
BRDA:272,38,0,2
BRDA:272,38,1,3
BRDA:284,39,0,0
BRDA:284,39,1,3
BRDA:292,40,0,2
BRDA:292,40,1,4
BRDA:315,41,0,3
BRDA:315,41,1,3
BRDA:341,42,0,2
BRDA:341,42,1,1
BRF:86
BRH:57
end_of_record
TN:
SF:src\manifest.ts
FN:367,validateManifestDefinition
FN:383,validateManifest
FN:399,validateManifestCreateInput
FN:416,isConceptAllowed
FN:427,getConceptPolicy
FN:438,canPerformOperation
FN:461,isValidTransition
FN:476,transitionRequiresComment
FNF:8
FNH:8
FNDA:3,validateManifestDefinition
FNDA:3,validateManifest
FNDA:2,validateManifestCreateInput
FNDA:12,isConceptAllowed
FNDA:9,getConceptPolicy
FNDA:7,canPerformOperation
FNDA:5,isValidTransition
FNDA:4,transitionRequiresComment
DA:22,2
DA:28,2
DA:34,2
DA:45,2
DA:57,2
DA:58,2
DA:64,2
DA:69,2
DA:76,2
DA:83,2
DA:105,2
DA:129,2
DA:162,2
DA:190,2
DA:230,2
DA:251,2
DA:287,2
DA:349,2
DA:368,3
DA:369,3
DA:370,1
DA:376,2
DA:384,3
DA:385,3
DA:386,1
DA:392,2
DA:402,2
DA:403,2
DA:404,1
DA:410,1
DA:420,12
DA:421,12
DA:431,9
DA:432,9
DA:444,7
DA:445,1
DA:448,6
DA:449,6
DA:451,2
DA:454,4
DA:455,7
DA:466,5
DA:467,5
DA:468,2
DA:470,3
DA:480,4
LF:46
LH:46
BRDA:369,0,0,1
BRDA:369,0,1,2
BRDA:385,1,0,1
BRDA:385,1,1,2
BRDA:403,2,0,1
BRDA:403,2,1,1
BRDA:420,3,0,2
BRDA:420,3,1,10
BRDA:431,4,0,1
BRDA:431,4,1,8
BRDA:444,5,0,1
BRDA:444,5,1,6
BRDA:449,6,0,2
BRDA:449,6,1,4
BRDA:454,7,0,4
BRDA:454,7,1,0
BRDA:455,8,0,7
BRDA:455,8,1,3
BRDA:467,9,0,2
BRDA:467,9,1,3
BRDA:480,10,0,4
BRDA:480,10,1,3
BRF:22
BRH:21
end_of_record
TN:
SF:src\namespace-prefixes.ts
FN:347,isValidNamespacePrefix
FN:356,getNamespacePrefix
FN:365,validateValueAgainstPrefix
FNF:3
FNH:3
FNDA:6,isValidNamespacePrefix
FNDA:2,getNamespacePrefix
FNDA:19,validateValueAgainstPrefix
DA:56,2
DA:101,2
DA:341,2
DA:350,6
DA:359,2
DA:369,19
DA:370,19
DA:371,19
LF:8
LH:8
BRF:0
BRH:0
end_of_record
TN:
SF:src\schemaHeader.ts
FN:26,createSchemaHeader
FNF:1
FNH:1
FNDA:8,createSchemaHeader
DA:4,3
DA:10,3
DA:38,8
DA:39,8
LF:4
LH:4
BRDA:44,0,0,8
BRDA:44,0,1,7
BRDA:50,1,0,8
BRDA:50,1,1,1
BRF:4
BRH:4
end_of_record
TN:
SF:src\semantic-roots.ts
FN:459,isValidSemanticRoot
FN:466,getSemanticRoot
FNF:2
FNH:2
FNDA:8,isValidSemanticRoot
FNDA:2,getSemanticRoot
DA:77,2
DA:141,2
DA:454,2
DA:460,8
DA:467,2
LF:5
LH:5
BRF:0
BRH:0
end_of_record
TN:
SF:src\status.ts
FN:7,createStatusSet
FN:18,(anonymous_1)
FN:19,(anonymous_2)
FN:20,(anonymous_3)
FNF:4
FNH:4
FNDA:9,createStatusSet
FNDA:5,(anonymous_1)
FNDA:2,(anonymous_2)
FNDA:6,(anonymous_3)
DA:9,9
DA:10,1
DA:13,8
DA:15,8
DA:18,5
DA:19,2
DA:20,6
LF:7
LH:7
BRDA:9,0,0,1
BRDA:9,0,1,8
BRF:2
BRH:2
end_of_record
TN:
SF:src\values.lazy.ts
FN:30,(anonymous_0)
FN:43,(anonymous_1)
FN:50,(anonymous_2)
FN:57,(anonymous_3)
FN:61,(anonymous_4)
FN:87,getCountries
FN:94,getCurrencies
FN:102,preloadLargeValueSets
FNF:8
FNH:8
FNDA:9,(anonymous_0)
FNDA:3,(anonymous_1)
FNDA:9,(anonymous_2)
FNDA:8,(anonymous_3)
FNDA:7,(anonymous_4)
FNDA:5,getCountries
FNDA:1,getCurrencies
FNDA:1,preloadLargeValueSets
DA:12,1
DA:24,1
DA:31,9
DA:32,2
DA:35,7
DA:36,7
DA:37,7
DA:44,3
DA:51,9
DA:58,8
DA:66,7
DA:67,7
DA:74,1
DA:88,5
DA:95,1
DA:103,1
DA:104,1
LF:17
LH:17
BRDA:31,0,0,2
BRDA:31,0,1,7
BRF:2
BRH:2
end_of_record
TN:
SF:src\values.ts
FNF:0
FNH:0
DA:21,11
DA:115,11
DA:1177,11
DA:1178,11
LF:4
LH:4
BRF:0
BRH:0
end_of_record
TN:
SF:src\version.ts
FN:28,computeSnapshotId
FN:34,(anonymous_1)
FN:38,(anonymous_2)
FN:78,validateKernelIntegrity
FN:82,(anonymous_4)
FNF:5
FNH:5
FNDA:7,computeSnapshotId
FNDA:504,(anonymous_1)
FNDA:497,(anonymous_2)
FNDA:16,validateKernelIntegrity
FNDA:1152,(anonymous_4)
DA:22,7
DA:29,7
DA:34,504
DA:38,497
DA:43,7
DA:44,7
DA:45,136416
DA:46,136416
DA:47,136416
DA:49,7
DA:58,7
DA:63,7
DA:79,16
DA:80,16
DA:81,16
DA:82,1152
DA:86,16
DA:87,0
DA:91,16
DA:92,0
DA:96,16
DA:97,0
DA:104,7
LF:23
LH:20
BRDA:86,0,0,0
BRDA:86,0,1,16
BRDA:91,1,0,0
BRDA:91,1,1,16
BRDA:96,2,0,0
BRDA:96,2,1,16
BRF:6
BRH:3
end_of_record
TN:
SF:src\zod.ts
FN:8,validateOrThrow
FN:23,createContractSchema
FNF:2
FNH:2
FNDA:6,validateOrThrow
FNDA:6,createContractSchema
DA:9,6
DA:10,6
DA:11,3
DA:17,3
DA:40,6
LF:5
LH:5
BRDA:10,0,0,3
BRDA:10,0,1,3
BRF:2
BRH:2
end_of_record
TN:
SF:src\migration\index.ts
FNF:0
FNH:0
LF:0
LH:0
BRF:0
BRH:0
end_of_record
TN:
SF:src\migration\migration-engine.ts
FN:45,executeMigration
FN:89,(anonymous_1)
FN:106,(anonymous_2)
FN:123,(anonymous_3)
FN:140,detectBreakingChanges
FN:174,rollbackMigration
FN:193,validateMigration
FN:211,(anonymous_7)
FNF:8
FNH:6
FNDA:7,executeMigration
FNDA:0,(anonymous_1)
FNDA:0,(anonymous_2)
FNDA:2,(anonymous_3)
FNDA:9,detectBreakingChanges
FNDA:1,rollbackMigration
FNDA:3,validateMigration
FNDA:2,(anonymous_7)
DA:48,7
DA:51,7
DA:53,7
DA:54,2
DA:68,5
DA:69,1
DA:83,4
DA:85,4
DA:86,0
DA:89,0
DA:100,4
DA:101,1
DA:106,0
DA:118,3
DA:123,2
DA:146,9
DA:148,9
DA:155,5
DA:164,4
DA:179,1
DA:197,3
DA:198,3
DA:200,3
DA:201,2
DA:204,3
DA:205,2
DA:208,3
DA:209,3
DA:210,2
DA:211,2
DA:215,3
LF:31
LH:28
BRDA:48,0,0,7
BRDA:48,1,0,7
BRDA:53,2,0,2
BRDA:53,2,1,5
BRDA:53,3,0,7
BRDA:53,3,1,4
BRDA:68,4,0,1
BRDA:68,4,1,4
BRDA:85,5,0,0
BRDA:85,5,1,4
BRDA:85,6,0,4
BRDA:85,6,1,2
BRDA:100,7,0,1
BRDA:100,7,1,3
BRDA:105,8,0,0
BRDA:105,8,1,1
BRDA:122,9,0,1
BRDA:122,9,1,2
BRDA:148,10,0,5
BRDA:148,10,1,4
BRDA:200,11,0,2
BRDA:200,11,1,1
BRDA:204,12,0,2
BRDA:204,12,1,1
BRDA:209,13,0,2
BRDA:209,13,1,1
BRF:26
BRH:24
end_of_record
TN:
SF:src\migration\types.ts
FNF:0
FNH:0
LF:0
LH:0
BRF:0
BRH:0
end_of_record
TN:
SF:src\migration\version-compatibility.ts
FN:56,parseVersion
FN:79,compareVersions
FN:99,checkCompatibility
FN:117,(anonymous_3)
FN:198,getCurrentKernelVersion
FN:208,isMigrationNeeded
FNF:6
FNH:6
FNDA:16,parseVersion
FNDA:5,compareVersions
FNDA:5,checkCompatibility
FNDA:7,(anonymous_3)
FNDA:3,getCurrentKernelVersion
FNDA:1,isMigrationNeeded
DA:19,1
DA:61,16
DA:62,16
DA:63,3
DA:65,13
DA:80,5
DA:81,5
DA:83,5
DA:84,1
DA:86,4
DA:87,0
DA:89,4
DA:104,5
DA:105,2
DA:116,3
DA:117,7
DA:120,3
DA:121,2
DA:125,1
DA:126,1
DA:129,1
DA:130,1
DA:131,5
DA:132,5
DA:135,5
DA:136,0
DA:147,1
DA:148,0
DA:159,1
DA:160,1
DA:171,0
DA:172,0
DA:183,0
DA:199,3
DA:209,1
DA:210,1
DA:211,1
LF:37
LH:31
BRDA:62,0,0,3
BRDA:62,0,1,13
BRDA:62,1,0,16
BRDA:62,1,1,13
BRDA:83,2,0,1
BRDA:83,2,1,4
BRDA:86,3,0,0
BRDA:86,3,1,4
BRDA:104,4,0,2
BRDA:104,4,1,3
BRDA:117,5,0,7
BRDA:117,5,1,5
BRDA:120,6,0,2
BRDA:120,6,1,1
BRDA:130,7,0,1
BRDA:130,7,1,1
BRDA:131,8,0,5
BRDA:131,8,1,1
BRDA:131,8,2,1
BRDA:135,9,0,0
BRDA:135,9,1,5
BRDA:147,10,0,0
BRDA:147,10,1,1
BRDA:159,11,0,1
BRDA:159,11,1,0
BRDA:171,12,0,0
BRDA:171,12,1,0
BRF:27
BRH:21
end_of_record
TN:
SF:src\monitoring\errors.ts
FN:43,enableErrorTracking
FN:45,(anonymous_1)
FN:56,disableErrorTracking
FN:66,trackError
FN:76,(anonymous_4)
FN:103,withErrorTracking
FN:143,(anonymous_6)
FN:150,(anonymous_7)
FN:160,(anonymous_8)
FN:164,(anonymous_9)
FN:175,(anonymous_10)
FN:193,(anonymous_11)
FN:204,(anonymous_12)
FNF:13
FNH:2
FNDA:1,enableErrorTracking
FNDA:0,(anonymous_1)
FNDA:0,disableErrorTracking
FNDA:0,trackError
FNDA:0,(anonymous_4)
FNDA:0,withErrorTracking
FNDA:1,(anonymous_6)
FNDA:0,(anonymous_7)
FNDA:0,(anonymous_8)
FNDA:0,(anonymous_9)
FNDA:0,(anonymous_10)
FNDA:0,(anonymous_11)
FNDA:0,(anonymous_12)
DA:27,1
DA:44,1
DA:45,1
DA:46,0
DA:47,0
DA:48,0
DA:57,0
DA:70,0
DA:76,0
DA:77,0
DA:78,0
DA:81,0
DA:108,0
DA:109,0
DA:111,0
DA:118,0
DA:140,1
DA:144,1
DA:151,0
DA:152,0
DA:153,0
DA:161,0
DA:162,0
DA:164,0
DA:165,0
DA:166,0
DA:168,0
DA:169,0
DA:173,0
DA:175,0
DA:182,0
DA:194,0
DA:201,1
DA:204,1
DA:205,0
LF:35
LH:7
BRDA:47,0,0,0
BRDA:47,0,1,0
BRDA:68,1,0,0
BRDA:112,2,0,0
BRDA:112,2,1,0
BRDA:143,3,0,1
BRDA:152,4,0,0
BRDA:152,4,1,0
BRDA:166,5,0,0
BRDA:166,5,1,0
BRDA:168,6,0,0
BRDA:168,6,1,0
BRDA:169,7,0,0
BRDA:169,7,1,0
BRF:14
BRH:1
end_of_record
TN:
SF:src\monitoring\performance.ts
FN:44,enablePerformanceMonitoring
FN:48,(anonymous_1)
FN:59,disablePerformanceMonitoring
FN:66,emitMetrics
FN:67,(anonymous_4)
FN:94,measurePerformance
FN:136,(anonymous_6)
FN:143,(anonymous_7)
FN:153,(anonymous_8)
FN:160,(anonymous_9)
FN:169,(anonymous_10)
FN:183,(anonymous_11)
FN:183,(anonymous_12)
FN:184,(anonymous_13)
FN:207,(anonymous_14)
FN:214,(anonymous_15)
FN:215,(anonymous_16)
FN:218,(anonymous_17)
FN:232,(anonymous_18)
FNF:19
FNH:2
FNDA:1,enablePerformanceMonitoring
FNDA:0,(anonymous_1)
FNDA:0,disablePerformanceMonitoring
FNDA:0,emitMetrics
FNDA:0,(anonymous_4)
FNDA:0,measurePerformance
FNDA:1,(anonymous_6)
FNDA:0,(anonymous_7)
FNDA:0,(anonymous_8)
FNDA:0,(anonymous_9)
FNDA:0,(anonymous_10)
FNDA:0,(anonymous_11)
FNDA:0,(anonymous_12)
FNDA:0,(anonymous_13)
FNDA:0,(anonymous_14)
FNDA:0,(anonymous_15)
FNDA:0,(anonymous_16)
FNDA:0,(anonymous_17)
FNDA:0,(anonymous_18)
DA:26,1
DA:47,1
DA:48,1
DA:49,0
DA:50,0
DA:51,0
DA:60,0
DA:67,0
DA:68,0
DA:69,0
DA:72,0
DA:99,0
DA:100,0
DA:101,0
DA:102,0
DA:104,0
DA:111,0
DA:113,0
DA:115,0
DA:125,0
DA:133,1
DA:137,1
DA:144,0
DA:145,0
DA:146,0
DA:154,0
DA:169,0
DA:171,0
DA:172,0
DA:183,0
DA:184,0
DA:185,0
DA:186,0
DA:187,0
DA:188,0
DA:189,0
DA:190,0
DA:191,0
DA:193,0
DA:208,0
DA:215,0
DA:216,0
DA:218,0
DA:219,0
DA:222,0
DA:229,1
DA:232,1
DA:233,0
LF:48
LH:7
BRDA:50,0,0,0
BRDA:50,0,1,0
BRDA:121,1,0,0
BRDA:121,1,1,0
BRDA:136,2,0,1
BRDA:145,3,0,0
BRDA:145,3,1,0
BRDA:171,4,0,0
BRDA:171,4,1,0
BRDA:190,5,0,0
BRDA:190,5,1,0
BRDA:191,6,0,0
BRDA:191,6,1,0
BRF:13
BRH:1
end_of_record
TN:
SF:src\nextjs\cache-strategy.ts
FN:47,createKernelCache
FN:83,revalidateKernelTag
FN:103,revalidateAllKernelCaches
FNF:3
FNH:3
FNDA:4,createKernelCache
FNDA:2,revalidateKernelTag
FNDA:1,revalidateAllKernelCaches
DA:55,4
DA:57,4
DA:84,2
DA:85,2
DA:104,1
DA:105,1
DA:106,1
LF:7
LH:7
BRDA:50,0,0,4
BRDA:53,1,0,4
BRDA:54,2,0,4
BRDA:83,3,0,2
BRF:4
BRH:4
end_of_record
TN:
SF:src\nextjs\index.ts
FNF:0
FNH:0
LF:0
LH:0
BRF:0
BRH:0
end_of_record
TN:
SF:src\nextjs\middleware.ts
FN:31,withKernelValidation
FN:34,(anonymous_1)
FN:75,kernelValidationMiddleware
FNF:3
FNH:3
FNDA:3,withKernelValidation
FNDA:3,(anonymous_1)
FNDA:2,kernelValidationMiddleware
DA:34,3
DA:35,3
DA:38,3
DA:42,2
DA:49,3
DA:78,2
DA:79,2
DA:81,2
LF:8
LH:8
BRF:0
BRH:0
end_of_record
TN:
SF:src\nextjs\route-handlers.ts
FN:28,handleGetConcepts
FN:52,handleGetValueSets
FN:76,handleGetValues
FN:100,handleGetVersion
FN:123,handleValidateKernel
FN:148,handleGetConcept
FNF:6
FNH:6
FNDA:2,handleGetConcepts
FNDA:2,handleGetValueSets
FNDA:2,handleGetValues
FNDA:2,handleGetVersion
FNDA:2,handleValidateKernel
FNDA:3,handleGetConcept
DA:29,2
DA:30,2
DA:31,1
DA:37,1
DA:53,2
DA:54,2
DA:55,1
DA:61,1
DA:77,2
DA:78,2
DA:79,1
DA:85,1
DA:101,2
DA:102,2
DA:103,1
DA:108,1
DA:124,2
DA:125,2
DA:126,2
DA:132,1
DA:152,3
DA:153,3
DA:154,3
DA:157,2
DA:158,2
DA:160,2
DA:161,1
DA:170,1
DA:178,1
LF:29
LH:29
BRDA:40,0,0,1
BRDA:40,0,1,0
BRDA:64,1,0,1
BRDA:64,1,1,0
BRDA:88,2,0,1
BRDA:88,2,1,0
BRDA:111,3,0,1
BRDA:111,3,1,0
BRDA:135,4,0,1
BRDA:135,4,1,0
BRDA:160,5,0,1
BRDA:160,5,1,1
BRDA:181,6,0,1
BRDA:181,6,1,0
BRF:14
BRH:8
end_of_record
TN:
SF:src\nextjs\server-components.ts
FN:31,(anonymous_0)
FN:45,(anonymous_1)
FN:59,(anonymous_2)
FN:88,revalidateKernelCache
FN:99,(anonymous_4)
FNF:5
FNH:5
FNDA:1,(anonymous_0)
FNDA:1,(anonymous_1)
FNDA:1,(anonymous_2)
FNDA:1,revalidateKernelCache
FNDA:1,(anonymous_4)
DA:30,1
DA:31,1
DA:44,1
DA:45,1
DA:58,1
DA:59,1
DA:89,1
DA:90,1
DA:98,1
DA:99,1
LF:10
LH:10
BRF:0
BRH:0
end_of_record
TN:
SF:src\supabase\drift-detection.ts
FN:45,detectDrift
FN:74,(anonymous_1)
FN:93,(anonymous_2)
FN:119,generateDriftReport
FN:153,(anonymous_4)
FN:162,(anonymous_5)
FNF:6
FNH:0
FNDA:0,detectDrift
FNDA:0,(anonymous_1)
FNDA:0,(anonymous_2)
FNDA:0,generateDriftReport
FNDA:0,(anonymous_4)
FNDA:0,(anonymous_5)
DA:46,0
DA:47,0
DA:48,0
DA:49,0
DA:52,0
DA:53,0
DA:54,0
DA:55,0
DA:61,0
DA:62,0
DA:63,0
DA:64,0
DA:70,0
DA:71,0
DA:74,0
DA:75,0
DA:76,0
DA:77,0
DA:78,0
DA:81,0
DA:82,0
DA:83,0
DA:84,0
DA:89,0
DA:93,0
DA:94,0
DA:95,0
DA:96,0
DA:97,0
DA:98,0
DA:105,0
DA:120,0
DA:121,0
DA:123,0
DA:124,0
DA:125,0
DA:126,0
DA:127,0
DA:128,0
DA:130,0
DA:132,0
DA:133,0
DA:134,0
DA:136,0
DA:137,0
DA:139,0
DA:140,0
DA:142,0
DA:143,0
DA:145,0
DA:146,0
DA:148,0
DA:149,0
DA:152,0
DA:153,0
DA:154,0
DA:157,0
DA:160,0
DA:161,0
DA:162,0
DA:163,0
DA:167,0
LF:62
LH:0
BRDA:52,0,0,0
BRDA:52,0,1,0
BRDA:61,1,0,0
BRDA:61,1,1,0
BRDA:63,2,0,0
BRDA:63,2,1,0
BRDA:70,3,0,0
BRDA:70,3,1,0
BRDA:75,4,0,0
BRDA:75,4,1,0
BRDA:77,5,0,0
BRDA:77,5,1,0
BRDA:81,6,0,0
BRDA:81,6,1,0
BRDA:83,7,0,0
BRDA:83,7,1,0
BRDA:94,8,0,0
BRDA:94,8,1,0
BRDA:96,9,0,0
BRDA:96,9,1,0
BRDA:127,10,0,0
BRDA:127,10,1,0
BRDA:128,11,0,0
BRDA:128,11,1,0
BRDA:130,12,0,0
BRDA:130,12,1,0
BRDA:132,13,0,0
BRDA:132,13,1,0
BRDA:136,14,0,0
BRDA:136,14,1,0
BRDA:139,15,0,0
BRDA:139,15,1,0
BRDA:142,16,0,0
BRDA:142,16,1,0
BRDA:145,17,0,0
BRDA:145,17,1,0
BRDA:148,18,0,0
BRDA:148,18,1,0
BRDA:160,19,0,0
BRDA:160,19,1,0
BRF:40
BRH:0
end_of_record
TN:
SF:src\supabase\index.ts
FNF:0
FNH:0
LF:0
LH:0
BRF:0
BRH:0
end_of_record
TN:
SF:src\supabase\kernel-metadata.ts
FN:59,syncConceptsToDatabase
FN:83,(anonymous_1)
FN:117,syncValueSetsToDatabase
FN:141,(anonymous_3)
FN:175,syncValuesToDatabase
FN:199,(anonymous_5)
FN:245,syncKernelToDatabase
FN:309,getKernelMetadataFromDatabase
FN:341,getCurrentKernelVersion
FNF:9
FNH:9
FNDA:6,syncConceptsToDatabase
FNDA:256,(anonymous_1)
FNDA:4,syncValueSetsToDatabase
FNDA:5,(anonymous_3)
FNDA:4,syncValuesToDatabase
FNDA:5,(anonymous_5)
FNDA:2,syncKernelToDatabase
FNDA:3,getKernelMetadataFromDatabase
FNDA:3,getCurrentKernelVersion
DA:64,6
DA:67,6
DA:68,5
DA:74,5
DA:75,0
DA:80,6
DA:81,6
DA:82,8
DA:83,256
DA:92,8
DA:99,8
DA:100,2
DA:103,6
DA:106,6
DA:122,4
DA:125,4
DA:126,4
DA:132,4
DA:133,0
DA:138,4
DA:139,4
DA:140,4
DA:141,5
DA:150,4
DA:157,4
DA:158,2
DA:161,2
DA:164,2
DA:180,4
DA:183,4
DA:184,4
DA:190,4
DA:191,0
DA:196,4
DA:197,4
DA:198,4
DA:199,5
DA:208,4
DA:215,4
DA:216,2
DA:219,2
DA:222,2
DA:254,2
DA:255,2
DA:256,2
DA:257,2
DA:259,2
DA:260,2
DA:266,1
DA:267,1
DA:270,2
DA:271,2
DA:277,1
DA:278,1
DA:281,2
DA:282,2
DA:288,1
DA:289,1
DA:292,2
DA:314,3
DA:318,3
DA:319,1
DA:322,3
DA:323,3
DA:326,3
DA:328,3
DA:329,1
DA:332,2
DA:344,3
DA:351,3
DA:352,2
DA:355,1
DA:356,1
LF:73
LH:70
BRDA:62,0,0,6
BRDA:64,1,0,6
BRDA:64,2,0,6
BRDA:67,3,0,5
BRDA:67,3,1,1
BRDA:74,4,0,0
BRDA:74,4,1,5
BRDA:99,5,0,2
BRDA:99,5,1,6
BRDA:120,6,0,4
BRDA:122,7,0,4
BRDA:122,8,0,4
BRDA:125,9,0,4
BRDA:125,9,1,0
BRDA:132,10,0,0
BRDA:132,10,1,4
BRDA:157,11,0,2
BRDA:157,11,1,2
BRDA:178,12,0,4
BRDA:180,13,0,4
BRDA:180,14,0,4
BRDA:183,15,0,4
BRDA:183,15,1,0
BRDA:190,16,0,0
BRDA:190,16,1,4
BRDA:215,17,0,2
BRDA:215,17,1,2
BRDA:252,18,0,2
BRDA:266,19,0,1
BRDA:266,19,1,0
BRDA:277,20,0,1
BRDA:277,20,1,0
BRDA:288,21,0,1
BRDA:288,21,1,0
BRDA:312,22,0,3
BRDA:318,23,0,1
BRDA:318,23,1,2
BRDA:322,24,0,3
BRDA:322,24,1,0
BRDA:328,25,0,1
BRDA:328,25,1,2
BRDA:332,26,0,2
BRDA:332,26,1,0
BRDA:351,27,0,2
BRDA:351,27,1,1
BRDA:351,28,0,3
BRDA:351,28,1,3
BRF:47
BRH:37
end_of_record
TN:
SF:src\supabase\mcp-adapter.ts
FN:120,(anonymous_0)
FN:134,(anonymous_1)
FN:142,(anonymous_2)
FN:176,(anonymous_3)
FN:199,(anonymous_4)
FN:222,(anonymous_5)
FN:249,(anonymous_6)
FN:268,(anonymous_7)
FN:276,(anonymous_8)
FN:277,(anonymous_9)
FN:278,(anonymous_10)
FN:285,(anonymous_11)
FN:307,(anonymous_12)
FN:354,(anonymous_13)
FN:369,(anonymous_14)
FN:380,(anonymous_15)
FN:397,(anonymous_16)
FN:400,(anonymous_17)
FN:419,(anonymous_18)
FN:450,(anonymous_19)
FN:472,(anonymous_20)
FN:505,createSupabaseMCPAdapter
FNF:22
FNH:0
FNDA:0,(anonymous_0)
FNDA:0,(anonymous_1)
FNDA:0,(anonymous_2)
FNDA:0,(anonymous_3)
FNDA:0,(anonymous_4)
FNDA:0,(anonymous_5)
FNDA:0,(anonymous_6)
FNDA:0,(anonymous_7)
FNDA:0,(anonymous_8)
FNDA:0,(anonymous_9)
FNDA:0,(anonymous_10)
FNDA:0,(anonymous_11)
FNDA:0,(anonymous_12)
FNDA:0,(anonymous_13)
FNDA:0,(anonymous_14)
FNDA:0,(anonymous_15)
FNDA:0,(anonymous_16)
FNDA:0,(anonymous_17)
FNDA:0,(anonymous_18)
FNDA:0,(anonymous_19)
FNDA:0,(anonymous_20)
FNDA:0,createSupabaseMCPAdapter
DA:121,0
DA:122,0
DA:135,0
DA:136,0
DA:143,0
DA:144,0
DA:147,0
DA:158,0
DA:159,0
DA:162,0
DA:163,0
DA:164,0
DA:166,0
DA:169,0
DA:177,0
DA:178,0
DA:181,0
DA:192,0
DA:193,0
DA:200,0
DA:201,0
DA:204,0
DA:215,0
DA:216,0
DA:223,0
DA:224,0
DA:227,0
DA:228,0
DA:242,0
DA:243,0
DA:250,0
DA:257,0
DA:269,0
DA:276,0
DA:277,0
DA:278,0
DA:291,0
DA:292,0
DA:293,0
DA:294,0
DA:296,0
DA:308,0
DA:309,0
DA:316,0
DA:317,0
DA:320,0
DA:321,0
DA:322,0
DA:325,0
DA:331,0
DA:333,0
DA:334,0
DA:340,0
DA:342,0
DA:355,0
DA:356,0
DA:358,0
DA:359,0
DA:360,0
DA:363,0
DA:370,0
DA:371,0
DA:374,0
DA:384,0
DA:385,0
DA:388,0
DA:395,0
DA:396,0
DA:397,0
DA:399,0
DA:400,0
DA:403,0
DA:427,0
DA:430,0
DA:433,0
DA:436,0
DA:437,0
DA:438,0
DA:442,0
DA:443,0
DA:444,0
DA:445,0
DA:447,0
DA:448,0
DA:450,0
DA:451,0
DA:454,0
DA:475,0
DA:476,0
DA:477,0
DA:479,0
DA:480,0
DA:482,0
DA:483,0
DA:486,0
DA:508,0
LF:96
LH:0
BRDA:120,0,0,0
BRDA:123,1,0,0
BRDA:123,1,1,0
BRDA:124,2,0,0
BRDA:124,2,1,0
BRDA:125,3,0,0
BRDA:125,3,1,0
BRDA:126,4,0,0
BRDA:126,4,1,0
BRDA:143,5,0,0
BRDA:143,5,1,0
BRDA:163,6,0,0
BRDA:163,6,1,0
BRDA:163,7,0,0
BRDA:163,7,1,0
BRDA:177,8,0,0
BRDA:177,8,1,0
BRDA:200,9,0,0
BRDA:200,9,1,0
BRDA:223,10,0,0
BRDA:223,10,1,0
BRDA:227,11,0,0
BRDA:227,11,1,0
BRDA:270,12,0,0
BRDA:270,12,1,0
BRDA:291,13,0,0
BRDA:291,13,1,0
BRDA:308,14,0,0
BRDA:308,14,1,0
BRDA:316,15,0,0
BRDA:316,15,1,0
BRDA:321,16,0,0
BRDA:321,16,1,0
BRDA:331,17,0,0
BRDA:331,17,1,0
BRDA:331,18,0,0
BRDA:331,18,1,0
BRDA:346,19,0,0
BRDA:346,19,1,0
BRDA:369,20,0,0
BRDA:370,21,0,0
BRDA:370,21,1,0
BRDA:384,22,0,0
BRDA:384,22,1,0
BRDA:437,23,0,0
BRDA:437,23,1,0
BRDA:437,24,0,0
BRDA:437,24,1,0
BRDA:443,25,0,0
BRDA:443,25,1,0
BRDA:445,26,0,0
BRDA:445,26,1,0
BRDA:447,27,0,0
BRDA:447,27,1,0
BRDA:447,28,0,0
BRDA:447,28,1,0
BRDA:450,29,0,0
BRDA:450,29,1,0
BRDA:456,30,0,0
BRDA:456,30,1,0
BRDA:475,31,0,0
BRDA:475,31,1,0
BRDA:475,32,0,0
BRDA:475,32,1,0
BRDA:476,33,0,0
BRDA:476,33,1,0
BRDA:479,34,0,0
BRDA:479,34,1,0
BRDA:482,35,0,0
BRDA:482,35,1,0
BRF:70
BRH:0
end_of_record
TN:
SF:src\supabase\mcp.ts
FN:57,applyMigrationWithMCP
FN:128,applyAllMigrationsWithMCP
FN:161,validateDatabaseWithMCP
FN:188,detectDriftWithMCP
FN:208,getKernelMetadataQuery
FN:226,getConceptRegistryQuery
FN:244,getValueSetRegistryQuery
FN:263,getValueSetValuesQuery
FN:303,validateKernelWithMCP
FN:364,getKernelTableNames
FNF:10
FNH:0
FNDA:0,applyMigrationWithMCP
FNDA:0,applyAllMigrationsWithMCP
FNDA:0,validateDatabaseWithMCP
FNDA:0,detectDriftWithMCP
FNDA:0,getKernelMetadataQuery
FNDA:0,getConceptRegistryQuery
FNDA:0,getValueSetRegistryQuery
FNDA:0,getValueSetValuesQuery
FNDA:0,validateKernelWithMCP
FNDA:0,getKernelTableNames
DA:61,0
DA:63,0
DA:64,0
DA:65,0
DA:80,0
DA:86,0
DA:90,0
DA:96,0
DA:98,0
DA:131,0
DA:132,0
DA:134,0
DA:135,0
DA:136,0
DA:139,0
DA:164,0
DA:166,0
DA:191,0
DA:209,0
DA:227,0
DA:245,0
DA:264,0
DA:265,0
DA:318,0
DA:330,0
DA:331,0
DA:333,0
DA:335,0
DA:336,0
DA:337,0
DA:340,0
DA:341,0
DA:344,0
DA:365,0
LF:34
LH:0
BRDA:59,0,0,0
BRDA:61,1,0,0
BRDA:61,2,0,0
BRDA:61,3,0,0
BRDA:64,4,0,0
BRDA:64,4,1,0
BRDA:86,5,0,0
BRDA:86,5,1,0
BRDA:86,6,0,0
BRDA:86,6,1,0
BRDA:101,7,0,0
BRDA:101,7,1,0
BRDA:129,8,0,0
BRDA:264,9,0,0
BRDA:264,9,1,0
BRDA:304,10,0,0
BRDA:335,11,0,0
BRDA:335,11,1,0
BRDA:340,12,0,0
BRDA:340,12,1,0
BRF:20
BRH:0
end_of_record
TN:
SF:src\supabase\sync.ts
FN:42,loadKernelSnapshot
FN:68,generateKernelMetadataMigration
FN:117,generateConceptsMigration
FN:122,(anonymous_3)
FN:155,(anonymous_4)
FN:168,generateValueSetsMigration
FN:173,(anonymous_6)
FN:206,(anonymous_7)
FN:219,generateValuesMigration
FN:224,(anonymous_9)
FN:258,(anonymous_10)
FN:271,generateCompleteMigration
FNF:12
FNH:0
FNDA:0,loadKernelSnapshot
FNDA:0,generateKernelMetadataMigration
FNDA:0,generateConceptsMigration
FNDA:0,(anonymous_3)
FNDA:0,(anonymous_4)
FNDA:0,generateValueSetsMigration
FNDA:0,(anonymous_6)
FNDA:0,(anonymous_7)
FNDA:0,generateValuesMigration
FNDA:0,(anonymous_9)
FNDA:0,(anonymous_10)
FNDA:0,generateCompleteMigration
DA:43,0
DA:44,0
DA:45,0
DA:69,0
DA:71,0
DA:107,0
DA:118,0
DA:120,0
DA:123,0
DA:127,0
DA:155,0
DA:158,0
DA:169,0
DA:171,0
DA:174,0
DA:178,0
DA:206,0
DA:209,0
DA:220,0
DA:222,0
DA:225,0
DA:229,0
DA:258,0
DA:261,0
DA:272,0
LF:25
LH:0
BRF:0
BRH:0
end_of_record
TN:
SF:src\supabase\validation.ts
FN:43,loadKernelSnapshot
FN:101,validateDatabaseMetadata
FN:173,validateEnumValues
FN:182,(anonymous_3)
FN:198,(anonymous_4)
FN:199,(anonymous_5)
FN:202,(anonymous_6)
FN:210,(anonymous_7)
FN:234,validateConceptRegistry
FN:241,(anonymous_9)
FN:251,(anonymous_10)
FN:257,(anonymous_11)
FN:289,validateDatabaseState
FNF:13
FNH:0
FNDA:0,loadKernelSnapshot
FNDA:0,validateDatabaseMetadata
FNDA:0,validateEnumValues
FNDA:0,(anonymous_3)
FNDA:0,(anonymous_4)
FNDA:0,(anonymous_5)
FNDA:0,(anonymous_6)
FNDA:0,(anonymous_7)
FNDA:0,validateConceptRegistry
FNDA:0,(anonymous_9)
FNDA:0,(anonymous_10)
FNDA:0,(anonymous_11)
FNDA:0,validateDatabaseState
DA:44,0
DA:45,0
DA:46,0
DA:47,0
DA:49,0
DA:104,0
DA:105,0
DA:106,0
DA:109,0
DA:110,0
DA:111,0
DA:123,0
DA:124,0
DA:130,0
DA:131,0
DA:137,0
DA:138,0
DA:141,0
DA:177,0
DA:178,0
DA:179,0
DA:182,0
DA:183,0
DA:184,0
DA:185,0
DA:197,0
DA:198,0
DA:199,0
DA:202,0
DA:203,0
DA:204,0
DA:210,0
DA:211,0
DA:212,0
DA:217,0
DA:237,0
DA:238,0
DA:239,0
DA:241,0
DA:244,0
DA:245,0
DA:251,0
DA:252,0
DA:253,0
DA:257,0
DA:258,0
DA:259,0
DA:264,0
DA:292,0
DA:293,0
DA:296,0
DA:297,0
DA:298,0
DA:299,0
DA:303,0
DA:304,0
DA:305,0
DA:306,0
DA:310,0
DA:311,0
DA:312,0
DA:313,0
DA:314,0
DA:318,0
LF:64
LH:0
BRDA:109,0,0,0
BRDA:109,0,1,0
BRDA:123,1,0,0
BRDA:123,1,1,0
BRDA:130,2,0,0
BRDA:130,2,1,0
BRDA:137,3,0,0
BRDA:137,3,1,0
BRDA:183,4,0,0
BRDA:183,4,1,0
BRDA:203,5,0,0
BRDA:203,5,1,0
BRDA:211,6,0,0
BRDA:211,6,1,0
BRDA:244,7,0,0
BRDA:244,7,1,0
BRDA:252,8,0,0
BRDA:252,8,1,0
BRDA:258,9,0,0
BRDA:258,9,1,0
BRDA:296,10,0,0
BRDA:296,10,1,0
BRDA:303,11,0,0
BRDA:303,11,1,0
BRDA:310,12,0,0
BRDA:310,12,1,0
BRF:26
BRH:0
end_of_record
